ERROR - 2023-07-19 01:57:04 --> mysqli_sql_exception: Unknown column 'created_at' in 'field list' in C:\xampp\htdocs\MS\system\Database\MySQLi\Connection.php:314
Stack trace:
#0 C:\xampp\htdocs\MS\system\Database\MySQLi\Connection.php(314): mysqli->query('INSERT INTO `me...')
#1 C:\xampp\htdocs\MS\system\Database\BaseConnection.php(715): CodeIgniter\Database\MySQLi\Connection->execute('INSERT INTO `me...')
#2 C:\xampp\htdocs\MS\system\Database\BaseConnection.php(643): CodeIgniter\Database\BaseConnection->simpleQuery('INSERT INTO `me...')
#3 C:\xampp\htdocs\MS\system\Database\BaseBuilder.php(2265): CodeIgniter\Database\BaseConnection->query('INSERT INTO `me...', Array, false)
#4 C:\xampp\htdocs\MS\system\Model.php(278): CodeIgniter\Database\BaseBuilder->insert()
#5 C:\xampp\htdocs\MS\system\BaseModel.php(751): CodeIgniter\Model->doInsert(Array)
#6 C:\xampp\htdocs\MS\system\Model.php(705): CodeIgniter\BaseModel->insert(Array, false)
#7 C:\xampp\htdocs\MS\system\BaseModel.php(667): CodeIgniter\Model->insert(Array, false)
#8 C:\xampp\htdocs\MS\app\Controllers\Deskapp\Register.php(49): CodeIgniter\BaseModel->save(Array)
#9 C:\xampp\htdocs\MS\system\CodeIgniter.php(935): App\Controllers\Deskapp\Register->save()
#10 C:\xampp\htdocs\MS\system\CodeIgniter.php(431): CodeIgniter\CodeIgniter->runController(Object(App\Controllers\Deskapp\Register))
#11 C:\xampp\htdocs\MS\system\CodeIgniter.php(332): CodeIgniter\CodeIgniter->handleRequest(NULL, Object(Config\Cache), false)
#12 C:\xampp\htdocs\MS\index.php(44): CodeIgniter\CodeIgniter->run()
#13 {main}
ERROR - 2023-07-19 02:03:25 --> mysqli_sql_exception: Unknown column 'created_at' in 'field list' in C:\xampp\htdocs\MS\system\Database\MySQLi\Connection.php:314
Stack trace:
#0 C:\xampp\htdocs\MS\system\Database\MySQLi\Connection.php(314): mysqli->query('INSERT INTO `me...')
#1 C:\xampp\htdocs\MS\system\Database\BaseConnection.php(715): CodeIgniter\Database\MySQLi\Connection->execute('INSERT INTO `me...')
#2 C:\xampp\htdocs\MS\system\Database\BaseConnection.php(643): CodeIgniter\Database\BaseConnection->simpleQuery('INSERT INTO `me...')
#3 C:\xampp\htdocs\MS\system\Database\BaseBuilder.php(2265): CodeIgniter\Database\BaseConnection->query('INSERT INTO `me...', Array, false)
#4 C:\xampp\htdocs\MS\system\Model.php(278): CodeIgniter\Database\BaseBuilder->insert()
#5 C:\xampp\htdocs\MS\system\BaseModel.php(751): CodeIgniter\Model->doInsert(Array)
#6 C:\xampp\htdocs\MS\system\Model.php(705): CodeIgniter\BaseModel->insert(Array, false)
#7 C:\xampp\htdocs\MS\system\BaseModel.php(667): CodeIgniter\Model->insert(Array, false)
#8 C:\xampp\htdocs\MS\app\Controllers\Deskapp\Register.php(49): CodeIgniter\BaseModel->save(Array)
#9 C:\xampp\htdocs\MS\system\CodeIgniter.php(935): App\Controllers\Deskapp\Register->save()
#10 C:\xampp\htdocs\MS\system\CodeIgniter.php(431): CodeIgniter\CodeIgniter->runController(Object(App\Controllers\Deskapp\Register))
#11 C:\xampp\htdocs\MS\system\CodeIgniter.php(332): CodeIgniter\CodeIgniter->handleRequest(NULL, Object(Config\Cache), false)
#12 C:\xampp\htdocs\MS\index.php(44): CodeIgniter\CodeIgniter->run()
#13 {main}
ERROR - 2023-07-19 02:04:11 --> mysqli_sql_exception: Unknown column 'created_at' in 'field list' in C:\xampp\htdocs\MS\system\Database\MySQLi\Connection.php:314
Stack trace:
#0 C:\xampp\htdocs\MS\system\Database\MySQLi\Connection.php(314): mysqli->query('INSERT INTO `me...')
#1 C:\xampp\htdocs\MS\system\Database\BaseConnection.php(715): CodeIgniter\Database\MySQLi\Connection->execute('INSERT INTO `me...')
#2 C:\xampp\htdocs\MS\system\Database\BaseConnection.php(643): CodeIgniter\Database\BaseConnection->simpleQuery('INSERT INTO `me...')
#3 C:\xampp\htdocs\MS\system\Database\BaseBuilder.php(2265): CodeIgniter\Database\BaseConnection->query('INSERT INTO `me...', Array, false)
#4 C:\xampp\htdocs\MS\system\Model.php(278): CodeIgniter\Database\BaseBuilder->insert()
#5 C:\xampp\htdocs\MS\system\BaseModel.php(751): CodeIgniter\Model->doInsert(Array)
#6 C:\xampp\htdocs\MS\system\Model.php(705): CodeIgniter\BaseModel->insert(Array, false)
#7 C:\xampp\htdocs\MS\system\BaseModel.php(667): CodeIgniter\Model->insert(Array, false)
#8 C:\xampp\htdocs\MS\app\Controllers\Deskapp\Register.php(49): CodeIgniter\BaseModel->save(Array)
#9 C:\xampp\htdocs\MS\system\CodeIgniter.php(935): App\Controllers\Deskapp\Register->save()
#10 C:\xampp\htdocs\MS\system\CodeIgniter.php(431): CodeIgniter\CodeIgniter->runController(Object(App\Controllers\Deskapp\Register))
#11 C:\xampp\htdocs\MS\system\CodeIgniter.php(332): CodeIgniter\CodeIgniter->handleRequest(NULL, Object(Config\Cache), false)
#12 C:\xampp\htdocs\MS\index.php(44): CodeIgniter\CodeIgniter->run()
#13 {main}
CRITICAL - 2023-07-19 02:05:49 --> Undefined array key "Password"
#0 C:\xampp\htdocs\MS\app\Controllers\Deskapp\Login.php(31): CodeIgniter\Debug\Exceptions->errorHandler(2, 'Undefined array...', 'C:\\xampp\\htdocs...', 31)
#1 C:\xampp\htdocs\MS\system\CodeIgniter.php(935): App\Controllers\Deskapp\Login->auth()
#2 C:\xampp\htdocs\MS\system\CodeIgniter.php(431): CodeIgniter\CodeIgniter->runController(Object(App\Controllers\Deskapp\Login))
#3 C:\xampp\htdocs\MS\system\CodeIgniter.php(332): CodeIgniter\CodeIgniter->handleRequest(NULL, Object(Config\Cache), false)
#4 C:\xampp\htdocs\MS\index.php(44): CodeIgniter\CodeIgniter->run()
#5 {main}
CRITICAL - 2023-07-19 02:09:53 --> Undefined array key "Password"
#0 C:\xampp\htdocs\MS\app\Controllers\Deskapp\Login.php(31): CodeIgniter\Debug\Exceptions->errorHandler(2, 'Undefined array...', 'C:\\xampp\\htdocs...', 31)
#1 C:\xampp\htdocs\MS\system\CodeIgniter.php(935): App\Controllers\Deskapp\Login->auth()
#2 C:\xampp\htdocs\MS\system\CodeIgniter.php(431): CodeIgniter\CodeIgniter->runController(Object(App\Controllers\Deskapp\Login))
#3 C:\xampp\htdocs\MS\system\CodeIgniter.php(332): CodeIgniter\CodeIgniter->handleRequest(NULL, Object(Config\Cache), false)
#4 C:\xampp\htdocs\MS\index.php(44): CodeIgniter\CodeIgniter->run()
#5 {main}
CRITICAL - 2023-07-19 02:10:55 --> Undefined array key "Password"
#0 C:\xampp\htdocs\MS\app\Controllers\Deskapp\Login.php(31): CodeIgniter\Debug\Exceptions->errorHandler(2, 'Undefined array...', 'C:\\xampp\\htdocs...', 31)
#1 C:\xampp\htdocs\MS\system\CodeIgniter.php(935): App\Controllers\Deskapp\Login->auth()
#2 C:\xampp\htdocs\MS\system\CodeIgniter.php(431): CodeIgniter\CodeIgniter->runController(Object(App\Controllers\Deskapp\Login))
#3 C:\xampp\htdocs\MS\system\CodeIgniter.php(332): CodeIgniter\CodeIgniter->handleRequest(NULL, Object(Config\Cache), false)
#4 C:\xampp\htdocs\MS\index.php(44): CodeIgniter\CodeIgniter->run()
#5 {main}
CRITICAL - 2023-07-19 02:22:35 --> Undefined array key "Password"
#0 C:\xampp\htdocs\MS\app\Controllers\Deskapp\Login.php(31): CodeIgniter\Debug\Exceptions->errorHandler(2, 'Undefined array...', 'C:\\xampp\\htdocs...', 31)
#1 C:\xampp\htdocs\MS\system\CodeIgniter.php(935): App\Controllers\Deskapp\Login->auth()
#2 C:\xampp\htdocs\MS\system\CodeIgniter.php(431): CodeIgniter\CodeIgniter->runController(Object(App\Controllers\Deskapp\Login))
#3 C:\xampp\htdocs\MS\system\CodeIgniter.php(332): CodeIgniter\CodeIgniter->handleRequest(NULL, Object(Config\Cache), false)
#4 C:\xampp\htdocs\MS\index.php(44): CodeIgniter\CodeIgniter->run()
#5 {main}
CRITICAL - 2023-07-19 02:23:02 --> Undefined array key "Password"
#0 C:\xampp\htdocs\MS\app\Controllers\Deskapp\Login.php(31): CodeIgniter\Debug\Exceptions->errorHandler(2, 'Undefined array...', 'C:\\xampp\\htdocs...', 31)
#1 C:\xampp\htdocs\MS\system\CodeIgniter.php(935): App\Controllers\Deskapp\Login->auth()
#2 C:\xampp\htdocs\MS\system\CodeIgniter.php(431): CodeIgniter\CodeIgniter->runController(Object(App\Controllers\Deskapp\Login))
#3 C:\xampp\htdocs\MS\system\CodeIgniter.php(332): CodeIgniter\CodeIgniter->handleRequest(NULL, Object(Config\Cache), false)
#4 C:\xampp\htdocs\MS\index.php(44): CodeIgniter\CodeIgniter->run()
#5 {main}
CRITICAL - 2023-07-19 02:23:10 --> Undefined array key "Password"
#0 C:\xampp\htdocs\MS\app\Controllers\Deskapp\Login.php(31): CodeIgniter\Debug\Exceptions->errorHandler(2, 'Undefined array...', 'C:\\xampp\\htdocs...', 31)
#1 C:\xampp\htdocs\MS\system\CodeIgniter.php(935): App\Controllers\Deskapp\Login->auth()
#2 C:\xampp\htdocs\MS\system\CodeIgniter.php(431): CodeIgniter\CodeIgniter->runController(Object(App\Controllers\Deskapp\Login))
#3 C:\xampp\htdocs\MS\system\CodeIgniter.php(332): CodeIgniter\CodeIgniter->handleRequest(NULL, Object(Config\Cache), false)
#4 C:\xampp\htdocs\MS\index.php(44): CodeIgniter\CodeIgniter->run()
#5 {main}
ERROR - 2023-07-19 02:53:47 --> mysqli_sql_exception: Table 'pro-manger.user' doesn't exist in C:\xampp\htdocs\MS\system\Database\MySQLi\Connection.php:314
Stack trace:
#0 C:\xampp\htdocs\MS\system\Database\MySQLi\Connection.php(314): mysqli->query('SELECT 1\nFROM `...')
#1 C:\xampp\htdocs\MS\system\Database\BaseConnection.php(715): CodeIgniter\Database\MySQLi\Connection->execute('SELECT 1\nFROM `...')
#2 C:\xampp\htdocs\MS\system\Database\BaseConnection.php(643): CodeIgniter\Database\BaseConnection->simpleQuery('SELECT 1\nFROM `...')
#3 C:\xampp\htdocs\MS\system\Database\BaseBuilder.php(1866): CodeIgniter\Database\BaseConnection->query('SELECT 1\nFROM `...', Array, false)
#4 C:\xampp\htdocs\MS\system\Validation\Rules.php(212): CodeIgniter\Database\BaseBuilder->get()
#5 C:\xampp\htdocs\MS\system\Validation\Validation.php(305): CodeIgniter\Validation\Rules->is_unique('sm12@hotmail.co...', 'Email', Array, NULL)
#6 C:\xampp\htdocs\MS\system\Validation\Validation.php(164): CodeIgniter\Validation\Validation->processRules('Email', 'Email', 'sm12@hotmail.co...', Array, Array)
#7 C:\xampp\htdocs\MS\system\Controller.php(181): CodeIgniter\Validation\Validation->run()
#8 C:\xampp\htdocs\MS\app\Controllers\Deskapp\Register.php(33): CodeIgniter\Controller->validate(Array)
#9 C:\xampp\htdocs\MS\system\CodeIgniter.php(935): App\Controllers\Deskapp\Register->save()
#10 C:\xampp\htdocs\MS\system\CodeIgniter.php(431): CodeIgniter\CodeIgniter->runController(Object(App\Controllers\Deskapp\Register))
#11 C:\xampp\htdocs\MS\system\CodeIgniter.php(332): CodeIgniter\CodeIgniter->handleRequest(NULL, Object(Config\Cache), false)
#12 C:\xampp\htdocs\MS\index.php(44): CodeIgniter\CodeIgniter->run()
#13 {main}
ERROR - 2023-07-19 02:53:47 --> mysqli_sql_exception: Table 'pro-manger.user' doesn't exist in C:\xampp\htdocs\MS\system\Database\MySQLi\Connection.php:314
Stack trace:
#0 C:\xampp\htdocs\MS\system\Database\MySQLi\Connection.php(314): mysqli->query('INSERT INTO `me...')
#1 C:\xampp\htdocs\MS\system\Database\BaseConnection.php(715): CodeIgniter\Database\MySQLi\Connection->execute('INSERT INTO `me...')
#2 C:\xampp\htdocs\MS\system\Database\BaseConnection.php(643): CodeIgniter\Database\BaseConnection->simpleQuery('INSERT INTO `me...')
#3 C:\xampp\htdocs\MS\system\Database\BaseBuilder.php(2265): CodeIgniter\Database\BaseConnection->query('INSERT INTO `me...', Array, false)
#4 C:\xampp\htdocs\MS\system\Model.php(278): CodeIgniter\Database\BaseBuilder->insert()
#5 C:\xampp\htdocs\MS\system\BaseModel.php(751): CodeIgniter\Model->doInsert(Array)
#6 C:\xampp\htdocs\MS\system\Model.php(705): CodeIgniter\BaseModel->insert(Array, false)
#7 C:\xampp\htdocs\MS\system\BaseModel.php(667): CodeIgniter\Model->insert(Array, false)
#8 C:\xampp\htdocs\MS\app\Controllers\Deskapp\Register.php(49): CodeIgniter\BaseModel->save(Array)
#9 C:\xampp\htdocs\MS\system\CodeIgniter.php(935): App\Controllers\Deskapp\Register->save()
#10 C:\xampp\htdocs\MS\system\CodeIgniter.php(431): CodeIgniter\CodeIgniter->runController(Object(App\Controllers\Deskapp\Register))
#11 C:\xampp\htdocs\MS\system\CodeIgniter.php(332): CodeIgniter\CodeIgniter->handleRequest(NULL, Object(Config\Cache), false)
#12 C:\xampp\htdocs\MS\index.php(44): CodeIgniter\CodeIgniter->run()
#13 {main}
CRITICAL - 2023-07-19 02:55:49 --> Class "App\Models\UserModel" not found
#0 C:\xampp\htdocs\MS\system\CodeIgniter.php(935): App\Controllers\Deskapp\Login->auth()
#1 C:\xampp\htdocs\MS\system\CodeIgniter.php(431): CodeIgniter\CodeIgniter->runController(Object(App\Controllers\Deskapp\Login))
#2 C:\xampp\htdocs\MS\system\CodeIgniter.php(332): CodeIgniter\CodeIgniter->handleRequest(NULL, Object(Config\Cache), false)
#3 C:\xampp\htdocs\MS\index.php(44): CodeIgniter\CodeIgniter->run()
#4 {main}
CRITICAL - 2023-07-19 02:58:03 --> Class "App\Models\UserModel" not found
#0 C:\xampp\htdocs\MS\system\CodeIgniter.php(935): App\Controllers\Deskapp\Login->auth()
#1 C:\xampp\htdocs\MS\system\CodeIgniter.php(431): CodeIgniter\CodeIgniter->runController(Object(App\Controllers\Deskapp\Login))
#2 C:\xampp\htdocs\MS\system\CodeIgniter.php(332): CodeIgniter\CodeIgniter->handleRequest(NULL, Object(Config\Cache), false)
#3 C:\xampp\htdocs\MS\index.php(44): CodeIgniter\CodeIgniter->run()
#4 {main}
CRITICAL - 2023-07-19 02:59:02 --> Class "App\Models\UserModel" not found
#0 C:\xampp\htdocs\MS\system\CodeIgniter.php(935): App\Controllers\Deskapp\Register->save()
#1 C:\xampp\htdocs\MS\system\CodeIgniter.php(431): CodeIgniter\CodeIgniter->runController(Object(App\Controllers\Deskapp\Register))
#2 C:\xampp\htdocs\MS\system\CodeIgniter.php(332): CodeIgniter\CodeIgniter->handleRequest(NULL, Object(Config\Cache), false)
#3 C:\xampp\htdocs\MS\index.php(44): CodeIgniter\CodeIgniter->run()
#4 {main}
CRITICAL - 2023-07-19 03:00:45 --> Undefined array key "Password"
#0 C:\xampp\htdocs\MS\app\Controllers\Deskapp\Login.php(31): CodeIgniter\Debug\Exceptions->errorHandler(2, 'Undefined array...', 'C:\\xampp\\htdocs...', 31)
#1 C:\xampp\htdocs\MS\system\CodeIgniter.php(935): App\Controllers\Deskapp\Login->auth()
#2 C:\xampp\htdocs\MS\system\CodeIgniter.php(431): CodeIgniter\CodeIgniter->runController(Object(App\Controllers\Deskapp\Login))
#3 C:\xampp\htdocs\MS\system\CodeIgniter.php(332): CodeIgniter\CodeIgniter->handleRequest(NULL, Object(Config\Cache), false)
#4 C:\xampp\htdocs\MS\index.php(44): CodeIgniter\CodeIgniter->run()
#5 {main}
CRITICAL - 2023-07-19 03:01:31 --> Undefined array key "Password"
#0 C:\xampp\htdocs\MS\app\Controllers\Deskapp\Login.php(31): CodeIgniter\Debug\Exceptions->errorHandler(2, 'Undefined array...', 'C:\\xampp\\htdocs...', 31)
#1 C:\xampp\htdocs\MS\system\CodeIgniter.php(935): App\Controllers\Deskapp\Login->auth()
#2 C:\xampp\htdocs\MS\system\CodeIgniter.php(431): CodeIgniter\CodeIgniter->runController(Object(App\Controllers\Deskapp\Login))
#3 C:\xampp\htdocs\MS\system\CodeIgniter.php(332): CodeIgniter\CodeIgniter->handleRequest(NULL, Object(Config\Cache), false)
#4 C:\xampp\htdocs\MS\index.php(44): CodeIgniter\CodeIgniter->run()
#5 {main}
CRITICAL - 2023-07-19 03:01:38 --> Undefined array key "Password"
#0 C:\xampp\htdocs\MS\app\Controllers\Deskapp\Login.php(31): CodeIgniter\Debug\Exceptions->errorHandler(2, 'Undefined array...', 'C:\\xampp\\htdocs...', 31)
#1 C:\xampp\htdocs\MS\system\CodeIgniter.php(935): App\Controllers\Deskapp\Login->auth()
#2 C:\xampp\htdocs\MS\system\CodeIgniter.php(431): CodeIgniter\CodeIgniter->runController(Object(App\Controllers\Deskapp\Login))
#3 C:\xampp\htdocs\MS\system\CodeIgniter.php(332): CodeIgniter\CodeIgniter->handleRequest(NULL, Object(Config\Cache), false)
#4 C:\xampp\htdocs\MS\index.php(44): CodeIgniter\CodeIgniter->run()
#5 {main}
CRITICAL - 2023-07-19 07:00:23 --> Class "App\Controllers\Deskapp\maneger" not found
#0 C:\xampp\htdocs\MS\system\CodeIgniter.php(935): App\Controllers\Deskapp\Register->save()
#1 C:\xampp\htdocs\MS\system\CodeIgniter.php(431): CodeIgniter\CodeIgniter->runController(Object(App\Controllers\Deskapp\Register))
#2 C:\xampp\htdocs\MS\system\CodeIgniter.php(332): CodeIgniter\CodeIgniter->handleRequest(NULL, Object(Config\Cache), false)
#3 C:\xampp\htdocs\MS\index.php(44): CodeIgniter\CodeIgniter->run()
#4 {main}
CRITICAL - 2023-07-19 07:03:04 --> Class "App\Controllers\maneger" not found
#0 C:\xampp\htdocs\MS\system\CodeIgniter.php(935): App\Controllers\Deskapp\Register->save()
#1 C:\xampp\htdocs\MS\system\CodeIgniter.php(431): CodeIgniter\CodeIgniter->runController(Object(App\Controllers\Deskapp\Register))
#2 C:\xampp\htdocs\MS\system\CodeIgniter.php(332): CodeIgniter\CodeIgniter->handleRequest(NULL, Object(Config\Cache), false)
#3 C:\xampp\htdocs\MS\index.php(44): CodeIgniter\CodeIgniter->run()
#4 {main}
CRITICAL - 2023-07-19 07:05:58 --> Class "App\Controllers\maneger" not found
#0 C:\xampp\htdocs\MS\system\CodeIgniter.php(935): App\Controllers\Deskapp\Register->save()
#1 C:\xampp\htdocs\MS\system\CodeIgniter.php(431): CodeIgniter\CodeIgniter->runController(Object(App\Controllers\Deskapp\Register))
#2 C:\xampp\htdocs\MS\system\CodeIgniter.php(332): CodeIgniter\CodeIgniter->handleRequest(NULL, Object(Config\Cache), false)
#3 C:\xampp\htdocs\MS\index.php(44): CodeIgniter\CodeIgniter->run()
#4 {main}
ERROR - 2023-07-19 07:12:37 --> mysqli_sql_exception: Duplicate entry '0' for key 'PRIMARY' in C:\xampp\htdocs\MS\system\Database\MySQLi\Connection.php:314
Stack trace:
#0 C:\xampp\htdocs\MS\system\Database\MySQLi\Connection.php(314): mysqli->query('INSERT INTO `sy...')
#1 C:\xampp\htdocs\MS\system\Database\BaseConnection.php(715): CodeIgniter\Database\MySQLi\Connection->execute('INSERT INTO `sy...')
#2 C:\xampp\htdocs\MS\system\Database\BaseConnection.php(643): CodeIgniter\Database\BaseConnection->simpleQuery('INSERT INTO `sy...')
#3 C:\xampp\htdocs\MS\system\Database\BaseBuilder.php(2107): CodeIgniter\Database\BaseConnection->query('INSERT INTO `sy...', Array, false)
#4 C:\xampp\htdocs\MS\system\Model.php(323): CodeIgniter\Database\BaseBuilder->insertBatch(Array, NULL, 100)
#5 C:\xampp\htdocs\MS\system\BaseModel.php(836): CodeIgniter\Model->doInsertBatch(Array, NULL, 100, false)
#6 C:\xampp\htdocs\MS\app\Controllers\system.php(31): CodeIgniter\BaseModel->insertBatch(Array)
#7 C:\xampp\htdocs\MS\app\Controllers\Deskapp\Register.php(57): App\Controllers\system->yourMethod()
#8 C:\xampp\htdocs\MS\system\CodeIgniter.php(935): App\Controllers\Deskapp\Register->save()
#9 C:\xampp\htdocs\MS\system\CodeIgniter.php(431): CodeIgniter\CodeIgniter->runController(Object(App\Controllers\Deskapp\Register))
#10 C:\xampp\htdocs\MS\system\CodeIgniter.php(332): CodeIgniter\CodeIgniter->handleRequest(NULL, Object(Config\Cache), false)
#11 C:\xampp\htdocs\MS\index.php(44): CodeIgniter\CodeIgniter->run()
#12 {main}
CRITICAL - 2023-07-19 07:18:31 --> Class "App\Controllers\Deskapp\SystemManagerModel" not found
#0 C:\xampp\htdocs\MS\system\CodeIgniter.php(935): App\Controllers\Deskapp\Register->save()
#1 C:\xampp\htdocs\MS\system\CodeIgniter.php(431): CodeIgniter\CodeIgniter->runController(Object(App\Controllers\Deskapp\Register))
#2 C:\xampp\htdocs\MS\system\CodeIgniter.php(332): CodeIgniter\CodeIgniter->handleRequest(NULL, Object(Config\Cache), false)
#3 C:\xampp\htdocs\MS\index.php(44): CodeIgniter\CodeIgniter->run()
#4 {main}
CRITICAL - 2023-07-19 07:20:33 --> Call to undefined method App\Models\SystemManagerModel::yourMethod
#0 C:\xampp\htdocs\MS\app\Controllers\Deskapp\Register.php(58): CodeIgniter\Model->__call('yourMethod', Array)
#1 C:\xampp\htdocs\MS\system\CodeIgniter.php(935): App\Controllers\Deskapp\Register->save()
#2 C:\xampp\htdocs\MS\system\CodeIgniter.php(431): CodeIgniter\CodeIgniter->runController(Object(App\Controllers\Deskapp\Register))
#3 C:\xampp\htdocs\MS\system\CodeIgniter.php(332): CodeIgniter\CodeIgniter->handleRequest(NULL, Object(Config\Cache), false)
#4 C:\xampp\htdocs\MS\index.php(44): CodeIgniter\CodeIgniter->run()
#5 {main}
ERROR - 2023-07-19 07:22:48 --> mysqli_sql_exception: Duplicate entry '0' for key 'PRIMARY' in C:\xampp\htdocs\MS\system\Database\MySQLi\Connection.php:314
Stack trace:
#0 C:\xampp\htdocs\MS\system\Database\MySQLi\Connection.php(314): mysqli->query('INSERT INTO `sy...')
#1 C:\xampp\htdocs\MS\system\Database\BaseConnection.php(715): CodeIgniter\Database\MySQLi\Connection->execute('INSERT INTO `sy...')
#2 C:\xampp\htdocs\MS\system\Database\BaseConnection.php(643): CodeIgniter\Database\BaseConnection->simpleQuery('INSERT INTO `sy...')
#3 C:\xampp\htdocs\MS\system\Database\BaseBuilder.php(2107): CodeIgniter\Database\BaseConnection->query('INSERT INTO `sy...', Array, false)
#4 C:\xampp\htdocs\MS\system\Model.php(323): CodeIgniter\Database\BaseBuilder->insertBatch(Array, NULL, 100)
#5 C:\xampp\htdocs\MS\system\BaseModel.php(836): CodeIgniter\Model->doInsertBatch(Array, NULL, 100, false)
#6 C:\xampp\htdocs\MS\app\Controllers\system.php(31): CodeIgniter\BaseModel->insertBatch(Array)
#7 C:\xampp\htdocs\MS\app\Controllers\Deskapp\Register.php(58): App\Controllers\system->yourMethod()
#8 C:\xampp\htdocs\MS\system\CodeIgniter.php(935): App\Controllers\Deskapp\Register->save()
#9 C:\xampp\htdocs\MS\system\CodeIgniter.php(431): CodeIgniter\CodeIgniter->runController(Object(App\Controllers\Deskapp\Register))
#10 C:\xampp\htdocs\MS\system\CodeIgniter.php(332): CodeIgniter\CodeIgniter->handleRequest(NULL, Object(Config\Cache), false)
#11 C:\xampp\htdocs\MS\index.php(44): CodeIgniter\CodeIgniter->run()
#12 {main}
CRITICAL - 2023-07-19 07:22:48 --> Call to undefined method App\Controllers\system::save()
#0 C:\xampp\htdocs\MS\system\CodeIgniter.php(935): App\Controllers\Deskapp\Register->save()
#1 C:\xampp\htdocs\MS\system\CodeIgniter.php(431): CodeIgniter\CodeIgniter->runController(Object(App\Controllers\Deskapp\Register))
#2 C:\xampp\htdocs\MS\system\CodeIgniter.php(332): CodeIgniter\CodeIgniter->handleRequest(NULL, Object(Config\Cache), false)
#3 C:\xampp\htdocs\MS\index.php(44): CodeIgniter\CodeIgniter->run()
#4 {main}
ERROR - 2023-07-19 07:25:49 --> mysqli_sql_exception: Duplicate entry '0' for key 'PRIMARY' in C:\xampp\htdocs\MS\system\Database\MySQLi\Connection.php:314
Stack trace:
#0 C:\xampp\htdocs\MS\system\Database\MySQLi\Connection.php(314): mysqli->query('INSERT INTO `sy...')
#1 C:\xampp\htdocs\MS\system\Database\BaseConnection.php(715): CodeIgniter\Database\MySQLi\Connection->execute('INSERT INTO `sy...')
#2 C:\xampp\htdocs\MS\system\Database\BaseConnection.php(643): CodeIgniter\Database\BaseConnection->simpleQuery('INSERT INTO `sy...')
#3 C:\xampp\htdocs\MS\system\Database\BaseBuilder.php(2107): CodeIgniter\Database\BaseConnection->query('INSERT INTO `sy...', Array, false)
#4 C:\xampp\htdocs\MS\system\Model.php(323): CodeIgniter\Database\BaseBuilder->insertBatch(Array, NULL, 100)
#5 C:\xampp\htdocs\MS\system\BaseModel.php(836): CodeIgniter\Model->doInsertBatch(Array, NULL, 100, false)
#6 C:\xampp\htdocs\MS\app\Controllers\system.php(31): CodeIgniter\BaseModel->insertBatch(Array)
#7 C:\xampp\htdocs\MS\app\Controllers\Deskapp\Register.php(66): App\Controllers\system->yourMethod()
#8 C:\xampp\htdocs\MS\system\CodeIgniter.php(935): App\Controllers\Deskapp\Register->save()
#9 C:\xampp\htdocs\MS\system\CodeIgniter.php(431): CodeIgniter\CodeIgniter->runController(Object(App\Controllers\Deskapp\Register))
#10 C:\xampp\htdocs\MS\system\CodeIgniter.php(332): CodeIgniter\CodeIgniter->handleRequest(NULL, Object(Config\Cache), false)
#11 C:\xampp\htdocs\MS\index.php(44): CodeIgniter\CodeIgniter->run()
#12 {main}
CRITICAL - 2023-07-19 07:25:49 --> Call to undefined method App\Controllers\system::save()
#0 C:\xampp\htdocs\MS\system\CodeIgniter.php(935): App\Controllers\Deskapp\Register->save()
#1 C:\xampp\htdocs\MS\system\CodeIgniter.php(431): CodeIgniter\CodeIgniter->runController(Object(App\Controllers\Deskapp\Register))
#2 C:\xampp\htdocs\MS\system\CodeIgniter.php(332): CodeIgniter\CodeIgniter->handleRequest(NULL, Object(Config\Cache), false)
#3 C:\xampp\htdocs\MS\index.php(44): CodeIgniter\CodeIgniter->run()
#4 {main}
ERROR - 2023-07-19 07:34:38 --> mysqli_sql_exception: Duplicate entry '0' for key 'PRIMARY' in C:\xampp\htdocs\MS\system\Database\MySQLi\Connection.php:314
Stack trace:
#0 C:\xampp\htdocs\MS\system\Database\MySQLi\Connection.php(314): mysqli->query('INSERT INTO `sy...')
#1 C:\xampp\htdocs\MS\system\Database\BaseConnection.php(715): CodeIgniter\Database\MySQLi\Connection->execute('INSERT INTO `sy...')
#2 C:\xampp\htdocs\MS\system\Database\BaseConnection.php(643): CodeIgniter\Database\BaseConnection->simpleQuery('INSERT INTO `sy...')
#3 C:\xampp\htdocs\MS\system\Database\BaseBuilder.php(2265): CodeIgniter\Database\BaseConnection->query('INSERT INTO `sy...', Array, false)
#4 C:\xampp\htdocs\MS\system\Model.php(278): CodeIgniter\Database\BaseBuilder->insert()
#5 C:\xampp\htdocs\MS\system\BaseModel.php(751): CodeIgniter\Model->doInsert(Array)
#6 C:\xampp\htdocs\MS\system\Model.php(705): CodeIgniter\BaseModel->insert(Array, false)
#7 C:\xampp\htdocs\MS\system\BaseModel.php(667): CodeIgniter\Model->insert(Array, false)
#8 C:\xampp\htdocs\MS\app\Controllers\Deskapp\Register.php(66): CodeIgniter\BaseModel->save(Array)
#9 C:\xampp\htdocs\MS\system\CodeIgniter.php(935): App\Controllers\Deskapp\Register->save()
#10 C:\xampp\htdocs\MS\system\CodeIgniter.php(431): CodeIgniter\CodeIgniter->runController(Object(App\Controllers\Deskapp\Register))
#11 C:\xampp\htdocs\MS\system\CodeIgniter.php(332): CodeIgniter\CodeIgniter->handleRequest(NULL, Object(Config\Cache), false)
#12 C:\xampp\htdocs\MS\index.php(44): CodeIgniter\CodeIgniter->run()
#13 {main}
ERROR - 2023-07-19 07:36:26 --> mysqli_sql_exception: Duplicate entry '0' for key 'PRIMARY' in C:\xampp\htdocs\MS\system\Database\MySQLi\Connection.php:314
Stack trace:
#0 C:\xampp\htdocs\MS\system\Database\MySQLi\Connection.php(314): mysqli->query('INSERT INTO `sy...')
#1 C:\xampp\htdocs\MS\system\Database\BaseConnection.php(715): CodeIgniter\Database\MySQLi\Connection->execute('INSERT INTO `sy...')
#2 C:\xampp\htdocs\MS\system\Database\BaseConnection.php(643): CodeIgniter\Database\BaseConnection->simpleQuery('INSERT INTO `sy...')
#3 C:\xampp\htdocs\MS\system\Database\BaseBuilder.php(2265): CodeIgniter\Database\BaseConnection->query('INSERT INTO `sy...', Array, false)
#4 C:\xampp\htdocs\MS\system\Model.php(278): CodeIgniter\Database\BaseBuilder->insert()
#5 C:\xampp\htdocs\MS\system\BaseModel.php(751): CodeIgniter\Model->doInsert(Array)
#6 C:\xampp\htdocs\MS\system\Model.php(705): CodeIgniter\BaseModel->insert(Array, false)
#7 C:\xampp\htdocs\MS\system\BaseModel.php(667): CodeIgniter\Model->insert(Array, false)
#8 C:\xampp\htdocs\MS\app\Controllers\Deskapp\Register.php(66): CodeIgniter\BaseModel->save(Array)
#9 C:\xampp\htdocs\MS\system\CodeIgniter.php(935): App\Controllers\Deskapp\Register->save()
#10 C:\xampp\htdocs\MS\system\CodeIgniter.php(431): CodeIgniter\CodeIgniter->runController(Object(App\Controllers\Deskapp\Register))
#11 C:\xampp\htdocs\MS\system\CodeIgniter.php(332): CodeIgniter\CodeIgniter->handleRequest(NULL, Object(Config\Cache), false)
#12 C:\xampp\htdocs\MS\index.php(44): CodeIgniter\CodeIgniter->run()
#13 {main}
ERROR - 2023-07-19 07:39:06 --> mysqli_sql_exception: Duplicate entry '0' for key 'PRIMARY' in C:\xampp\htdocs\MS\system\Database\MySQLi\Connection.php:314
Stack trace:
#0 C:\xampp\htdocs\MS\system\Database\MySQLi\Connection.php(314): mysqli->query('INSERT INTO `sy...')
#1 C:\xampp\htdocs\MS\system\Database\BaseConnection.php(715): CodeIgniter\Database\MySQLi\Connection->execute('INSERT INTO `sy...')
#2 C:\xampp\htdocs\MS\system\Database\BaseConnection.php(643): CodeIgniter\Database\BaseConnection->simpleQuery('INSERT INTO `sy...')
#3 C:\xampp\htdocs\MS\system\Database\BaseBuilder.php(2265): CodeIgniter\Database\BaseConnection->query('INSERT INTO `sy...', Array, false)
#4 C:\xampp\htdocs\MS\system\Model.php(278): CodeIgniter\Database\BaseBuilder->insert()
#5 C:\xampp\htdocs\MS\system\BaseModel.php(751): CodeIgniter\Model->doInsert(Array)
#6 C:\xampp\htdocs\MS\system\Model.php(705): CodeIgniter\BaseModel->insert(Array, false)
#7 C:\xampp\htdocs\MS\system\BaseModel.php(667): CodeIgniter\Model->insert(Array, false)
#8 C:\xampp\htdocs\MS\app\Controllers\Deskapp\Register.php(66): CodeIgniter\BaseModel->save(Array)
#9 C:\xampp\htdocs\MS\system\CodeIgniter.php(935): App\Controllers\Deskapp\Register->save()
#10 C:\xampp\htdocs\MS\system\CodeIgniter.php(431): CodeIgniter\CodeIgniter->runController(Object(App\Controllers\Deskapp\Register))
#11 C:\xampp\htdocs\MS\system\CodeIgniter.php(332): CodeIgniter\CodeIgniter->handleRequest(NULL, Object(Config\Cache), false)
#12 C:\xampp\htdocs\MS\index.php(44): CodeIgniter\CodeIgniter->run()
#13 {main}
ERROR - 2023-07-19 07:40:18 --> mysqli_sql_exception: Duplicate entry '0' for key 'PRIMARY' in C:\xampp\htdocs\MS\system\Database\MySQLi\Connection.php:314
Stack trace:
#0 C:\xampp\htdocs\MS\system\Database\MySQLi\Connection.php(314): mysqli->query('INSERT INTO `sy...')
#1 C:\xampp\htdocs\MS\system\Database\BaseConnection.php(715): CodeIgniter\Database\MySQLi\Connection->execute('INSERT INTO `sy...')
#2 C:\xampp\htdocs\MS\system\Database\BaseConnection.php(643): CodeIgniter\Database\BaseConnection->simpleQuery('INSERT INTO `sy...')
#3 C:\xampp\htdocs\MS\system\Database\BaseBuilder.php(2265): CodeIgniter\Database\BaseConnection->query('INSERT INTO `sy...', Array, false)
#4 C:\xampp\htdocs\MS\system\Model.php(278): CodeIgniter\Database\BaseBuilder->insert()
#5 C:\xampp\htdocs\MS\system\BaseModel.php(751): CodeIgniter\Model->doInsert(Array)
#6 C:\xampp\htdocs\MS\system\Model.php(705): CodeIgniter\BaseModel->insert(Array, false)
#7 C:\xampp\htdocs\MS\system\BaseModel.php(667): CodeIgniter\Model->insert(Array, false)
#8 C:\xampp\htdocs\MS\app\Controllers\Deskapp\Register.php(66): CodeIgniter\BaseModel->save(Array)
#9 C:\xampp\htdocs\MS\system\CodeIgniter.php(935): App\Controllers\Deskapp\Register->save()
#10 C:\xampp\htdocs\MS\system\CodeIgniter.php(431): CodeIgniter\CodeIgniter->runController(Object(App\Controllers\Deskapp\Register))
#11 C:\xampp\htdocs\MS\system\CodeIgniter.php(332): CodeIgniter\CodeIgniter->handleRequest(NULL, Object(Config\Cache), false)
#12 C:\xampp\htdocs\MS\index.php(44): CodeIgniter\CodeIgniter->run()
#13 {main}
ERROR - 2023-07-19 07:43:13 --> mysqli_sql_exception: Duplicate entry '0' for key 'PRIMARY' in C:\xampp\htdocs\MS\system\Database\MySQLi\Connection.php:314
Stack trace:
#0 C:\xampp\htdocs\MS\system\Database\MySQLi\Connection.php(314): mysqli->query('INSERT INTO `sy...')
#1 C:\xampp\htdocs\MS\system\Database\BaseConnection.php(715): CodeIgniter\Database\MySQLi\Connection->execute('INSERT INTO `sy...')
#2 C:\xampp\htdocs\MS\system\Database\BaseConnection.php(643): CodeIgniter\Database\BaseConnection->simpleQuery('INSERT INTO `sy...')
#3 C:\xampp\htdocs\MS\system\Database\BaseBuilder.php(2265): CodeIgniter\Database\BaseConnection->query('INSERT INTO `sy...', Array, false)
#4 C:\xampp\htdocs\MS\system\Model.php(278): CodeIgniter\Database\BaseBuilder->insert()
#5 C:\xampp\htdocs\MS\system\BaseModel.php(751): CodeIgniter\Model->doInsert(Array)
#6 C:\xampp\htdocs\MS\system\Model.php(705): CodeIgniter\BaseModel->insert(Array, false)
#7 C:\xampp\htdocs\MS\system\BaseModel.php(667): CodeIgniter\Model->insert(Array, false)
#8 C:\xampp\htdocs\MS\app\Controllers\Deskapp\Register.php(66): CodeIgniter\BaseModel->save(Array)
#9 C:\xampp\htdocs\MS\system\CodeIgniter.php(935): App\Controllers\Deskapp\Register->save()
#10 C:\xampp\htdocs\MS\system\CodeIgniter.php(431): CodeIgniter\CodeIgniter->runController(Object(App\Controllers\Deskapp\Register))
#11 C:\xampp\htdocs\MS\system\CodeIgniter.php(332): CodeIgniter\CodeIgniter->handleRequest(NULL, Object(Config\Cache), false)
#12 C:\xampp\htdocs\MS\index.php(44): CodeIgniter\CodeIgniter->run()
#13 {main}
ERROR - 2023-07-19 07:45:05 --> mysqli_sql_exception: Duplicate entry '0' for key 'PRIMARY' in C:\xampp\htdocs\MS\system\Database\MySQLi\Connection.php:314
Stack trace:
#0 C:\xampp\htdocs\MS\system\Database\MySQLi\Connection.php(314): mysqli->query('INSERT INTO `sy...')
#1 C:\xampp\htdocs\MS\system\Database\BaseConnection.php(715): CodeIgniter\Database\MySQLi\Connection->execute('INSERT INTO `sy...')
#2 C:\xampp\htdocs\MS\system\Database\BaseConnection.php(643): CodeIgniter\Database\BaseConnection->simpleQuery('INSERT INTO `sy...')
#3 C:\xampp\htdocs\MS\system\Database\BaseBuilder.php(2265): CodeIgniter\Database\BaseConnection->query('INSERT INTO `sy...', Array, false)
#4 C:\xampp\htdocs\MS\system\Model.php(278): CodeIgniter\Database\BaseBuilder->insert()
#5 C:\xampp\htdocs\MS\system\BaseModel.php(751): CodeIgniter\Model->doInsert(Array)
#6 C:\xampp\htdocs\MS\system\Model.php(705): CodeIgniter\BaseModel->insert(Array, false)
#7 C:\xampp\htdocs\MS\system\BaseModel.php(667): CodeIgniter\Model->insert(Array, false)
#8 C:\xampp\htdocs\MS\app\Controllers\Deskapp\Register.php(66): CodeIgniter\BaseModel->save(Array)
#9 C:\xampp\htdocs\MS\system\CodeIgniter.php(935): App\Controllers\Deskapp\Register->save()
#10 C:\xampp\htdocs\MS\system\CodeIgniter.php(431): CodeIgniter\CodeIgniter->runController(Object(App\Controllers\Deskapp\Register))
#11 C:\xampp\htdocs\MS\system\CodeIgniter.php(332): CodeIgniter\CodeIgniter->handleRequest(NULL, Object(Config\Cache), false)
#12 C:\xampp\htdocs\MS\index.php(44): CodeIgniter\CodeIgniter->run()
#13 {main}
