CRITICAL - 2023-07-24 03:45:51 --> Call to undefined method App\Models\UserModel::get_user
#0 C:\xampp\htdocs\MS\app\Controllers\Deskapp\Ui.php(25): CodeIgniter\Model->__call('get_user', Array)
#1 C:\xampp\htdocs\MS\system\CodeIgniter.php(935): App\Controllers\Deskapp\Ui->buttons()
#2 C:\xampp\htdocs\MS\system\CodeIgniter.php(431): CodeIgniter\CodeIgniter->runController(Object(App\Controllers\Deskapp\Ui))
#3 C:\xampp\htdocs\MS\system\CodeIgniter.php(332): CodeIgniter\CodeIgniter->handleRequest(NULL, Object(Config\Cache), false)
#4 C:\xampp\htdocs\MS\index.php(44): CodeIgniter\CodeIgniter->run()
#5 {main}
CRITICAL - 2023-07-24 05:56:31 --> Call to undefined method App\Models\UserModel::get_user
#0 C:\xampp\htdocs\MS\app\Controllers\Deskapp\Ui.php(25): CodeIgniter\Model->__call('get_user', Array)
#1 C:\xampp\htdocs\MS\system\CodeIgniter.php(935): App\Controllers\Deskapp\Ui->buttons()
#2 C:\xampp\htdocs\MS\system\CodeIgniter.php(431): CodeIgniter\CodeIgniter->runController(Object(App\Controllers\Deskapp\Ui))
#3 C:\xampp\htdocs\MS\system\CodeIgniter.php(332): CodeIgniter\CodeIgniter->handleRequest(NULL, Object(Config\Cache), false)
#4 C:\xampp\htdocs\MS\index.php(44): CodeIgniter\CodeIgniter->run()
#5 {main}
CRITICAL - 2023-07-24 06:16:05 --> Call to undefined method App\Models\UserModel::get_user
#0 C:\xampp\htdocs\MS\app\Controllers\Deskapp\Ui.php(25): CodeIgniter\Model->__call('get_user', Array)
#1 C:\xampp\htdocs\MS\system\CodeIgniter.php(935): App\Controllers\Deskapp\Ui->buttons()
#2 C:\xampp\htdocs\MS\system\CodeIgniter.php(431): CodeIgniter\CodeIgniter->runController(Object(App\Controllers\Deskapp\Ui))
#3 C:\xampp\htdocs\MS\system\CodeIgniter.php(332): CodeIgniter\CodeIgniter->handleRequest(NULL, Object(Config\Cache), false)
#4 C:\xampp\htdocs\MS\index.php(44): CodeIgniter\CodeIgniter->run()
#5 {main}
CRITICAL - 2023-07-24 06:18:52 --> Call to undefined method App\Models\UserModel::get_user
#0 C:\xampp\htdocs\MS\app\Controllers\Deskapp\Ui.php(25): CodeIgniter\Model->__call('get_user', Array)
#1 C:\xampp\htdocs\MS\system\CodeIgniter.php(935): App\Controllers\Deskapp\Ui->buttons()
#2 C:\xampp\htdocs\MS\system\CodeIgniter.php(431): CodeIgniter\CodeIgniter->runController(Object(App\Controllers\Deskapp\Ui))
#3 C:\xampp\htdocs\MS\system\CodeIgniter.php(332): CodeIgniter\CodeIgniter->handleRequest(NULL, Object(Config\Cache), false)
#4 C:\xampp\htdocs\MS\index.php(44): CodeIgniter\CodeIgniter->run()
#5 {main}
CRITICAL - 2023-07-24 06:19:13 --> Call to undefined method App\Models\UserModel::get_user
#0 C:\xampp\htdocs\MS\app\Controllers\Deskapp\Ui.php(25): CodeIgniter\Model->__call('get_user', Array)
#1 C:\xampp\htdocs\MS\system\CodeIgniter.php(935): App\Controllers\Deskapp\Ui->buttons()
#2 C:\xampp\htdocs\MS\system\CodeIgniter.php(431): CodeIgniter\CodeIgniter->runController(Object(App\Controllers\Deskapp\Ui))
#3 C:\xampp\htdocs\MS\system\CodeIgniter.php(332): CodeIgniter\CodeIgniter->handleRequest(NULL, Object(Config\Cache), false)
#4 C:\xampp\htdocs\MS\index.php(44): CodeIgniter\CodeIgniter->run()
#5 {main}
CRITICAL - 2023-07-24 06:28:01 --> Call to undefined method App\Models\UserModel::get_user
#0 C:\xampp\htdocs\MS\app\Controllers\Deskapp\Ui.php(25): CodeIgniter\Model->__call('get_user', Array)
#1 C:\xampp\htdocs\MS\system\CodeIgniter.php(935): App\Controllers\Deskapp\Ui->buttons()
#2 C:\xampp\htdocs\MS\system\CodeIgniter.php(431): CodeIgniter\CodeIgniter->runController(Object(App\Controllers\Deskapp\Ui))
#3 C:\xampp\htdocs\MS\system\CodeIgniter.php(332): CodeIgniter\CodeIgniter->handleRequest(NULL, Object(Config\Cache), false)
#4 C:\xampp\htdocs\MS\index.php(44): CodeIgniter\CodeIgniter->run()
#5 {main}
CRITICAL - 2023-07-24 06:36:01 --> Call to undefined method App\Models\UserModel::get_user
#0 C:\xampp\htdocs\MS\app\Controllers\Deskapp\Ui.php(25): CodeIgniter\Model->__call('get_user', Array)
#1 C:\xampp\htdocs\MS\system\CodeIgniter.php(935): App\Controllers\Deskapp\Ui->buttons()
#2 C:\xampp\htdocs\MS\system\CodeIgniter.php(431): CodeIgniter\CodeIgniter->runController(Object(App\Controllers\Deskapp\Ui))
#3 C:\xampp\htdocs\MS\system\CodeIgniter.php(332): CodeIgniter\CodeIgniter->handleRequest(NULL, Object(Config\Cache), false)
#4 C:\xampp\htdocs\MS\index.php(44): CodeIgniter\CodeIgniter->run()
#5 {main}
CRITICAL - 2023-07-24 06:40:43 --> Call to undefined method App\Models\UserModel::get_user
#0 C:\xampp\htdocs\MS\app\Controllers\Deskapp\Ui.php(25): CodeIgniter\Model->__call('get_user', Array)
#1 C:\xampp\htdocs\MS\system\CodeIgniter.php(935): App\Controllers\Deskapp\Ui->buttons()
#2 C:\xampp\htdocs\MS\system\CodeIgniter.php(431): CodeIgniter\CodeIgniter->runController(Object(App\Controllers\Deskapp\Ui))
#3 C:\xampp\htdocs\MS\system\CodeIgniter.php(332): CodeIgniter\CodeIgniter->handleRequest(NULL, Object(Config\Cache), false)
#4 C:\xampp\htdocs\MS\index.php(44): CodeIgniter\CodeIgniter->run()
#5 {main}
CRITICAL - 2023-07-24 06:40:46 --> Call to undefined method App\Models\UserModel::get_user
#0 C:\xampp\htdocs\MS\app\Controllers\Deskapp\Ui.php(25): CodeIgniter\Model->__call('get_user', Array)
#1 C:\xampp\htdocs\MS\system\CodeIgniter.php(935): App\Controllers\Deskapp\Ui->buttons()
#2 C:\xampp\htdocs\MS\system\CodeIgniter.php(431): CodeIgniter\CodeIgniter->runController(Object(App\Controllers\Deskapp\Ui))
#3 C:\xampp\htdocs\MS\system\CodeIgniter.php(332): CodeIgniter\CodeIgniter->handleRequest(NULL, Object(Config\Cache), false)
#4 C:\xampp\htdocs\MS\index.php(44): CodeIgniter\CodeIgniter->run()
#5 {main}
CRITICAL - 2023-07-24 06:40:53 --> Call to undefined method App\Models\UserModel::get_user
#0 C:\xampp\htdocs\MS\app\Controllers\Deskapp\Ui.php(25): CodeIgniter\Model->__call('get_user', Array)
#1 C:\xampp\htdocs\MS\system\CodeIgniter.php(935): App\Controllers\Deskapp\Ui->buttons()
#2 C:\xampp\htdocs\MS\system\CodeIgniter.php(431): CodeIgniter\CodeIgniter->runController(Object(App\Controllers\Deskapp\Ui))
#3 C:\xampp\htdocs\MS\system\CodeIgniter.php(332): CodeIgniter\CodeIgniter->handleRequest(NULL, Object(Config\Cache), false)
#4 C:\xampp\htdocs\MS\index.php(44): CodeIgniter\CodeIgniter->run()
#5 {main}
CRITICAL - 2023-07-24 06:42:42 --> Call to undefined method App\Models\UserModel::get_user
#0 C:\xampp\htdocs\MS\app\Controllers\Deskapp\Ui.php(25): CodeIgniter\Model->__call('get_user', Array)
#1 C:\xampp\htdocs\MS\system\CodeIgniter.php(935): App\Controllers\Deskapp\Ui->buttons()
#2 C:\xampp\htdocs\MS\system\CodeIgniter.php(431): CodeIgniter\CodeIgniter->runController(Object(App\Controllers\Deskapp\Ui))
#3 C:\xampp\htdocs\MS\system\CodeIgniter.php(332): CodeIgniter\CodeIgniter->handleRequest(NULL, Object(Config\Cache), false)
#4 C:\xampp\htdocs\MS\index.php(44): CodeIgniter\CodeIgniter->run()
#5 {main}
CRITICAL - 2023-07-24 06:47:13 --> Call to undefined method App\Models\UserModel::get_user
#0 C:\xampp\htdocs\MS\app\Controllers\Deskapp\Ui.php(25): CodeIgniter\Model->__call('get_user', Array)
#1 C:\xampp\htdocs\MS\system\CodeIgniter.php(935): App\Controllers\Deskapp\Ui->buttons()
#2 C:\xampp\htdocs\MS\system\CodeIgniter.php(431): CodeIgniter\CodeIgniter->runController(Object(App\Controllers\Deskapp\Ui))
#3 C:\xampp\htdocs\MS\system\CodeIgniter.php(332): CodeIgniter\CodeIgniter->handleRequest(NULL, Object(Config\Cache), false)
#4 C:\xampp\htdocs\MS\index.php(44): CodeIgniter\CodeIgniter->run()
#5 {main}
CRITICAL - 2023-07-24 07:53:52 --> Undefined variable $users
#0 C:\xampp\htdocs\MS\app\Controllers\Deskapp\Ui.php(28): CodeIgniter\Debug\Exceptions->errorHandler(2, 'Undefined varia...', 'C:\\xampp\\htdocs...', 28)
#1 C:\xampp\htdocs\MS\system\CodeIgniter.php(935): App\Controllers\Deskapp\Ui->buttons()
#2 C:\xampp\htdocs\MS\system\CodeIgniter.php(431): CodeIgniter\CodeIgniter->runController(Object(App\Controllers\Deskapp\Ui))
#3 C:\xampp\htdocs\MS\system\CodeIgniter.php(332): CodeIgniter\CodeIgniter->handleRequest(NULL, Object(Config\Cache), false)
#4 C:\xampp\htdocs\MS\index.php(44): CodeIgniter\CodeIgniter->run()
#5 {main}
