<<<<<<< HEAD
CRITICAL - 2023-07-30 01:09:43 --> syntax error, unexpected token "<<"
#0 C:\xampp\htdocs\MS\system\Router\Router.php(170): CodeIgniter\Router\Router->autoRoute('deskapp/ui/card...')
#1 C:\xampp\htdocs\MS\system\CodeIgniter.php(815): CodeIgniter\Router\Router->handle('deskapp/ui/card...')
#2 C:\xampp\htdocs\MS\system\CodeIgniter.php(384): CodeIgniter\CodeIgniter->tryToRouteIt(Object(CodeIgniter\Router\RouteCollection))
#3 C:\xampp\htdocs\MS\system\CodeIgniter.php(332): CodeIgniter\CodeIgniter->handleRequest(NULL, Object(Config\Cache), false)
#4 C:\xampp\htdocs\MS\index.php(44): CodeIgniter\CodeIgniter->run()
#5 {main}
CRITICAL - 2023-07-30 01:09:49 --> syntax error, unexpected token "<<"
#0 C:\xampp\htdocs\MS\system\Router\Router.php(170): CodeIgniter\Router\Router->autoRoute('deskapp/ui/card...')
#1 C:\xampp\htdocs\MS\system\CodeIgniter.php(815): CodeIgniter\Router\Router->handle('deskapp/ui/card...')
#2 C:\xampp\htdocs\MS\system\CodeIgniter.php(384): CodeIgniter\CodeIgniter->tryToRouteIt(Object(CodeIgniter\Router\RouteCollection))
#3 C:\xampp\htdocs\MS\system\CodeIgniter.php(332): CodeIgniter\CodeIgniter->handleRequest(NULL, Object(Config\Cache), false)
#4 C:\xampp\htdocs\MS\index.php(44): CodeIgniter\CodeIgniter->run()
#5 {main}
CRITICAL - 2023-07-30 01:11:11 --> syntax error, unexpected token "<<", expecting "function" or "const"
#0 C:\xampp\htdocs\MS\system\Autoloader\Autoloader.php(274): CodeIgniter\Autoloader\Autoloader->includeFile('C:\\xampp\\htdocs...')
#1 C:\xampp\htdocs\MS\system\Autoloader\Autoloader.php(228): CodeIgniter\Autoloader\Autoloader->loadInNamespace('App\\Models\\User...')
#2 C:\xampp\htdocs\MS\app\Controllers\Deskapp\Login.php(21): CodeIgniter\Autoloader\Autoloader->loadClass('App\\Models\\User...')
#3 C:\xampp\htdocs\MS\system\CodeIgniter.php(935): App\Controllers\Deskapp\Login->auth()
#4 C:\xampp\htdocs\MS\system\CodeIgniter.php(431): CodeIgniter\CodeIgniter->runController(Object(App\Controllers\Deskapp\Login))
#5 C:\xampp\htdocs\MS\system\CodeIgniter.php(332): CodeIgniter\CodeIgniter->handleRequest(NULL, Object(Config\Cache), false)
#6 C:\xampp\htdocs\MS\index.php(44): CodeIgniter\CodeIgniter->run()
#7 {main}
CRITICAL - 2023-07-30 01:11:38 --> syntax error, unexpected token "<<", expecting "function" or "const"
#0 C:\xampp\htdocs\MS\system\Autoloader\Autoloader.php(274): CodeIgniter\Autoloader\Autoloader->includeFile('C:\\xampp\\htdocs...')
#1 C:\xampp\htdocs\MS\system\Autoloader\Autoloader.php(228): CodeIgniter\Autoloader\Autoloader->loadInNamespace('App\\Models\\User...')
#2 C:\xampp\htdocs\MS\app\Controllers\Deskapp\Login.php(21): CodeIgniter\Autoloader\Autoloader->loadClass('App\\Models\\User...')
#3 C:\xampp\htdocs\MS\system\CodeIgniter.php(935): App\Controllers\Deskapp\Login->auth()
#4 C:\xampp\htdocs\MS\system\CodeIgniter.php(431): CodeIgniter\CodeIgniter->runController(Object(App\Controllers\Deskapp\Login))
#5 C:\xampp\htdocs\MS\system\CodeIgniter.php(332): CodeIgniter\CodeIgniter->handleRequest(NULL, Object(Config\Cache), false)
#6 C:\xampp\htdocs\MS\index.php(44): CodeIgniter\CodeIgniter->run()
#7 {main}
CRITICAL - 2023-07-30 01:12:47 --> syntax error, unexpected token "<<", expecting "function" or "const"
#0 C:\xampp\htdocs\MS\system\Autoloader\Autoloader.php(274): CodeIgniter\Autoloader\Autoloader->includeFile('C:\\xampp\\htdocs...')
#1 C:\xampp\htdocs\MS\system\Autoloader\Autoloader.php(228): CodeIgniter\Autoloader\Autoloader->loadInNamespace('App\\Models\\User...')
#2 C:\xampp\htdocs\MS\app\Controllers\Deskapp\Login.php(21): CodeIgniter\Autoloader\Autoloader->loadClass('App\\Models\\User...')
#3 C:\xampp\htdocs\MS\system\CodeIgniter.php(935): App\Controllers\Deskapp\Login->auth()
#4 C:\xampp\htdocs\MS\system\CodeIgniter.php(431): CodeIgniter\CodeIgniter->runController(Object(App\Controllers\Deskapp\Login))
#5 C:\xampp\htdocs\MS\system\CodeIgniter.php(332): CodeIgniter\CodeIgniter->handleRequest(NULL, Object(Config\Cache), false)
#6 C:\xampp\htdocs\MS\index.php(44): CodeIgniter\CodeIgniter->run()
#7 {main}
CRITICAL - 2023-07-30 01:17:13 --> syntax error, unexpected token "<<"
#0 C:\xampp\htdocs\MS\system\Router\Router.php(170): CodeIgniter\Router\Router->autoRoute('deskapp/ui/butt...')
#1 C:\xampp\htdocs\MS\system\CodeIgniter.php(815): CodeIgniter\Router\Router->handle('deskapp/ui/butt...')
#2 C:\xampp\htdocs\MS\system\CodeIgniter.php(384): CodeIgniter\CodeIgniter->tryToRouteIt(Object(CodeIgniter\Router\RouteCollection))
#3 C:\xampp\htdocs\MS\system\CodeIgniter.php(332): CodeIgniter\CodeIgniter->handleRequest(NULL, Object(Config\Cache), false)
#4 C:\xampp\htdocs\MS\index.php(44): CodeIgniter\CodeIgniter->run()
#5 {main}
CRITICAL - 2023-07-30 01:30:37 --> syntax error, unexpected token "<<", expecting "function" or "const"
#0 C:\xampp\htdocs\MS\system\Autoloader\Autoloader.php(274): CodeIgniter\Autoloader\Autoloader->includeFile('C:\\xampp\\htdocs...')
#1 C:\xampp\htdocs\MS\system\Autoloader\Autoloader.php(228): CodeIgniter\Autoloader\Autoloader->loadInNamespace('App\\Models\\User...')
#2 C:\xampp\htdocs\MS\app\Controllers\Deskapp\Login.php(21): CodeIgniter\Autoloader\Autoloader->loadClass('App\\Models\\User...')
#3 C:\xampp\htdocs\MS\system\CodeIgniter.php(935): App\Controllers\Deskapp\Login->auth()
#4 C:\xampp\htdocs\MS\system\CodeIgniter.php(431): CodeIgniter\CodeIgniter->runController(Object(App\Controllers\Deskapp\Login))
#5 C:\xampp\htdocs\MS\system\CodeIgniter.php(332): CodeIgniter\CodeIgniter->handleRequest(NULL, Object(Config\Cache), false)
#6 C:\xampp\htdocs\MS\index.php(44): CodeIgniter\CodeIgniter->run()
#7 {main}
CRITICAL - 2023-07-30 01:36:05 --> syntax error, unexpected token "<<", expecting "function" or "const"
=======
CRITICAL - 2023-07-30 01:14:47 --> syntax error, unexpected token "<<", expecting "function" or "const"
#0 C:\xampp\htdocs\MS\system\Autoloader\Autoloader.php(274): CodeIgniter\Autoloader\Autoloader->includeFile('C:\\xampp\\htdocs...')
#1 C:\xampp\htdocs\MS\system\Autoloader\Autoloader.php(228): CodeIgniter\Autoloader\Autoloader->loadInNamespace('App\\Models\\User...')
#2 C:\xampp\htdocs\MS\app\Controllers\Deskapp\Ui.php(26): CodeIgniter\Autoloader\Autoloader->loadClass('App\\Models\\User...')
#3 C:\xampp\htdocs\MS\system\CodeIgniter.php(935): App\Controllers\Deskapp\Ui->buttons()
#4 C:\xampp\htdocs\MS\system\CodeIgniter.php(431): CodeIgniter\CodeIgniter->runController(Object(App\Controllers\Deskapp\Ui))
#5 C:\xampp\htdocs\MS\system\CodeIgniter.php(332): CodeIgniter\CodeIgniter->handleRequest(NULL, Object(Config\Cache), false)
#6 C:\xampp\htdocs\MS\index.php(44): CodeIgniter\CodeIgniter->run()
#7 {main}
CRITICAL - 2023-07-30 01:14:55 --> syntax error, unexpected token "<<", expecting "function" or "const"
#0 C:\xampp\htdocs\MS\system\Autoloader\Autoloader.php(274): CodeIgniter\Autoloader\Autoloader->includeFile('C:\\xampp\\htdocs...')
#1 C:\xampp\htdocs\MS\system\Autoloader\Autoloader.php(228): CodeIgniter\Autoloader\Autoloader->loadInNamespace('App\\Models\\User...')
#2 C:\xampp\htdocs\MS\app\Controllers\Deskapp\Ui.php(26): CodeIgniter\Autoloader\Autoloader->loadClass('App\\Models\\User...')
#3 C:\xampp\htdocs\MS\system\CodeIgniter.php(935): App\Controllers\Deskapp\Ui->buttons()
#4 C:\xampp\htdocs\MS\system\CodeIgniter.php(431): CodeIgniter\CodeIgniter->runController(Object(App\Controllers\Deskapp\Ui))
#5 C:\xampp\htdocs\MS\system\CodeIgniter.php(332): CodeIgniter\CodeIgniter->handleRequest(NULL, Object(Config\Cache), false)
#6 C:\xampp\htdocs\MS\index.php(44): CodeIgniter\CodeIgniter->run()
#7 {main}
CRITICAL - 2023-07-30 01:17:02 --> syntax error, unexpected token "<<", expecting "function" or "const"
#0 C:\xampp\htdocs\MS\system\Autoloader\Autoloader.php(274): CodeIgniter\Autoloader\Autoloader->includeFile('C:\\xampp\\htdocs...')
#1 C:\xampp\htdocs\MS\system\Autoloader\Autoloader.php(228): CodeIgniter\Autoloader\Autoloader->loadInNamespace('App\\Models\\User...')
#2 C:\xampp\htdocs\MS\app\Controllers\Deskapp\Ui.php(26): CodeIgniter\Autoloader\Autoloader->loadClass('App\\Models\\User...')
#3 C:\xampp\htdocs\MS\system\CodeIgniter.php(935): App\Controllers\Deskapp\Ui->buttons()
#4 C:\xampp\htdocs\MS\system\CodeIgniter.php(431): CodeIgniter\CodeIgniter->runController(Object(App\Controllers\Deskapp\Ui))
#5 C:\xampp\htdocs\MS\system\CodeIgniter.php(332): CodeIgniter\CodeIgniter->handleRequest(NULL, Object(Config\Cache), false)
#6 C:\xampp\htdocs\MS\index.php(44): CodeIgniter\CodeIgniter->run()
#7 {main}
CRITICAL - 2023-07-30 01:17:03 --> syntax error, unexpected token "<<", expecting "function" or "const"
#0 C:\xampp\htdocs\MS\system\Autoloader\Autoloader.php(274): CodeIgniter\Autoloader\Autoloader->includeFile('C:\\xampp\\htdocs...')
#1 C:\xampp\htdocs\MS\system\Autoloader\Autoloader.php(228): CodeIgniter\Autoloader\Autoloader->loadInNamespace('App\\Models\\User...')
#2 C:\xampp\htdocs\MS\app\Controllers\Deskapp\Ui.php(26): CodeIgniter\Autoloader\Autoloader->loadClass('App\\Models\\User...')
#3 C:\xampp\htdocs\MS\system\CodeIgniter.php(935): App\Controllers\Deskapp\Ui->buttons()
#4 C:\xampp\htdocs\MS\system\CodeIgniter.php(431): CodeIgniter\CodeIgniter->runController(Object(App\Controllers\Deskapp\Ui))
#5 C:\xampp\htdocs\MS\system\CodeIgniter.php(332): CodeIgniter\CodeIgniter->handleRequest(NULL, Object(Config\Cache), false)
#6 C:\xampp\htdocs\MS\index.php(44): CodeIgniter\CodeIgniter->run()
#7 {main}
CRITICAL - 2023-07-30 01:17:07 --> syntax error, unexpected token "<<", expecting "function" or "const"
#0 C:\xampp\htdocs\MS\system\Autoloader\Autoloader.php(274): CodeIgniter\Autoloader\Autoloader->includeFile('C:\\xampp\\htdocs...')
#1 C:\xampp\htdocs\MS\system\Autoloader\Autoloader.php(228): CodeIgniter\Autoloader\Autoloader->loadInNamespace('App\\Models\\User...')
#2 C:\xampp\htdocs\MS\app\Controllers\Deskapp\Ui.php(26): CodeIgniter\Autoloader\Autoloader->loadClass('App\\Models\\User...')
#3 C:\xampp\htdocs\MS\system\CodeIgniter.php(935): App\Controllers\Deskapp\Ui->buttons()
#4 C:\xampp\htdocs\MS\system\CodeIgniter.php(431): CodeIgniter\CodeIgniter->runController(Object(App\Controllers\Deskapp\Ui))
#5 C:\xampp\htdocs\MS\system\CodeIgniter.php(332): CodeIgniter\CodeIgniter->handleRequest(NULL, Object(Config\Cache), false)
#6 C:\xampp\htdocs\MS\index.php(44): CodeIgniter\CodeIgniter->run()
#7 {main}
CRITICAL - 2023-07-30 01:18:06 --> syntax error, unexpected token "<<", expecting "function" or "const"
>>>>>>> 60303be15acbfb43c006dd98455b0ae9a33d27d2
#0 C:\xampp\htdocs\MS\system\Autoloader\Autoloader.php(274): CodeIgniter\Autoloader\Autoloader->includeFile('C:\\xampp\\htdocs...')
#1 C:\xampp\htdocs\MS\system\Autoloader\Autoloader.php(228): CodeIgniter\Autoloader\Autoloader->loadInNamespace('App\\Models\\User...')
#2 C:\xampp\htdocs\MS\app\Controllers\Deskapp\Login.php(21): CodeIgniter\Autoloader\Autoloader->loadClass('App\\Models\\User...')
#3 C:\xampp\htdocs\MS\system\CodeIgniter.php(935): App\Controllers\Deskapp\Login->auth()
#4 C:\xampp\htdocs\MS\system\CodeIgniter.php(431): CodeIgniter\CodeIgniter->runController(Object(App\Controllers\Deskapp\Login))
#5 C:\xampp\htdocs\MS\system\CodeIgniter.php(332): CodeIgniter\CodeIgniter->handleRequest(NULL, Object(Config\Cache), false)
#6 C:\xampp\htdocs\MS\index.php(44): CodeIgniter\CodeIgniter->run()
#7 {main}
<<<<<<< HEAD
CRITICAL - 2023-07-30 01:50:39 --> Call to undefined method App\Models\UserModel::dd
=======
CRITICAL - 2023-07-30 01:50:54 --> Call to undefined method App\Models\UserModel::dd
>>>>>>> 964015f2700bf43bd4b45b4cee65a19ee2b062f3
#0 C:\xampp\htdocs\MS\app\Controllers\Deskapp\Ui.php(164): CodeIgniter\Model->__call('dd', Array)
#1 C:\xampp\htdocs\MS\system\CodeIgniter.php(935): App\Controllers\Deskapp\Ui->cards()
#2 C:\xampp\htdocs\MS\system\CodeIgniter.php(431): CodeIgniter\CodeIgniter->runController(Object(App\Controllers\Deskapp\Ui))
#3 C:\xampp\htdocs\MS\system\CodeIgniter.php(332): CodeIgniter\CodeIgniter->handleRequest(NULL, Object(Config\Cache), false)
#4 C:\xampp\htdocs\MS\index.php(44): CodeIgniter\CodeIgniter->run()
#5 {main}
<<<<<<< HEAD
CRITICAL - 2023-07-30 01:54:18 --> Call to undefined method App\Models\UserModel::dd
#0 C:\xampp\htdocs\MS\app\Controllers\Deskapp\Ui.php(164): CodeIgniter\Model->__call('dd', Array)
#1 C:\xampp\htdocs\MS\system\CodeIgniter.php(935): App\Controllers\Deskapp\Ui->cards()
#2 C:\xampp\htdocs\MS\system\CodeIgniter.php(431): CodeIgniter\CodeIgniter->runController(Object(App\Controllers\Deskapp\Ui))
#3 C:\xampp\htdocs\MS\system\CodeIgniter.php(332): CodeIgniter\CodeIgniter->handleRequest(NULL, Object(Config\Cache), false)
#4 C:\xampp\htdocs\MS\index.php(44): CodeIgniter\CodeIgniter->run()
#5 {main}
CRITICAL - 2023-07-30 01:56:44 --> Call to undefined method App\Models\UserModel::dd
#0 C:\xampp\htdocs\MS\app\Controllers\Deskapp\Ui.php(164): CodeIgniter\Model->__call('dd', Array)
#1 C:\xampp\htdocs\MS\system\CodeIgniter.php(935): App\Controllers\Deskapp\Ui->cards()
#2 C:\xampp\htdocs\MS\system\CodeIgniter.php(431): CodeIgniter\CodeIgniter->runController(Object(App\Controllers\Deskapp\Ui))
#3 C:\xampp\htdocs\MS\system\CodeIgniter.php(332): CodeIgniter\CodeIgniter->handleRequest(NULL, Object(Config\Cache), false)
#4 C:\xampp\htdocs\MS\index.php(44): CodeIgniter\CodeIgniter->run()
#5 {main}
CRITICAL - 2023-07-30 01:56:55 --> Call to undefined method App\Models\UserModel::dd
#0 C:\xampp\htdocs\MS\app\Controllers\Deskapp\Ui.php(164): CodeIgniter\Model->__call('dd', Array)
#1 C:\xampp\htdocs\MS\system\CodeIgniter.php(935): App\Controllers\Deskapp\Ui->cards()
#2 C:\xampp\htdocs\MS\system\CodeIgniter.php(431): CodeIgniter\CodeIgniter->runController(Object(App\Controllers\Deskapp\Ui))
#3 C:\xampp\htdocs\MS\system\CodeIgniter.php(332): CodeIgniter\CodeIgniter->handleRequest(NULL, Object(Config\Cache), false)
#4 C:\xampp\htdocs\MS\index.php(44): CodeIgniter\CodeIgniter->run()
#5 {main}
CRITICAL - 2023-07-30 01:57:48 --> Call to undefined method App\Models\UserModel::dd
=======
CRITICAL - 2023-07-30 01:54:02 --> Undefined variable $users
#0 C:\xampp\htdocs\MS\app\Views\deskapp\ui\ui-tooltip-popover.php(2020): CodeIgniter\Debug\Exceptions->errorHandler(2, 'Undefined varia...', 'C:\\xampp\\htdocs...', 2020)
#1 C:\xampp\htdocs\MS\system\View\View.php(223): include('C:\\xampp\\htdocs...')
#2 C:\xampp\htdocs\MS\system\Common.php(1213): CodeIgniter\View\View->render('deskapp/ui/ui-t...', Array, true)
#3 C:\xampp\htdocs\MS\app\Controllers\Deskapp\Ui.php(290): view('deskapp/ui/ui-t...', Array)
#4 C:\xampp\htdocs\MS\system\CodeIgniter.php(935): App\Controllers\Deskapp\Ui->tooltip()
#5 C:\xampp\htdocs\MS\system\CodeIgniter.php(431): CodeIgniter\CodeIgniter->runController(Object(App\Controllers\Deskapp\Ui))
#6 C:\xampp\htdocs\MS\system\CodeIgniter.php(332): CodeIgniter\CodeIgniter->handleRequest(NULL, Object(Config\Cache), false)
#7 C:\xampp\htdocs\MS\index.php(44): CodeIgniter\CodeIgniter->run()
#8 {main}
CRITICAL - 2023-07-30 01:54:27 --> Call to undefined method App\Models\UserModel::dd
>>>>>>> 964015f2700bf43bd4b45b4cee65a19ee2b062f3
#0 C:\xampp\htdocs\MS\app\Controllers\Deskapp\Ui.php(164): CodeIgniter\Model->__call('dd', Array)
#1 C:\xampp\htdocs\MS\system\CodeIgniter.php(935): App\Controllers\Deskapp\Ui->cards()
#2 C:\xampp\htdocs\MS\system\CodeIgniter.php(431): CodeIgniter\CodeIgniter->runController(Object(App\Controllers\Deskapp\Ui))
#3 C:\xampp\htdocs\MS\system\CodeIgniter.php(332): CodeIgniter\CodeIgniter->handleRequest(NULL, Object(Config\Cache), false)
#4 C:\xampp\htdocs\MS\index.php(44): CodeIgniter\CodeIgniter->run()
#5 {main}
CRITICAL - 2023-07-30 02:22:45 --> syntax error, unexpected token "<<"
#0 C:\xampp\htdocs\MS\system\Router\Router.php(170): CodeIgniter\Router\Router->autoRoute('deskapp/ui/butt...')
#1 C:\xampp\htdocs\MS\system\CodeIgniter.php(815): CodeIgniter\Router\Router->handle('deskapp/ui/butt...')
#2 C:\xampp\htdocs\MS\system\CodeIgniter.php(384): CodeIgniter\CodeIgniter->tryToRouteIt(Object(CodeIgniter\Router\RouteCollection))
#3 C:\xampp\htdocs\MS\system\CodeIgniter.php(332): CodeIgniter\CodeIgniter->handleRequest(NULL, Object(Config\Cache), false)
#4 C:\xampp\htdocs\MS\index.php(44): CodeIgniter\CodeIgniter->run()
#5 {main}
CRITICAL - 2023-07-30 02:22:51 --> syntax error, unexpected token "<<"
#0 C:\xampp\htdocs\MS\system\Router\Router.php(170): CodeIgniter\Router\Router->autoRoute('deskapp/ui/card...')
#1 C:\xampp\htdocs\MS\system\CodeIgniter.php(815): CodeIgniter\Router\Router->handle('deskapp/ui/card...')
#2 C:\xampp\htdocs\MS\system\CodeIgniter.php(384): CodeIgniter\CodeIgniter->tryToRouteIt(Object(CodeIgniter\Router\RouteCollection))
#3 C:\xampp\htdocs\MS\system\CodeIgniter.php(332): CodeIgniter\CodeIgniter->handleRequest(NULL, Object(Config\Cache), false)
#4 C:\xampp\htdocs\MS\index.php(44): CodeIgniter\CodeIgniter->run()
#5 {main}
CRITICAL - 2023-07-30 02:23:06 --> syntax error, unexpected token "<<"
#0 C:\xampp\htdocs\MS\system\Router\Router.php(170): CodeIgniter\Router\Router->autoRoute('deskapp/ui/butt...')
#1 C:\xampp\htdocs\MS\system\CodeIgniter.php(815): CodeIgniter\Router\Router->handle('deskapp/ui/butt...')
#2 C:\xampp\htdocs\MS\system\CodeIgniter.php(384): CodeIgniter\CodeIgniter->tryToRouteIt(Object(CodeIgniter\Router\RouteCollection))
#3 C:\xampp\htdocs\MS\system\CodeIgniter.php(332): CodeIgniter\CodeIgniter->handleRequest(NULL, Object(Config\Cache), false)
#4 C:\xampp\htdocs\MS\index.php(44): CodeIgniter\CodeIgniter->run()
#5 {main}
CRITICAL - 2023-07-30 02:23:14 --> syntax error, unexpected token "<<"
#0 C:\xampp\htdocs\MS\system\Router\Router.php(170): CodeIgniter\Router\Router->autoRoute('deskapp/ui/card...')
#1 C:\xampp\htdocs\MS\system\CodeIgniter.php(815): CodeIgniter\Router\Router->handle('deskapp/ui/card...')
#2 C:\xampp\htdocs\MS\system\CodeIgniter.php(384): CodeIgniter\CodeIgniter->tryToRouteIt(Object(CodeIgniter\Router\RouteCollection))
#3 C:\xampp\htdocs\MS\system\CodeIgniter.php(332): CodeIgniter\CodeIgniter->handleRequest(NULL, Object(Config\Cache), false)
#4 C:\xampp\htdocs\MS\index.php(44): CodeIgniter\CodeIgniter->run()
#5 {main}
CRITICAL - 2023-07-30 02:23:21 --> syntax error, unexpected token "<<"
#0 C:\xampp\htdocs\MS\system\Router\Router.php(170): CodeIgniter\Router\Router->autoRoute('deskapp/ui/card...')
#1 C:\xampp\htdocs\MS\system\CodeIgniter.php(815): CodeIgniter\Router\Router->handle('deskapp/ui/card...')
#2 C:\xampp\htdocs\MS\system\CodeIgniter.php(384): CodeIgniter\CodeIgniter->tryToRouteIt(Object(CodeIgniter\Router\RouteCollection))
#3 C:\xampp\htdocs\MS\system\CodeIgniter.php(332): CodeIgniter\CodeIgniter->handleRequest(NULL, Object(Config\Cache), false)
#4 C:\xampp\htdocs\MS\index.php(44): CodeIgniter\CodeIgniter->run()
#5 {main}
CRITICAL - 2023-07-30 02:23:33 --> syntax error, unexpected token "<<"
#0 C:\xampp\htdocs\MS\system\Router\Router.php(170): CodeIgniter\Router\Router->autoRoute('deskapp/ui/moda...')
#1 C:\xampp\htdocs\MS\system\CodeIgniter.php(815): CodeIgniter\Router\Router->handle('deskapp/ui/moda...')
#2 C:\xampp\htdocs\MS\system\CodeIgniter.php(384): CodeIgniter\CodeIgniter->tryToRouteIt(Object(CodeIgniter\Router\RouteCollection))
#3 C:\xampp\htdocs\MS\system\CodeIgniter.php(332): CodeIgniter\CodeIgniter->handleRequest(NULL, Object(Config\Cache), false)
#4 C:\xampp\htdocs\MS\index.php(44): CodeIgniter\CodeIgniter->run()
#5 {main}
CRITICAL - 2023-07-30 02:27:12 --> Call to undefined method App\Models\UserModel::dd
#0 C:\xampp\htdocs\MS\app\Controllers\Deskapp\Ui.php(160): CodeIgniter\Model->__call('dd', Array)
#1 C:\xampp\htdocs\MS\system\CodeIgniter.php(935): App\Controllers\Deskapp\Ui->cards()
#2 C:\xampp\htdocs\MS\system\CodeIgniter.php(431): CodeIgniter\CodeIgniter->runController(Object(App\Controllers\Deskapp\Ui))
#3 C:\xampp\htdocs\MS\system\CodeIgniter.php(332): CodeIgniter\CodeIgniter->handleRequest(NULL, Object(Config\Cache), false)
#4 C:\xampp\htdocs\MS\index.php(44): CodeIgniter\CodeIgniter->run()
#5 {main}
CRITICAL - 2023-07-30 02:27:37 --> Call to undefined method App\Models\UserModel::dd
#0 C:\xampp\htdocs\MS\app\Controllers\Deskapp\Ui.php(160): CodeIgniter\Model->__call('dd', Array)
#1 C:\xampp\htdocs\MS\system\CodeIgniter.php(935): App\Controllers\Deskapp\Ui->cards()
#2 C:\xampp\htdocs\MS\system\CodeIgniter.php(431): CodeIgniter\CodeIgniter->runController(Object(App\Controllers\Deskapp\Ui))
#3 C:\xampp\htdocs\MS\system\CodeIgniter.php(332): CodeIgniter\CodeIgniter->handleRequest(NULL, Object(Config\Cache), false)
#4 C:\xampp\htdocs\MS\index.php(44): CodeIgniter\CodeIgniter->run()
#5 {main}
CRITICAL - 2023-07-30 02:28:19 --> Call to undefined method App\Models\UserModel::dd
#0 C:\xampp\htdocs\MS\app\Controllers\Deskapp\Ui.php(145): CodeIgniter\Model->__call('dd', Array)
#1 C:\xampp\htdocs\MS\system\CodeIgniter.php(935): App\Controllers\Deskapp\Ui->cardsHover()
#2 C:\xampp\htdocs\MS\system\CodeIgniter.php(431): CodeIgniter\CodeIgniter->runController(Object(App\Controllers\Deskapp\Ui))
#3 C:\xampp\htdocs\MS\system\CodeIgniter.php(332): CodeIgniter\CodeIgniter->handleRequest(NULL, Object(Config\Cache), false)
#4 C:\xampp\htdocs\MS\index.php(44): CodeIgniter\CodeIgniter->run()
#5 {main}
CRITICAL - 2023-07-30 02:29:17 --> Call to undefined method App\Models\UserModel::dd
#0 C:\xampp\htdocs\MS\app\Controllers\Deskapp\Ui.php(160): CodeIgniter\Model->__call('dd', Array)
#1 C:\xampp\htdocs\MS\system\CodeIgniter.php(935): App\Controllers\Deskapp\Ui->cards()
#2 C:\xampp\htdocs\MS\system\CodeIgniter.php(431): CodeIgniter\CodeIgniter->runController(Object(App\Controllers\Deskapp\Ui))
#3 C:\xampp\htdocs\MS\system\CodeIgniter.php(332): CodeIgniter\CodeIgniter->handleRequest(NULL, Object(Config\Cache), false)
#4 C:\xampp\htdocs\MS\index.php(44): CodeIgniter\CodeIgniter->run()
#5 {main}
CRITICAL - 2023-07-30 02:29:25 --> Call to undefined method App\Models\UserModel::dd
#0 C:\xampp\htdocs\MS\app\Controllers\Deskapp\Ui.php(145): CodeIgniter\Model->__call('dd', Array)
#1 C:\xampp\htdocs\MS\system\CodeIgniter.php(935): App\Controllers\Deskapp\Ui->cardsHover()
#2 C:\xampp\htdocs\MS\system\CodeIgniter.php(431): CodeIgniter\CodeIgniter->runController(Object(App\Controllers\Deskapp\Ui))
#3 C:\xampp\htdocs\MS\system\CodeIgniter.php(332): CodeIgniter\CodeIgniter->handleRequest(NULL, Object(Config\Cache), false)
#4 C:\xampp\htdocs\MS\index.php(44): CodeIgniter\CodeIgniter->run()
#5 {main}
CRITICAL - 2023-07-30 02:31:23 --> Call to undefined method App\Models\UserModel::dd
#0 C:\xampp\htdocs\MS\app\Controllers\Deskapp\Ui.php(160): CodeIgniter\Model->__call('dd', Array)
#1 C:\xampp\htdocs\MS\system\CodeIgniter.php(935): App\Controllers\Deskapp\Ui->cards()
#2 C:\xampp\htdocs\MS\system\CodeIgniter.php(431): CodeIgniter\CodeIgniter->runController(Object(App\Controllers\Deskapp\Ui))
#3 C:\xampp\htdocs\MS\system\CodeIgniter.php(332): CodeIgniter\CodeIgniter->handleRequest(NULL, Object(Config\Cache), false)
#4 C:\xampp\htdocs\MS\index.php(44): CodeIgniter\CodeIgniter->run()
#5 {main}
CRITICAL - 2023-07-30 02:33:16 --> Call to undefined method App\Models\UserModel::dd
#0 C:\xampp\htdocs\MS\app\Controllers\Deskapp\Ui.php(160): CodeIgniter\Model->__call('dd', Array)
#1 C:\xampp\htdocs\MS\system\CodeIgniter.php(935): App\Controllers\Deskapp\Ui->cards()
#2 C:\xampp\htdocs\MS\system\CodeIgniter.php(431): CodeIgniter\CodeIgniter->runController(Object(App\Controllers\Deskapp\Ui))
#3 C:\xampp\htdocs\MS\system\CodeIgniter.php(332): CodeIgniter\CodeIgniter->handleRequest(NULL, Object(Config\Cache), false)
#4 C:\xampp\htdocs\MS\index.php(44): CodeIgniter\CodeIgniter->run()
#5 {main}
CRITICAL - 2023-07-30 02:33:31 --> Call to undefined method App\Models\UserModel::dd
#0 C:\xampp\htdocs\MS\app\Controllers\Deskapp\Ui.php(145): CodeIgniter\Model->__call('dd', Array)
#1 C:\xampp\htdocs\MS\system\CodeIgniter.php(935): App\Controllers\Deskapp\Ui->cardsHover()
#2 C:\xampp\htdocs\MS\system\CodeIgniter.php(431): CodeIgniter\CodeIgniter->runController(Object(App\Controllers\Deskapp\Ui))
#3 C:\xampp\htdocs\MS\system\CodeIgniter.php(332): CodeIgniter\CodeIgniter->handleRequest(NULL, Object(Config\Cache), false)
#4 C:\xampp\htdocs\MS\index.php(44): CodeIgniter\CodeIgniter->run()
#5 {main}
CRITICAL - 2023-07-30 02:33:51 --> Call to undefined method App\Models\UserModel::dd
#0 C:\xampp\htdocs\MS\app\Controllers\Deskapp\Ui.php(160): CodeIgniter\Model->__call('dd', Array)
#1 C:\xampp\htdocs\MS\system\CodeIgniter.php(935): App\Controllers\Deskapp\Ui->cards()
#2 C:\xampp\htdocs\MS\system\CodeIgniter.php(431): CodeIgniter\CodeIgniter->runController(Object(App\Controllers\Deskapp\Ui))
#3 C:\xampp\htdocs\MS\system\CodeIgniter.php(332): CodeIgniter\CodeIgniter->handleRequest(NULL, Object(Config\Cache), false)
#4 C:\xampp\htdocs\MS\index.php(44): CodeIgniter\CodeIgniter->run()
#5 {main}
CRITICAL - 2023-07-30 02:34:07 --> Call to undefined method App\Models\UserModel::dd
#0 C:\xampp\htdocs\MS\app\Controllers\Deskapp\Ui.php(145): CodeIgniter\Model->__call('dd', Array)
#1 C:\xampp\htdocs\MS\system\CodeIgniter.php(935): App\Controllers\Deskapp\Ui->cardsHover()
#2 C:\xampp\htdocs\MS\system\CodeIgniter.php(431): CodeIgniter\CodeIgniter->runController(Object(App\Controllers\Deskapp\Ui))
#3 C:\xampp\htdocs\MS\system\CodeIgniter.php(332): CodeIgniter\CodeIgniter->handleRequest(NULL, Object(Config\Cache), false)
#4 C:\xampp\htdocs\MS\index.php(44): CodeIgniter\CodeIgniter->run()
#5 {main}
CRITICAL - 2023-07-30 02:35:07 --> Call to undefined method App\Models\UserModel::dd
#0 C:\xampp\htdocs\MS\app\Controllers\Deskapp\Ui.php(160): CodeIgniter\Model->__call('dd', Array)
#1 C:\xampp\htdocs\MS\system\CodeIgniter.php(935): App\Controllers\Deskapp\Ui->cards()
#2 C:\xampp\htdocs\MS\system\CodeIgniter.php(431): CodeIgniter\CodeIgniter->runController(Object(App\Controllers\Deskapp\Ui))
#3 C:\xampp\htdocs\MS\system\CodeIgniter.php(332): CodeIgniter\CodeIgniter->handleRequest(NULL, Object(Config\Cache), false)
#4 C:\xampp\htdocs\MS\index.php(44): CodeIgniter\CodeIgniter->run()
#5 {main}
CRITICAL - 2023-07-30 02:36:17 --> Call to undefined method App\Models\UserModel::dd
#0 C:\xampp\htdocs\MS\app\Controllers\Deskapp\Ui.php(160): CodeIgniter\Model->__call('dd', Array)
#1 C:\xampp\htdocs\MS\system\CodeIgniter.php(935): App\Controllers\Deskapp\Ui->cards()
#2 C:\xampp\htdocs\MS\system\CodeIgniter.php(431): CodeIgniter\CodeIgniter->runController(Object(App\Controllers\Deskapp\Ui))
#3 C:\xampp\htdocs\MS\system\CodeIgniter.php(332): CodeIgniter\CodeIgniter->handleRequest(NULL, Object(Config\Cache), false)
#4 C:\xampp\htdocs\MS\index.php(44): CodeIgniter\CodeIgniter->run()
#5 {main}
CRITICAL - 2023-07-30 02:47:08 --> Call to undefined method App\Models\UserModel::dd
#0 C:\xampp\htdocs\MS\app\Controllers\Deskapp\Ui.php(160): CodeIgniter\Model->__call('dd', Array)
#1 C:\xampp\htdocs\MS\system\CodeIgniter.php(935): App\Controllers\Deskapp\Ui->cards()
#2 C:\xampp\htdocs\MS\system\CodeIgniter.php(431): CodeIgniter\CodeIgniter->runController(Object(App\Controllers\Deskapp\Ui))
#3 C:\xampp\htdocs\MS\system\CodeIgniter.php(332): CodeIgniter\CodeIgniter->handleRequest(NULL, Object(Config\Cache), false)
#4 C:\xampp\htdocs\MS\index.php(44): CodeIgniter\CodeIgniter->run()
#5 {main}
CRITICAL - 2023-07-30 02:47:23 --> Call to undefined method App\Models\UserModel::dd
#0 C:\xampp\htdocs\MS\app\Controllers\Deskapp\Ui.php(145): CodeIgniter\Model->__call('dd', Array)
#1 C:\xampp\htdocs\MS\system\CodeIgniter.php(935): App\Controllers\Deskapp\Ui->cardsHover()
#2 C:\xampp\htdocs\MS\system\CodeIgniter.php(431): CodeIgniter\CodeIgniter->runController(Object(App\Controllers\Deskapp\Ui))
#3 C:\xampp\htdocs\MS\system\CodeIgniter.php(332): CodeIgniter\CodeIgniter->handleRequest(NULL, Object(Config\Cache), false)
#4 C:\xampp\htdocs\MS\index.php(44): CodeIgniter\CodeIgniter->run()
#5 {main}
CRITICAL - 2023-07-30 02:48:14 --> Call to undefined method App\Models\UserModel::dd
#0 C:\xampp\htdocs\MS\app\Controllers\Deskapp\Ui.php(160): CodeIgniter\Model->__call('dd', Array)
#1 C:\xampp\htdocs\MS\system\CodeIgniter.php(935): App\Controllers\Deskapp\Ui->cards()
#2 C:\xampp\htdocs\MS\system\CodeIgniter.php(431): CodeIgniter\CodeIgniter->runController(Object(App\Controllers\Deskapp\Ui))
#3 C:\xampp\htdocs\MS\system\CodeIgniter.php(332): CodeIgniter\CodeIgniter->handleRequest(NULL, Object(Config\Cache), false)
#4 C:\xampp\htdocs\MS\index.php(44): CodeIgniter\CodeIgniter->run()
#5 {main}
CRITICAL - 2023-07-30 02:53:39 --> Call to undefined method App\Models\UserModel::dd
#0 C:\xampp\htdocs\MS\app\Controllers\Deskapp\Ui.php(145): CodeIgniter\Model->__call('dd', Array)
#1 C:\xampp\htdocs\MS\system\CodeIgniter.php(935): App\Controllers\Deskapp\Ui->cardsHover()
#2 C:\xampp\htdocs\MS\system\CodeIgniter.php(431): CodeIgniter\CodeIgniter->runController(Object(App\Controllers\Deskapp\Ui))
#3 C:\xampp\htdocs\MS\system\CodeIgniter.php(332): CodeIgniter\CodeIgniter->handleRequest(NULL, Object(Config\Cache), false)
#4 C:\xampp\htdocs\MS\index.php(44): CodeIgniter\CodeIgniter->run()
#5 {main}
CRITICAL - 2023-07-30 02:57:33 --> Call to undefined method App\Models\UserModel::dd
#0 C:\xampp\htdocs\MS\app\Controllers\Deskapp\Ui.php(145): CodeIgniter\Model->__call('dd', Array)
#1 C:\xampp\htdocs\MS\system\CodeIgniter.php(935): App\Controllers\Deskapp\Ui->cardsHover()
#2 C:\xampp\htdocs\MS\system\CodeIgniter.php(431): CodeIgniter\CodeIgniter->runController(Object(App\Controllers\Deskapp\Ui))
#3 C:\xampp\htdocs\MS\system\CodeIgniter.php(332): CodeIgniter\CodeIgniter->handleRequest(NULL, Object(Config\Cache), false)
#4 C:\xampp\htdocs\MS\index.php(44): CodeIgniter\CodeIgniter->run()
#5 {main}
CRITICAL - 2023-07-30 06:55:06 --> Undefined variable $users
#0 C:\xampp\htdocs\MS\app\Views\deskapp\ui\ui-tooltip-popover.php(2234): CodeIgniter\Debug\Exceptions->errorHandler(2, 'Undefined varia...', 'C:\\xampp\\htdocs...', 2234)
#1 C:\xampp\htdocs\MS\system\View\View.php(223): include('C:\\xampp\\htdocs...')
#2 C:\xampp\htdocs\MS\system\Common.php(1213): CodeIgniter\View\View->render('deskapp/ui/ui-t...', Array, true)
#3 C:\xampp\htdocs\MS\app\Controllers\Deskapp\Ui.php(286): view('deskapp/ui/ui-t...', Array)
#4 C:\xampp\htdocs\MS\system\CodeIgniter.php(935): App\Controllers\Deskapp\Ui->tooltip()
#5 C:\xampp\htdocs\MS\system\CodeIgniter.php(431): CodeIgniter\CodeIgniter->runController(Object(App\Controllers\Deskapp\Ui))
#6 C:\xampp\htdocs\MS\system\CodeIgniter.php(332): CodeIgniter\CodeIgniter->handleRequest(NULL, Object(Config\Cache), false)
#7 C:\xampp\htdocs\MS\index.php(44): CodeIgniter\CodeIgniter->run()
#8 {main}
CRITICAL - 2023-07-30 07:17:18 --> Undefined variable $users
#0 C:\xampp\htdocs\MS\app\Views\deskapp\ui\ui-tooltip-popover.php(2234): CodeIgniter\Debug\Exceptions->errorHandler(2, 'Undefined varia...', 'C:\\xampp\\htdocs...', 2234)
#1 C:\xampp\htdocs\MS\system\View\View.php(223): include('C:\\xampp\\htdocs...')
#2 C:\xampp\htdocs\MS\system\Common.php(1213): CodeIgniter\View\View->render('deskapp/ui/ui-t...', Array, true)
#3 C:\xampp\htdocs\MS\app\Controllers\Deskapp\Ui.php(286): view('deskapp/ui/ui-t...', Array)
#4 C:\xampp\htdocs\MS\system\CodeIgniter.php(935): App\Controllers\Deskapp\Ui->tooltip()
#5 C:\xampp\htdocs\MS\system\CodeIgniter.php(431): CodeIgniter\CodeIgniter->runController(Object(App\Controllers\Deskapp\Ui))
#6 C:\xampp\htdocs\MS\system\CodeIgniter.php(332): CodeIgniter\CodeIgniter->handleRequest(NULL, Object(Config\Cache), false)
#7 C:\xampp\htdocs\MS\index.php(44): CodeIgniter\CodeIgniter->run()
#8 {main}
CRITICAL - 2023-07-30 07:17:34 --> Undefined variable $users
#0 C:\xampp\htdocs\MS\app\Views\deskapp\ui\ui-tooltip-popover.php(2234): CodeIgniter\Debug\Exceptions->errorHandler(2, 'Undefined varia...', 'C:\\xampp\\htdocs...', 2234)
#1 C:\xampp\htdocs\MS\system\View\View.php(223): include('C:\\xampp\\htdocs...')
#2 C:\xampp\htdocs\MS\system\Common.php(1213): CodeIgniter\View\View->render('deskapp/ui/ui-t...', Array, true)
#3 C:\xampp\htdocs\MS\app\Controllers\Deskapp\Ui.php(286): view('deskapp/ui/ui-t...', Array)
#4 C:\xampp\htdocs\MS\system\CodeIgniter.php(935): App\Controllers\Deskapp\Ui->tooltip()
#5 C:\xampp\htdocs\MS\system\CodeIgniter.php(431): CodeIgniter\CodeIgniter->runController(Object(App\Controllers\Deskapp\Ui))
#6 C:\xampp\htdocs\MS\system\CodeIgniter.php(332): CodeIgniter\CodeIgniter->handleRequest(NULL, Object(Config\Cache), false)
#7 C:\xampp\htdocs\MS\index.php(44): CodeIgniter\CodeIgniter->run()
#8 {main}
