CRITICAL - 2023-08-09 02:46:38 --> Undefined variable $project_data
#0 C:\xampp\htdocs\MS\app\Views\deskapp\dashboard\index3.php(12363): CodeIgniter\Debug\Exceptions->errorHandler(2, 'Undefined varia...', 'C:\\xampp\\htdocs...', 12363)
#1 C:\xampp\htdocs\MS\system\View\View.php(223): include('C:\\xampp\\htdocs...')
#2 C:\xampp\htdocs\MS\system\Common.php(1213): CodeIgniter\View\View->render('deskapp/dashboa...', Array, true)
#3 C:\xampp\htdocs\MS\app\Controllers\Deskapp\Dashboard.php(68): view('deskapp/dashboa...', Array)
#4 C:\xampp\htdocs\MS\system\CodeIgniter.php(935): App\Controllers\Deskapp\Dashboard->three()
#5 C:\xampp\htdocs\MS\system\CodeIgniter.php(431): CodeIgniter\CodeIgniter->runController(Object(App\Controllers\Deskapp\Dashboard))
#6 C:\xampp\htdocs\MS\system\CodeIgniter.php(332): CodeIgniter\CodeIgniter->handleRequest(NULL, Object(Config\Cache), false)
#7 C:\xampp\htdocs\MS\index.php(44): CodeIgniter\CodeIgniter->run()
#8 {main}
CRITICAL - 2023-08-09 02:47:06 --> Undefined variable $project_data
#0 C:\xampp\htdocs\MS\app\Views\deskapp\dashboard\index3.php(12363): CodeIgniter\Debug\Exceptions->errorHandler(2, 'Undefined varia...', 'C:\\xampp\\htdocs...', 12363)
#1 C:\xampp\htdocs\MS\system\View\View.php(223): include('C:\\xampp\\htdocs...')
#2 C:\xampp\htdocs\MS\system\Common.php(1213): CodeIgniter\View\View->render('deskapp/dashboa...', Array, true)
#3 C:\xampp\htdocs\MS\app\Controllers\Deskapp\Dashboard.php(68): view('deskapp/dashboa...', Array)
#4 C:\xampp\htdocs\MS\system\CodeIgniter.php(935): App\Controllers\Deskapp\Dashboard->three()
#5 C:\xampp\htdocs\MS\system\CodeIgniter.php(431): CodeIgniter\CodeIgniter->runController(Object(App\Controllers\Deskapp\Dashboard))
#6 C:\xampp\htdocs\MS\system\CodeIgniter.php(332): CodeIgniter\CodeIgniter->handleRequest(NULL, Object(Config\Cache), false)
#7 C:\xampp\htdocs\MS\index.php(44): CodeIgniter\CodeIgniter->run()
#8 {main}
CRITICAL - 2023-08-09 02:48:15 --> Undefined variable $project_data
#0 C:\xampp\htdocs\MS\app\Views\deskapp\dashboard\index3.php(12363): CodeIgniter\Debug\Exceptions->errorHandler(2, 'Undefined varia...', 'C:\\xampp\\htdocs...', 12363)
#1 C:\xampp\htdocs\MS\system\View\View.php(223): include('C:\\xampp\\htdocs...')
#2 C:\xampp\htdocs\MS\system\Common.php(1213): CodeIgniter\View\View->render('deskapp/dashboa...', Array, true)
#3 C:\xampp\htdocs\MS\app\Controllers\Deskapp\Dashboard.php(68): view('deskapp/dashboa...', Array)
#4 C:\xampp\htdocs\MS\system\CodeIgniter.php(935): App\Controllers\Deskapp\Dashboard->three()
#5 C:\xampp\htdocs\MS\system\CodeIgniter.php(431): CodeIgniter\CodeIgniter->runController(Object(App\Controllers\Deskapp\Dashboard))
#6 C:\xampp\htdocs\MS\system\CodeIgniter.php(332): CodeIgniter\CodeIgniter->handleRequest(NULL, Object(Config\Cache), false)
#7 C:\xampp\htdocs\MS\index.php(44): CodeIgniter\CodeIgniter->run()
#8 {main}
CRITICAL - 2023-08-09 03:11:43 --> Undefined variable $names
#0 C:\xampp\htdocs\MS\app\Views\deskapp\ui\ui-cards.php(2276): CodeIgniter\Debug\Exceptions->errorHandler(2, 'Undefined varia...', 'C:\\xampp\\htdocs...', 2276)
#1 C:\xampp\htdocs\MS\system\View\View.php(223): include('C:\\xampp\\htdocs...')
#2 C:\xampp\htdocs\MS\system\Common.php(1213): CodeIgniter\View\View->render('deskapp/Ui/ui-c...', Array, true)
#3 C:\xampp\htdocs\MS\app\Controllers\Deskapp\Ui.php(239): view('deskapp/Ui/ui-c...', Array)
#4 C:\xampp\htdocs\MS\system\CodeIgniter.php(935): App\Controllers\Deskapp\Ui->save()
#5 C:\xampp\htdocs\MS\system\CodeIgniter.php(431): CodeIgniter\CodeIgniter->runController(Object(App\Controllers\Deskapp\Ui))
#6 C:\xampp\htdocs\MS\system\CodeIgniter.php(332): CodeIgniter\CodeIgniter->handleRequest(NULL, Object(Config\Cache), false)
#7 C:\xampp\htdocs\MS\index.php(44): CodeIgniter\CodeIgniter->run()
#8 {main}
<<<<<<< HEAD
CRITICAL - 2023-08-09 04:02:07 --> syntax error, unexpected token "<<"
#0 C:\xampp\htdocs\MS\system\Autoloader\Autoloader.php(274): CodeIgniter\Autoloader\Autoloader->includeFile('C:\\xampp\\htdocs...')
#1 C:\xampp\htdocs\MS\system\Autoloader\Autoloader.php(228): CodeIgniter\Autoloader\Autoloader->loadInNamespace('App\\Models\\Proj...')
#2 C:\xampp\htdocs\MS\app\Controllers\Deskapp\Ui.php(295): CodeIgniter\Autoloader\Autoloader->loadClass('App\\Models\\Proj...')
#3 C:\xampp\htdocs\MS\system\CodeIgniter.php(935): App\Controllers\Deskapp\Ui->sweetAlert()
#4 C:\xampp\htdocs\MS\system\CodeIgniter.php(431): CodeIgniter\CodeIgniter->runController(Object(App\Controllers\Deskapp\Ui))
#5 C:\xampp\htdocs\MS\system\CodeIgniter.php(332): CodeIgniter\CodeIgniter->handleRequest(NULL, Object(Config\Cache), false)
#6 C:\xampp\htdocs\MS\index.php(44): CodeIgniter\CodeIgniter->run()
#7 {main}
CRITICAL - 2023-08-09 04:09:18 --> syntax error, unexpected token "<<"
=======
<<<<<<< HEAD
CRITICAL - 2023-08-09 03:44:13 --> syntax error, unexpected token "<<"
>>>>>>> a9597d844874c934bd810674195722cf598690df
#0 C:\xampp\htdocs\MS\system\Autoloader\Autoloader.php(274): CodeIgniter\Autoloader\Autoloader->includeFile('C:\\xampp\\htdocs...')
#1 C:\xampp\htdocs\MS\system\Autoloader\Autoloader.php(228): CodeIgniter\Autoloader\Autoloader->loadInNamespace('App\\Models\\Proj...')
#2 C:\xampp\htdocs\MS\app\Controllers\Deskapp\Dashboard.php(18): CodeIgniter\Autoloader\Autoloader->loadClass('App\\Models\\Proj...')
#3 C:\xampp\htdocs\MS\system\CodeIgniter.php(935): App\Controllers\Deskapp\Dashboard->index()
#4 C:\xampp\htdocs\MS\system\CodeIgniter.php(431): CodeIgniter\CodeIgniter->runController(Object(App\Controllers\Deskapp\Dashboard))
#5 C:\xampp\htdocs\MS\system\CodeIgniter.php(332): CodeIgniter\CodeIgniter->handleRequest(NULL, Object(Config\Cache), false)
#6 C:\xampp\htdocs\MS\index.php(44): CodeIgniter\CodeIgniter->run()
#7 {main}
<<<<<<< HEAD
CRITICAL - 2023-08-09 04:10:04 --> syntax error, unexpected token "<<"
=======
CRITICAL - 2023-08-09 03:44:16 --> syntax error, unexpected token "<<"
>>>>>>> a9597d844874c934bd810674195722cf598690df
#0 C:\xampp\htdocs\MS\system\Autoloader\Autoloader.php(274): CodeIgniter\Autoloader\Autoloader->includeFile('C:\\xampp\\htdocs...')
#1 C:\xampp\htdocs\MS\system\Autoloader\Autoloader.php(228): CodeIgniter\Autoloader\Autoloader->loadInNamespace('App\\Models\\Proj...')
#2 C:\xampp\htdocs\MS\app\Controllers\Deskapp\Dashboard.php(18): CodeIgniter\Autoloader\Autoloader->loadClass('App\\Models\\Proj...')
#3 C:\xampp\htdocs\MS\system\CodeIgniter.php(935): App\Controllers\Deskapp\Dashboard->index()
#4 C:\xampp\htdocs\MS\system\CodeIgniter.php(431): CodeIgniter\CodeIgniter->runController(Object(App\Controllers\Deskapp\Dashboard))
#5 C:\xampp\htdocs\MS\system\CodeIgniter.php(332): CodeIgniter\CodeIgniter->handleRequest(NULL, Object(Config\Cache), false)
#6 C:\xampp\htdocs\MS\index.php(44): CodeIgniter\CodeIgniter->run()
#7 {main}
<<<<<<< HEAD
CRITICAL - 2023-08-09 04:32:58 --> Undefined variable $project
#0 C:\xampp\htdocs\MS\app\Views\deskapp\dashboard\index.php(11561): CodeIgniter\Debug\Exceptions->errorHandler(2, 'Undefined varia...', 'C:\\xampp\\htdocs...', 11561)
#1 C:\xampp\htdocs\MS\system\View\View.php(223): include('C:\\xampp\\htdocs...')
#2 C:\xampp\htdocs\MS\system\Common.php(1213): CodeIgniter\View\View->render('deskapp/dashboa...', Array, true)
#3 C:\xampp\htdocs\MS\app\Controllers\Deskapp\Dashboard.php(37): view('deskapp/dashboa...', Array)
#4 C:\xampp\htdocs\MS\system\CodeIgniter.php(935): App\Controllers\Deskapp\Dashboard->index()
#5 C:\xampp\htdocs\MS\system\CodeIgniter.php(431): CodeIgniter\CodeIgniter->runController(Object(App\Controllers\Deskapp\Dashboard))
#6 C:\xampp\htdocs\MS\system\CodeIgniter.php(332): CodeIgniter\CodeIgniter->handleRequest(NULL, Object(Config\Cache), false)
#7 C:\xampp\htdocs\MS\index.php(44): CodeIgniter\CodeIgniter->run()
#8 {main}
CRITICAL - 2023-08-09 04:48:26 --> Undefined variable $project
#0 C:\xampp\htdocs\MS\app\Views\deskapp\dashboard\index.php(11561): CodeIgniter\Debug\Exceptions->errorHandler(2, 'Undefined varia...', 'C:\\xampp\\htdocs...', 11561)
#1 C:\xampp\htdocs\MS\system\View\View.php(223): include('C:\\xampp\\htdocs...')
#2 C:\xampp\htdocs\MS\system\Common.php(1213): CodeIgniter\View\View->render('deskapp/dashboa...', Array, true)
#3 C:\xampp\htdocs\MS\app\Controllers\Deskapp\Dashboard.php(37): view('deskapp/dashboa...', Array)
#4 C:\xampp\htdocs\MS\system\CodeIgniter.php(935): App\Controllers\Deskapp\Dashboard->index()
#5 C:\xampp\htdocs\MS\system\CodeIgniter.php(431): CodeIgniter\CodeIgniter->runController(Object(App\Controllers\Deskapp\Dashboard))
#6 C:\xampp\htdocs\MS\system\CodeIgniter.php(332): CodeIgniter\CodeIgniter->handleRequest(NULL, Object(Config\Cache), false)
#7 C:\xampp\htdocs\MS\index.php(44): CodeIgniter\CodeIgniter->run()
#8 {main}
CRITICAL - 2023-08-09 04:48:35 --> Undefined variable $project
#0 C:\xampp\htdocs\MS\app\Views\deskapp\dashboard\index.php(11561): CodeIgniter\Debug\Exceptions->errorHandler(2, 'Undefined varia...', 'C:\\xampp\\htdocs...', 11561)
#1 C:\xampp\htdocs\MS\system\View\View.php(223): include('C:\\xampp\\htdocs...')
#2 C:\xampp\htdocs\MS\system\Common.php(1213): CodeIgniter\View\View->render('deskapp/dashboa...', Array, true)
#3 C:\xampp\htdocs\MS\app\Controllers\Deskapp\Dashboard.php(37): view('deskapp/dashboa...', Array)
#4 C:\xampp\htdocs\MS\system\CodeIgniter.php(935): App\Controllers\Deskapp\Dashboard->index()
#5 C:\xampp\htdocs\MS\system\CodeIgniter.php(431): CodeIgniter\CodeIgniter->runController(Object(App\Controllers\Deskapp\Dashboard))
#6 C:\xampp\htdocs\MS\system\CodeIgniter.php(332): CodeIgniter\CodeIgniter->handleRequest(NULL, Object(Config\Cache), false)
#7 C:\xampp\htdocs\MS\index.php(44): CodeIgniter\CodeIgniter->run()
#8 {main}
CRITICAL - 2023-08-09 05:38:32 --> Undefined variable $project
#0 C:\xampp\htdocs\MS\app\Views\deskapp\dashboard\index.php(11561): CodeIgniter\Debug\Exceptions->errorHandler(2, 'Undefined varia...', 'C:\\xampp\\htdocs...', 11561)
#1 C:\xampp\htdocs\MS\system\View\View.php(223): include('C:\\xampp\\htdocs...')
#2 C:\xampp\htdocs\MS\system\Common.php(1213): CodeIgniter\View\View->render('deskapp/dashboa...', Array, true)
#3 C:\xampp\htdocs\MS\app\Controllers\Deskapp\Dashboard.php(39): view('deskapp/dashboa...', Array)
#4 C:\xampp\htdocs\MS\system\CodeIgniter.php(935): App\Controllers\Deskapp\Dashboard->index()
#5 C:\xampp\htdocs\MS\system\CodeIgniter.php(431): CodeIgniter\CodeIgniter->runController(Object(App\Controllers\Deskapp\Dashboard))
#6 C:\xampp\htdocs\MS\system\CodeIgniter.php(332): CodeIgniter\CodeIgniter->handleRequest(NULL, Object(Config\Cache), false)
#7 C:\xampp\htdocs\MS\index.php(44): CodeIgniter\CodeIgniter->run()
#8 {main}
CRITICAL - 2023-08-09 05:38:43 --> Undefined variable $project
#0 C:\xampp\htdocs\MS\app\Views\deskapp\dashboard\index.php(11561): CodeIgniter\Debug\Exceptions->errorHandler(2, 'Undefined varia...', 'C:\\xampp\\htdocs...', 11561)
#1 C:\xampp\htdocs\MS\system\View\View.php(223): include('C:\\xampp\\htdocs...')
#2 C:\xampp\htdocs\MS\system\Common.php(1213): CodeIgniter\View\View->render('deskapp/dashboa...', Array, true)
#3 C:\xampp\htdocs\MS\app\Controllers\Deskapp\Dashboard.php(39): view('deskapp/dashboa...', Array)
#4 C:\xampp\htdocs\MS\system\CodeIgniter.php(935): App\Controllers\Deskapp\Dashboard->index()
#5 C:\xampp\htdocs\MS\system\CodeIgniter.php(431): CodeIgniter\CodeIgniter->runController(Object(App\Controllers\Deskapp\Dashboard))
#6 C:\xampp\htdocs\MS\system\CodeIgniter.php(332): CodeIgniter\CodeIgniter->handleRequest(NULL, Object(Config\Cache), false)
#7 C:\xampp\htdocs\MS\index.php(44): CodeIgniter\CodeIgniter->run()
#8 {main}
CRITICAL - 2023-08-09 05:41:23 --> syntax error, unexpected token "endfor"
#0 C:\xampp\htdocs\MS\system\Common.php(1213): CodeIgniter\View\View->render('deskapp/dashboa...', Array, true)
#1 C:\xampp\htdocs\MS\app\Controllers\Deskapp\Dashboard.php(39): view('deskapp/dashboa...', Array)
#2 C:\xampp\htdocs\MS\system\CodeIgniter.php(935): App\Controllers\Deskapp\Dashboard->index()
#3 C:\xampp\htdocs\MS\system\CodeIgniter.php(431): CodeIgniter\CodeIgniter->runController(Object(App\Controllers\Deskapp\Dashboard))
#4 C:\xampp\htdocs\MS\system\CodeIgniter.php(332): CodeIgniter\CodeIgniter->handleRequest(NULL, Object(Config\Cache), false)
#5 C:\xampp\htdocs\MS\index.php(44): CodeIgniter\CodeIgniter->run()
#6 {main}
CRITICAL - 2023-08-09 05:44:37 --> Undefined array key "id_project"
#0 C:\xampp\htdocs\MS\app\Views\deskapp\dashboard\index.php(11562): CodeIgniter\Debug\Exceptions->errorHandler(2, 'Undefined array...', 'C:\\xampp\\htdocs...', 11562)
#1 C:\xampp\htdocs\MS\system\View\View.php(223): include('C:\\xampp\\htdocs...')
#2 C:\xampp\htdocs\MS\system\Common.php(1213): CodeIgniter\View\View->render('deskapp/dashboa...', Array, true)
#3 C:\xampp\htdocs\MS\app\Controllers\Deskapp\Dashboard.php(39): view('deskapp/dashboa...', Array)
#4 C:\xampp\htdocs\MS\system\CodeIgniter.php(935): App\Controllers\Deskapp\Dashboard->index()
#5 C:\xampp\htdocs\MS\system\CodeIgniter.php(431): CodeIgniter\CodeIgniter->runController(Object(App\Controllers\Deskapp\Dashboard))
#6 C:\xampp\htdocs\MS\system\CodeIgniter.php(332): CodeIgniter\CodeIgniter->handleRequest(NULL, Object(Config\Cache), false)
#7 C:\xampp\htdocs\MS\index.php(44): CodeIgniter\CodeIgniter->run()
#8 {main}
CRITICAL - 2023-08-09 05:48:29 --> Undefined variable $project
#0 C:\xampp\htdocs\MS\app\Views\deskapp\dashboard\index.php(11561): CodeIgniter\Debug\Exceptions->errorHandler(2, 'Undefined varia...', 'C:\\xampp\\htdocs...', 11561)
#1 C:\xampp\htdocs\MS\system\View\View.php(223): include('C:\\xampp\\htdocs...')
#2 C:\xampp\htdocs\MS\system\Common.php(1213): CodeIgniter\View\View->render('deskapp/dashboa...', Array, true)
#3 C:\xampp\htdocs\MS\app\Controllers\Deskapp\Dashboard.php(39): view('deskapp/dashboa...', Array)
#4 C:\xampp\htdocs\MS\system\CodeIgniter.php(935): App\Controllers\Deskapp\Dashboard->index()
#5 C:\xampp\htdocs\MS\system\CodeIgniter.php(431): CodeIgniter\CodeIgniter->runController(Object(App\Controllers\Deskapp\Dashboard))
#6 C:\xampp\htdocs\MS\system\CodeIgniter.php(332): CodeIgniter\CodeIgniter->handleRequest(NULL, Object(Config\Cache), false)
#7 C:\xampp\htdocs\MS\index.php(44): CodeIgniter\CodeIgniter->run()
#8 {main}
CRITICAL - 2023-08-09 05:48:54 --> Undefined array key "id_project"
#0 C:\xampp\htdocs\MS\app\Views\deskapp\dashboard\index.php(11561): CodeIgniter\Debug\Exceptions->errorHandler(2, 'Undefined array...', 'C:\\xampp\\htdocs...', 11561)
#1 C:\xampp\htdocs\MS\system\View\View.php(223): include('C:\\xampp\\htdocs...')
#2 C:\xampp\htdocs\MS\system\Common.php(1213): CodeIgniter\View\View->render('deskapp/dashboa...', Array, true)
#3 C:\xampp\htdocs\MS\app\Controllers\Deskapp\Dashboard.php(39): view('deskapp/dashboa...', Array)
#4 C:\xampp\htdocs\MS\system\CodeIgniter.php(935): App\Controllers\Deskapp\Dashboard->index()
#5 C:\xampp\htdocs\MS\system\CodeIgniter.php(431): CodeIgniter\CodeIgniter->runController(Object(App\Controllers\Deskapp\Dashboard))
#6 C:\xampp\htdocs\MS\system\CodeIgniter.php(332): CodeIgniter\CodeIgniter->handleRequest(NULL, Object(Config\Cache), false)
#7 C:\xampp\htdocs\MS\index.php(44): CodeIgniter\CodeIgniter->run()
#8 {main}
CRITICAL - 2023-08-09 05:51:52 --> Undefined array key "id_project"
#0 C:\xampp\htdocs\MS\app\Views\deskapp\dashboard\index.php(11562): CodeIgniter\Debug\Exceptions->errorHandler(2, 'Undefined array...', 'C:\\xampp\\htdocs...', 11562)
#1 C:\xampp\htdocs\MS\system\View\View.php(223): include('C:\\xampp\\htdocs...')
#2 C:\xampp\htdocs\MS\system\Common.php(1213): CodeIgniter\View\View->render('deskapp/dashboa...', Array, true)
#3 C:\xampp\htdocs\MS\app\Controllers\Deskapp\Dashboard.php(39): view('deskapp/dashboa...', Array)
#4 C:\xampp\htdocs\MS\system\CodeIgniter.php(935): App\Controllers\Deskapp\Dashboard->index()
#5 C:\xampp\htdocs\MS\system\CodeIgniter.php(431): CodeIgniter\CodeIgniter->runController(Object(App\Controllers\Deskapp\Dashboard))
#6 C:\xampp\htdocs\MS\system\CodeIgniter.php(332): CodeIgniter\CodeIgniter->handleRequest(NULL, Object(Config\Cache), false)
#7 C:\xampp\htdocs\MS\index.php(44): CodeIgniter\CodeIgniter->run()
#8 {main}
CRITICAL - 2023-08-09 05:54:18 --> Undefined array key "id_project"
#0 C:\xampp\htdocs\MS\app\Views\deskapp\dashboard\index.php(11561): CodeIgniter\Debug\Exceptions->errorHandler(2, 'Undefined array...', 'C:\\xampp\\htdocs...', 11561)
#1 C:\xampp\htdocs\MS\system\View\View.php(223): include('C:\\xampp\\htdocs...')
#2 C:\xampp\htdocs\MS\system\Common.php(1213): CodeIgniter\View\View->render('deskapp/dashboa...', Array, true)
#3 C:\xampp\htdocs\MS\app\Controllers\Deskapp\Dashboard.php(39): view('deskapp/dashboa...', Array)
#4 C:\xampp\htdocs\MS\system\CodeIgniter.php(935): App\Controllers\Deskapp\Dashboard->index()
#5 C:\xampp\htdocs\MS\system\CodeIgniter.php(431): CodeIgniter\CodeIgniter->runController(Object(App\Controllers\Deskapp\Dashboard))
#6 C:\xampp\htdocs\MS\system\CodeIgniter.php(332): CodeIgniter\CodeIgniter->handleRequest(NULL, Object(Config\Cache), false)
#7 C:\xampp\htdocs\MS\index.php(44): CodeIgniter\CodeIgniter->run()
#8 {main}
CRITICAL - 2023-08-09 05:54:21 --> Undefined array key "id_project"
#0 C:\xampp\htdocs\MS\app\Views\deskapp\dashboard\index.php(11561): CodeIgniter\Debug\Exceptions->errorHandler(2, 'Undefined array...', 'C:\\xampp\\htdocs...', 11561)
#1 C:\xampp\htdocs\MS\system\View\View.php(223): include('C:\\xampp\\htdocs...')
#2 C:\xampp\htdocs\MS\system\Common.php(1213): CodeIgniter\View\View->render('deskapp/dashboa...', Array, true)
#3 C:\xampp\htdocs\MS\app\Controllers\Deskapp\Dashboard.php(39): view('deskapp/dashboa...', Array)
#4 C:\xampp\htdocs\MS\system\CodeIgniter.php(935): App\Controllers\Deskapp\Dashboard->index()
#5 C:\xampp\htdocs\MS\system\CodeIgniter.php(431): CodeIgniter\CodeIgniter->runController(Object(App\Controllers\Deskapp\Dashboard))
#6 C:\xampp\htdocs\MS\system\CodeIgniter.php(332): CodeIgniter\CodeIgniter->handleRequest(NULL, Object(Config\Cache), false)
#7 C:\xampp\htdocs\MS\index.php(44): CodeIgniter\CodeIgniter->run()
#8 {main}
CRITICAL - 2023-08-09 05:56:04 --> Undefined array key "id_project"
#0 C:\xampp\htdocs\MS\app\Views\deskapp\dashboard\index.php(11561): CodeIgniter\Debug\Exceptions->errorHandler(2, 'Undefined array...', 'C:\\xampp\\htdocs...', 11561)
#1 C:\xampp\htdocs\MS\system\View\View.php(223): include('C:\\xampp\\htdocs...')
#2 C:\xampp\htdocs\MS\system\Common.php(1213): CodeIgniter\View\View->render('deskapp/dashboa...', Array, true)
#3 C:\xampp\htdocs\MS\app\Controllers\Deskapp\Dashboard.php(39): view('deskapp/dashboa...', Array)
#4 C:\xampp\htdocs\MS\system\CodeIgniter.php(935): App\Controllers\Deskapp\Dashboard->index()
#5 C:\xampp\htdocs\MS\system\CodeIgniter.php(431): CodeIgniter\CodeIgniter->runController(Object(App\Controllers\Deskapp\Dashboard))
#6 C:\xampp\htdocs\MS\system\CodeIgniter.php(332): CodeIgniter\CodeIgniter->handleRequest(NULL, Object(Config\Cache), false)
#7 C:\xampp\htdocs\MS\index.php(44): CodeIgniter\CodeIgniter->run()
#8 {main}
CRITICAL - 2023-08-09 06:04:05 --> Undefined array key "id_project"
#0 C:\xampp\htdocs\MS\app\Views\deskapp\dashboard\index.php(11556): CodeIgniter\Debug\Exceptions->errorHandler(2, 'Undefined array...', 'C:\\xampp\\htdocs...', 11556)
#1 C:\xampp\htdocs\MS\system\View\View.php(223): include('C:\\xampp\\htdocs...')
#2 C:\xampp\htdocs\MS\system\Common.php(1213): CodeIgniter\View\View->render('deskapp/dashboa...', Array, true)
#3 C:\xampp\htdocs\MS\app\Controllers\Deskapp\Dashboard.php(28): view('deskapp/dashboa...', Array)
#4 C:\xampp\htdocs\MS\system\CodeIgniter.php(935): App\Controllers\Deskapp\Dashboard->index()
#5 C:\xampp\htdocs\MS\system\CodeIgniter.php(431): CodeIgniter\CodeIgniter->runController(Object(App\Controllers\Deskapp\Dashboard))
#6 C:\xampp\htdocs\MS\system\CodeIgniter.php(332): CodeIgniter\CodeIgniter->handleRequest(NULL, Object(Config\Cache), false)
#7 C:\xampp\htdocs\MS\index.php(44): CodeIgniter\CodeIgniter->run()
#8 {main}
CRITICAL - 2023-08-09 06:06:57 --> Undefined array key "id_project"
#0 C:\xampp\htdocs\MS\app\Views\deskapp\dashboard\index.php(11556): CodeIgniter\Debug\Exceptions->errorHandler(2, 'Undefined array...', 'C:\\xampp\\htdocs...', 11556)
#1 C:\xampp\htdocs\MS\system\View\View.php(223): include('C:\\xampp\\htdocs...')
#2 C:\xampp\htdocs\MS\system\Common.php(1213): CodeIgniter\View\View->render('deskapp/dashboa...', Array, true)
#3 C:\xampp\htdocs\MS\app\Controllers\Deskapp\Dashboard.php(28): view('deskapp/dashboa...', Array)
#4 C:\xampp\htdocs\MS\system\CodeIgniter.php(935): App\Controllers\Deskapp\Dashboard->index()
#5 C:\xampp\htdocs\MS\system\CodeIgniter.php(431): CodeIgniter\CodeIgniter->runController(Object(App\Controllers\Deskapp\Dashboard))
#6 C:\xampp\htdocs\MS\system\CodeIgniter.php(332): CodeIgniter\CodeIgniter->handleRequest(NULL, Object(Config\Cache), false)
#7 C:\xampp\htdocs\MS\index.php(44): CodeIgniter\CodeIgniter->run()
#8 {main}
CRITICAL - 2023-08-09 06:07:10 --> Undefined array key "id_project"
#0 C:\xampp\htdocs\MS\app\Views\deskapp\dashboard\index.php(11556): CodeIgniter\Debug\Exceptions->errorHandler(2, 'Undefined array...', 'C:\\xampp\\htdocs...', 11556)
#1 C:\xampp\htdocs\MS\system\View\View.php(223): include('C:\\xampp\\htdocs...')
#2 C:\xampp\htdocs\MS\system\Common.php(1213): CodeIgniter\View\View->render('deskapp/dashboa...', Array, true)
#3 C:\xampp\htdocs\MS\app\Controllers\Deskapp\Dashboard.php(28): view('deskapp/dashboa...', Array)
#4 C:\xampp\htdocs\MS\system\CodeIgniter.php(935): App\Controllers\Deskapp\Dashboard->index()
#5 C:\xampp\htdocs\MS\system\CodeIgniter.php(431): CodeIgniter\CodeIgniter->runController(Object(App\Controllers\Deskapp\Dashboard))
#6 C:\xampp\htdocs\MS\system\CodeIgniter.php(332): CodeIgniter\CodeIgniter->handleRequest(NULL, Object(Config\Cache), false)
#7 C:\xampp\htdocs\MS\index.php(44): CodeIgniter\CodeIgniter->run()
#8 {main}
CRITICAL - 2023-08-09 06:08:07 --> Undefined variable $project_data
#0 C:\xampp\htdocs\MS\app\Views\deskapp\dashboard\index.php(11535): CodeIgniter\Debug\Exceptions->errorHandler(2, 'Undefined varia...', 'C:\\xampp\\htdocs...', 11535)
#1 C:\xampp\htdocs\MS\system\View\View.php(223): include('C:\\xampp\\htdocs...')
#2 C:\xampp\htdocs\MS\system\Common.php(1213): CodeIgniter\View\View->render('deskapp/dashboa...', Array, true)
#3 C:\xampp\htdocs\MS\app\Controllers\Deskapp\Dashboard.php(20): view('deskapp/dashboa...', Array)
#4 C:\xampp\htdocs\MS\system\CodeIgniter.php(935): App\Controllers\Deskapp\Dashboard->index()
#5 C:\xampp\htdocs\MS\system\CodeIgniter.php(431): CodeIgniter\CodeIgniter->runController(Object(App\Controllers\Deskapp\Dashboard))
#6 C:\xampp\htdocs\MS\system\CodeIgniter.php(332): CodeIgniter\CodeIgniter->handleRequest(NULL, Object(Config\Cache), false)
#7 C:\xampp\htdocs\MS\index.php(44): CodeIgniter\CodeIgniter->run()
#8 {main}
CRITICAL - 2023-08-09 06:11:19 --> Undefined array key "id_project"
#0 C:\xampp\htdocs\MS\app\Views\deskapp\dashboard\index.php(11556): CodeIgniter\Debug\Exceptions->errorHandler(2, 'Undefined array...', 'C:\\xampp\\htdocs...', 11556)
#1 C:\xampp\htdocs\MS\system\View\View.php(223): include('C:\\xampp\\htdocs...')
#2 C:\xampp\htdocs\MS\system\Common.php(1213): CodeIgniter\View\View->render('deskapp/dashboa...', Array, true)
#3 C:\xampp\htdocs\MS\app\Controllers\Deskapp\Dashboard.php(39): view('deskapp/dashboa...', Array)
#4 C:\xampp\htdocs\MS\system\CodeIgniter.php(935): App\Controllers\Deskapp\Dashboard->index()
#5 C:\xampp\htdocs\MS\system\CodeIgniter.php(431): CodeIgniter\CodeIgniter->runController(Object(App\Controllers\Deskapp\Dashboard))
#6 C:\xampp\htdocs\MS\system\CodeIgniter.php(332): CodeIgniter\CodeIgniter->handleRequest(NULL, Object(Config\Cache), false)
#7 C:\xampp\htdocs\MS\index.php(44): CodeIgniter\CodeIgniter->run()
#8 {main}
CRITICAL - 2023-08-09 06:12:00 --> Undefined array key "id_project"
#0 C:\xampp\htdocs\MS\app\Views\deskapp\dashboard\index.php(11556): CodeIgniter\Debug\Exceptions->errorHandler(2, 'Undefined array...', 'C:\\xampp\\htdocs...', 11556)
#1 C:\xampp\htdocs\MS\system\View\View.php(223): include('C:\\xampp\\htdocs...')
#2 C:\xampp\htdocs\MS\system\Common.php(1213): CodeIgniter\View\View->render('deskapp/dashboa...', Array, true)
#3 C:\xampp\htdocs\MS\app\Controllers\Deskapp\Dashboard.php(39): view('deskapp/dashboa...', Array)
#4 C:\xampp\htdocs\MS\system\CodeIgniter.php(935): App\Controllers\Deskapp\Dashboard->index()
#5 C:\xampp\htdocs\MS\system\CodeIgniter.php(431): CodeIgniter\CodeIgniter->runController(Object(App\Controllers\Deskapp\Dashboard))
#6 C:\xampp\htdocs\MS\system\CodeIgniter.php(332): CodeIgniter\CodeIgniter->handleRequest(NULL, Object(Config\Cache), false)
#7 C:\xampp\htdocs\MS\index.php(44): CodeIgniter\CodeIgniter->run()
#8 {main}
CRITICAL - 2023-08-09 06:12:48 --> Undefined array key "id_project"
#0 C:\xampp\htdocs\MS\app\Views\deskapp\dashboard\index.php(11556): CodeIgniter\Debug\Exceptions->errorHandler(2, 'Undefined array...', 'C:\\xampp\\htdocs...', 11556)
#1 C:\xampp\htdocs\MS\system\View\View.php(223): include('C:\\xampp\\htdocs...')
#2 C:\xampp\htdocs\MS\system\Common.php(1213): CodeIgniter\View\View->render('deskapp/dashboa...', Array, true)
#3 C:\xampp\htdocs\MS\app\Controllers\Deskapp\Dashboard.php(39): view('deskapp/dashboa...', Array)
#4 C:\xampp\htdocs\MS\system\CodeIgniter.php(935): App\Controllers\Deskapp\Dashboard->index()
#5 C:\xampp\htdocs\MS\system\CodeIgniter.php(431): CodeIgniter\CodeIgniter->runController(Object(App\Controllers\Deskapp\Dashboard))
#6 C:\xampp\htdocs\MS\system\CodeIgniter.php(332): CodeIgniter\CodeIgniter->handleRequest(NULL, Object(Config\Cache), false)
#7 C:\xampp\htdocs\MS\index.php(44): CodeIgniter\CodeIgniter->run()
#8 {main}
CRITICAL - 2023-08-09 06:20:09 --> Undefined array key "id_project"
#0 C:\xampp\htdocs\MS\app\Views\deskapp\dashboard\index.php(11556): CodeIgniter\Debug\Exceptions->errorHandler(2, 'Undefined array...', 'C:\\xampp\\htdocs...', 11556)
#1 C:\xampp\htdocs\MS\system\View\View.php(223): include('C:\\xampp\\htdocs...')
#2 C:\xampp\htdocs\MS\system\Common.php(1213): CodeIgniter\View\View->render('deskapp/dashboa...', Array, true)
#3 C:\xampp\htdocs\MS\app\Controllers\Deskapp\Dashboard.php(37): view('deskapp/dashboa...', Array)
#4 C:\xampp\htdocs\MS\system\CodeIgniter.php(935): App\Controllers\Deskapp\Dashboard->index()
#5 C:\xampp\htdocs\MS\system\CodeIgniter.php(431): CodeIgniter\CodeIgniter->runController(Object(App\Controllers\Deskapp\Dashboard))
#6 C:\xampp\htdocs\MS\system\CodeIgniter.php(332): CodeIgniter\CodeIgniter->handleRequest(NULL, Object(Config\Cache), false)
#7 C:\xampp\htdocs\MS\index.php(44): CodeIgniter\CodeIgniter->run()
#8 {main}
CRITICAL - 2023-08-09 06:22:24 --> syntax error, unexpected single-quoted string "id_project", expecting ")"
#0 C:\xampp\htdocs\MS\system\Autoloader\Autoloader.php(274): CodeIgniter\Autoloader\Autoloader->includeFile('C:\\xampp\\htdocs...')
#1 C:\xampp\htdocs\MS\system\Autoloader\Autoloader.php(228): CodeIgniter\Autoloader\Autoloader->loadInNamespace('App\\Models\\Proj...')
#2 C:\xampp\htdocs\MS\app\Controllers\Deskapp\Dashboard.php(18): CodeIgniter\Autoloader\Autoloader->loadClass('App\\Models\\Proj...')
#3 C:\xampp\htdocs\MS\system\CodeIgniter.php(935): App\Controllers\Deskapp\Dashboard->index()
#4 C:\xampp\htdocs\MS\system\CodeIgniter.php(431): CodeIgniter\CodeIgniter->runController(Object(App\Controllers\Deskapp\Dashboard))
#5 C:\xampp\htdocs\MS\system\CodeIgniter.php(332): CodeIgniter\CodeIgniter->handleRequest(NULL, Object(Config\Cache), false)
#6 C:\xampp\htdocs\MS\index.php(44): CodeIgniter\CodeIgniter->run()
#7 {main}
CRITICAL - 2023-08-09 06:23:13 --> syntax error, unexpected single-quoted string "id_project", expecting ")"
#0 C:\xampp\htdocs\MS\system\Autoloader\Autoloader.php(274): CodeIgniter\Autoloader\Autoloader->includeFile('C:\\xampp\\htdocs...')
#1 C:\xampp\htdocs\MS\system\Autoloader\Autoloader.php(228): CodeIgniter\Autoloader\Autoloader->loadInNamespace('App\\Models\\Proj...')
#2 C:\xampp\htdocs\MS\app\Controllers\Deskapp\Dashboard.php(18): CodeIgniter\Autoloader\Autoloader->loadClass('App\\Models\\Proj...')
#3 C:\xampp\htdocs\MS\system\CodeIgniter.php(935): App\Controllers\Deskapp\Dashboard->index()
#4 C:\xampp\htdocs\MS\system\CodeIgniter.php(431): CodeIgniter\CodeIgniter->runController(Object(App\Controllers\Deskapp\Dashboard))
#5 C:\xampp\htdocs\MS\system\CodeIgniter.php(332): CodeIgniter\CodeIgniter->handleRequest(NULL, Object(Config\Cache), false)
#6 C:\xampp\htdocs\MS\index.php(44): CodeIgniter\CodeIgniter->run()
#7 {main}
CRITICAL - 2023-08-09 06:23:36 --> syntax error, unexpected single-quoted string "id_project", expecting ")"
#0 C:\xampp\htdocs\MS\system\Autoloader\Autoloader.php(274): CodeIgniter\Autoloader\Autoloader->includeFile('C:\\xampp\\htdocs...')
#1 C:\xampp\htdocs\MS\system\Autoloader\Autoloader.php(228): CodeIgniter\Autoloader\Autoloader->loadInNamespace('App\\Models\\Proj...')
#2 C:\xampp\htdocs\MS\app\Controllers\Deskapp\Dashboard.php(18): CodeIgniter\Autoloader\Autoloader->loadClass('App\\Models\\Proj...')
#3 C:\xampp\htdocs\MS\system\CodeIgniter.php(935): App\Controllers\Deskapp\Dashboard->index()
#4 C:\xampp\htdocs\MS\system\CodeIgniter.php(431): CodeIgniter\CodeIgniter->runController(Object(App\Controllers\Deskapp\Dashboard))
#5 C:\xampp\htdocs\MS\system\CodeIgniter.php(332): CodeIgniter\CodeIgniter->handleRequest(NULL, Object(Config\Cache), false)
#6 C:\xampp\htdocs\MS\index.php(44): CodeIgniter\CodeIgniter->run()
#7 {main}
=======
=======
CRITICAL - 2023-08-09 04:09:59 --> Undefined array key "states"
#0 C:\xampp\htdocs\MS\app\Views\deskapp\ui\ui-sweet-alert.php(450): CodeIgniter\Debug\Exceptions->errorHandler(2, 'Undefined array...', 'C:\\xampp\\htdocs...', 450)
#1 C:\xampp\htdocs\MS\system\View\View.php(223): include('C:\\xampp\\htdocs...')
#2 C:\xampp\htdocs\MS\system\Common.php(1213): CodeIgniter\View\View->render('deskapp/ui/ui-s...', Array, true)
#3 C:\xampp\htdocs\MS\app\Controllers\Deskapp\Ui.php(300): view('deskapp/ui/ui-s...', Array)
#4 C:\xampp\htdocs\MS\system\CodeIgniter.php(935): App\Controllers\Deskapp\Ui->sweetAlert()
#5 C:\xampp\htdocs\MS\system\CodeIgniter.php(431): CodeIgniter\CodeIgniter->runController(Object(App\Controllers\Deskapp\Ui))
#6 C:\xampp\htdocs\MS\system\CodeIgniter.php(332): CodeIgniter\CodeIgniter->handleRequest(NULL, Object(Config\Cache), false)
#7 C:\xampp\htdocs\MS\index.php(44): CodeIgniter\CodeIgniter->run()
#8 {main}
CRITICAL - 2023-08-09 04:10:02 --> Undefined array key "states"
#0 C:\xampp\htdocs\MS\app\Views\deskapp\ui\ui-sweet-alert.php(450): CodeIgniter\Debug\Exceptions->errorHandler(2, 'Undefined array...', 'C:\\xampp\\htdocs...', 450)
#1 C:\xampp\htdocs\MS\system\View\View.php(223): include('C:\\xampp\\htdocs...')
#2 C:\xampp\htdocs\MS\system\Common.php(1213): CodeIgniter\View\View->render('deskapp/ui/ui-s...', Array, true)
#3 C:\xampp\htdocs\MS\app\Controllers\Deskapp\Ui.php(300): view('deskapp/ui/ui-s...', Array)
#4 C:\xampp\htdocs\MS\system\CodeIgniter.php(935): App\Controllers\Deskapp\Ui->sweetAlert()
#5 C:\xampp\htdocs\MS\system\CodeIgniter.php(431): CodeIgniter\CodeIgniter->runController(Object(App\Controllers\Deskapp\Ui))
#6 C:\xampp\htdocs\MS\system\CodeIgniter.php(332): CodeIgniter\CodeIgniter->handleRequest(NULL, Object(Config\Cache), false)
#7 C:\xampp\htdocs\MS\index.php(44): CodeIgniter\CodeIgniter->run()
#8 {main}
CRITICAL - 2023-08-09 04:10:06 --> Undefined array key "states"
#0 C:\xampp\htdocs\MS\app\Views\deskapp\ui\ui-sweet-alert.php(450): CodeIgniter\Debug\Exceptions->errorHandler(2, 'Undefined array...', 'C:\\xampp\\htdocs...', 450)
#1 C:\xampp\htdocs\MS\system\View\View.php(223): include('C:\\xampp\\htdocs...')
#2 C:\xampp\htdocs\MS\system\Common.php(1213): CodeIgniter\View\View->render('deskapp/ui/ui-s...', Array, true)
#3 C:\xampp\htdocs\MS\app\Controllers\Deskapp\Ui.php(300): view('deskapp/ui/ui-s...', Array)
#4 C:\xampp\htdocs\MS\system\CodeIgniter.php(935): App\Controllers\Deskapp\Ui->sweetAlert()
#5 C:\xampp\htdocs\MS\system\CodeIgniter.php(431): CodeIgniter\CodeIgniter->runController(Object(App\Controllers\Deskapp\Ui))
#6 C:\xampp\htdocs\MS\system\CodeIgniter.php(332): CodeIgniter\CodeIgniter->handleRequest(NULL, Object(Config\Cache), false)
#7 C:\xampp\htdocs\MS\index.php(44): CodeIgniter\CodeIgniter->run()
#8 {main}
CRITICAL - 2023-08-09 04:10:09 --> Undefined array key "states"
#0 C:\xampp\htdocs\MS\app\Views\deskapp\ui\ui-sweet-alert.php(450): CodeIgniter\Debug\Exceptions->errorHandler(2, 'Undefined array...', 'C:\\xampp\\htdocs...', 450)
#1 C:\xampp\htdocs\MS\system\View\View.php(223): include('C:\\xampp\\htdocs...')
#2 C:\xampp\htdocs\MS\system\Common.php(1213): CodeIgniter\View\View->render('deskapp/ui/ui-s...', Array, true)
#3 C:\xampp\htdocs\MS\app\Controllers\Deskapp\Ui.php(300): view('deskapp/ui/ui-s...', Array)
#4 C:\xampp\htdocs\MS\system\CodeIgniter.php(935): App\Controllers\Deskapp\Ui->sweetAlert()
#5 C:\xampp\htdocs\MS\system\CodeIgniter.php(431): CodeIgniter\CodeIgniter->runController(Object(App\Controllers\Deskapp\Ui))
#6 C:\xampp\htdocs\MS\system\CodeIgniter.php(332): CodeIgniter\CodeIgniter->handleRequest(NULL, Object(Config\Cache), false)
#7 C:\xampp\htdocs\MS\index.php(44): CodeIgniter\CodeIgniter->run()
#8 {main}
<<<<<<< HEAD
CRITICAL - 2023-08-09 04:13:41 --> Undefined array key "states"
#0 C:\xampp\htdocs\MS\app\Views\deskapp\ui\ui-sweet-alert.php(450): CodeIgniter\Debug\Exceptions->errorHandler(2, 'Undefined array...', 'C:\\xampp\\htdocs...', 450)
#1 C:\xampp\htdocs\MS\system\View\View.php(223): include('C:\\xampp\\htdocs...')
#2 C:\xampp\htdocs\MS\system\Common.php(1213): CodeIgniter\View\View->render('deskapp/ui/ui-s...', Array, true)
#3 C:\xampp\htdocs\MS\app\Controllers\Deskapp\Ui.php(300): view('deskapp/ui/ui-s...', Array)
#4 C:\xampp\htdocs\MS\system\CodeIgniter.php(935): App\Controllers\Deskapp\Ui->sweetAlert()
#5 C:\xampp\htdocs\MS\system\CodeIgniter.php(431): CodeIgniter\CodeIgniter->runController(Object(App\Controllers\Deskapp\Ui))
#6 C:\xampp\htdocs\MS\system\CodeIgniter.php(332): CodeIgniter\CodeIgniter->handleRequest(NULL, Object(Config\Cache), false)
#7 C:\xampp\htdocs\MS\index.php(44): CodeIgniter\CodeIgniter->run()
#8 {main}
CRITICAL - 2023-08-09 04:24:00 --> Undefined array key "states"
#0 C:\xampp\htdocs\MS\app\Views\deskapp\ui\ui-sweet-alert.php(450): CodeIgniter\Debug\Exceptions->errorHandler(2, 'Undefined array...', 'C:\\xampp\\htdocs...', 450)
#1 C:\xampp\htdocs\MS\system\View\View.php(223): include('C:\\xampp\\htdocs...')
#2 C:\xampp\htdocs\MS\system\Common.php(1213): CodeIgniter\View\View->render('deskapp/ui/ui-s...', Array, true)
#3 C:\xampp\htdocs\MS\app\Controllers\Deskapp\Ui.php(300): view('deskapp/ui/ui-s...', Array)
#4 C:\xampp\htdocs\MS\system\CodeIgniter.php(935): App\Controllers\Deskapp\Ui->sweetAlert()
#5 C:\xampp\htdocs\MS\system\CodeIgniter.php(431): CodeIgniter\CodeIgniter->runController(Object(App\Controllers\Deskapp\Ui))
#6 C:\xampp\htdocs\MS\system\CodeIgniter.php(332): CodeIgniter\CodeIgniter->handleRequest(NULL, Object(Config\Cache), false)
#7 C:\xampp\htdocs\MS\index.php(44): CodeIgniter\CodeIgniter->run()
#8 {main}
CRITICAL - 2023-08-09 04:24:07 --> Undefined array key "states"
#0 C:\xampp\htdocs\MS\app\Views\deskapp\ui\ui-sweet-alert.php(450): CodeIgniter\Debug\Exceptions->errorHandler(2, 'Undefined array...', 'C:\\xampp\\htdocs...', 450)
#1 C:\xampp\htdocs\MS\system\View\View.php(223): include('C:\\xampp\\htdocs...')
#2 C:\xampp\htdocs\MS\system\Common.php(1213): CodeIgniter\View\View->render('deskapp/ui/ui-s...', Array, true)
#3 C:\xampp\htdocs\MS\app\Controllers\Deskapp\Ui.php(300): view('deskapp/ui/ui-s...', Array)
#4 C:\xampp\htdocs\MS\system\CodeIgniter.php(935): App\Controllers\Deskapp\Ui->sweetAlert()
#5 C:\xampp\htdocs\MS\system\CodeIgniter.php(431): CodeIgniter\CodeIgniter->runController(Object(App\Controllers\Deskapp\Ui))
#6 C:\xampp\htdocs\MS\system\CodeIgniter.php(332): CodeIgniter\CodeIgniter->handleRequest(NULL, Object(Config\Cache), false)
#7 C:\xampp\htdocs\MS\index.php(44): CodeIgniter\CodeIgniter->run()
#8 {main}
CRITICAL - 2023-08-09 04:24:11 --> Undefined array key "states"
#0 C:\xampp\htdocs\MS\app\Views\deskapp\ui\ui-sweet-alert.php(450): CodeIgniter\Debug\Exceptions->errorHandler(2, 'Undefined array...', 'C:\\xampp\\htdocs...', 450)
#1 C:\xampp\htdocs\MS\system\View\View.php(223): include('C:\\xampp\\htdocs...')
#2 C:\xampp\htdocs\MS\system\Common.php(1213): CodeIgniter\View\View->render('deskapp/ui/ui-s...', Array, true)
#3 C:\xampp\htdocs\MS\app\Controllers\Deskapp\Ui.php(300): view('deskapp/ui/ui-s...', Array)
#4 C:\xampp\htdocs\MS\system\CodeIgniter.php(935): App\Controllers\Deskapp\Ui->sweetAlert()
#5 C:\xampp\htdocs\MS\system\CodeIgniter.php(431): CodeIgniter\CodeIgniter->runController(Object(App\Controllers\Deskapp\Ui))
#6 C:\xampp\htdocs\MS\system\CodeIgniter.php(332): CodeIgniter\CodeIgniter->handleRequest(NULL, Object(Config\Cache), false)
#7 C:\xampp\htdocs\MS\index.php(44): CodeIgniter\CodeIgniter->run()
#8 {main}
CRITICAL - 2023-08-09 04:25:03 --> Undefined array key "states"
#0 C:\xampp\htdocs\MS\app\Views\deskapp\ui\ui-sweet-alert.php(450): CodeIgniter\Debug\Exceptions->errorHandler(2, 'Undefined array...', 'C:\\xampp\\htdocs...', 450)
#1 C:\xampp\htdocs\MS\system\View\View.php(223): include('C:\\xampp\\htdocs...')
#2 C:\xampp\htdocs\MS\system\Common.php(1213): CodeIgniter\View\View->render('deskapp/ui/ui-s...', Array, true)
#3 C:\xampp\htdocs\MS\app\Controllers\Deskapp\Ui.php(300): view('deskapp/ui/ui-s...', Array)
#4 C:\xampp\htdocs\MS\system\CodeIgniter.php(935): App\Controllers\Deskapp\Ui->sweetAlert()
#5 C:\xampp\htdocs\MS\system\CodeIgniter.php(431): CodeIgniter\CodeIgniter->runController(Object(App\Controllers\Deskapp\Ui))
#6 C:\xampp\htdocs\MS\system\CodeIgniter.php(332): CodeIgniter\CodeIgniter->handleRequest(NULL, Object(Config\Cache), false)
#7 C:\xampp\htdocs\MS\index.php(44): CodeIgniter\CodeIgniter->run()
#8 {main}
CRITICAL - 2023-08-09 04:26:20 --> Undefined array key "states"
#0 C:\xampp\htdocs\MS\app\Views\deskapp\ui\ui-sweet-alert.php(450): CodeIgniter\Debug\Exceptions->errorHandler(2, 'Undefined array...', 'C:\\xampp\\htdocs...', 450)
#1 C:\xampp\htdocs\MS\system\View\View.php(223): include('C:\\xampp\\htdocs...')
#2 C:\xampp\htdocs\MS\system\Common.php(1213): CodeIgniter\View\View->render('deskapp/ui/ui-s...', Array, true)
#3 C:\xampp\htdocs\MS\app\Controllers\Deskapp\Ui.php(300): view('deskapp/ui/ui-s...', Array)
#4 C:\xampp\htdocs\MS\system\CodeIgniter.php(935): App\Controllers\Deskapp\Ui->sweetAlert()
#5 C:\xampp\htdocs\MS\system\CodeIgniter.php(431): CodeIgniter\CodeIgniter->runController(Object(App\Controllers\Deskapp\Ui))
#6 C:\xampp\htdocs\MS\system\CodeIgniter.php(332): CodeIgniter\CodeIgniter->handleRequest(NULL, Object(Config\Cache), false)
#7 C:\xampp\htdocs\MS\index.php(44): CodeIgniter\CodeIgniter->run()
#8 {main}
CRITICAL - 2023-08-09 04:27:09 --> Undefined array key "states"
#0 C:\xampp\htdocs\MS\app\Views\deskapp\ui\ui-sweet-alert.php(450): CodeIgniter\Debug\Exceptions->errorHandler(2, 'Undefined array...', 'C:\\xampp\\htdocs...', 450)
#1 C:\xampp\htdocs\MS\system\View\View.php(223): include('C:\\xampp\\htdocs...')
#2 C:\xampp\htdocs\MS\system\Common.php(1213): CodeIgniter\View\View->render('deskapp/ui/ui-s...', Array, true)
#3 C:\xampp\htdocs\MS\app\Controllers\Deskapp\Ui.php(300): view('deskapp/ui/ui-s...', Array)
#4 C:\xampp\htdocs\MS\system\CodeIgniter.php(935): App\Controllers\Deskapp\Ui->sweetAlert()
#5 C:\xampp\htdocs\MS\system\CodeIgniter.php(431): CodeIgniter\CodeIgniter->runController(Object(App\Controllers\Deskapp\Ui))
#6 C:\xampp\htdocs\MS\system\CodeIgniter.php(332): CodeIgniter\CodeIgniter->handleRequest(NULL, Object(Config\Cache), false)
#7 C:\xampp\htdocs\MS\index.php(44): CodeIgniter\CodeIgniter->run()
#8 {main}
=======
>>>>>>> 22daaca5d49bb8791dfcaa4c00a99cccdd8ab8bb
>>>>>>> a9597d844874c934bd810674195722cf598690df
<<<<<<< HEAD
CRITICAL - 2023-08-09 07:41:01 --> Undefined array key "states"
=======
CRITICAL - 2023-08-09 07:39:13 --> Undefined array key "states"
>>>>>>> 1d01c25e0a6824d43f12af6f6e25d9f8a58396da
#0 C:\xampp\htdocs\MS\app\Views\deskapp\ui\ui-sweet-alert.php(450): CodeIgniter\Debug\Exceptions->errorHandler(2, 'Undefined array...', 'C:\\xampp\\htdocs...', 450)
#1 C:\xampp\htdocs\MS\system\View\View.php(223): include('C:\\xampp\\htdocs...')
#2 C:\xampp\htdocs\MS\system\Common.php(1213): CodeIgniter\View\View->render('deskapp/ui/ui-s...', Array, true)
#3 C:\xampp\htdocs\MS\app\Controllers\Deskapp\Ui.php(303): view('deskapp/ui/ui-s...', Array)
#4 C:\xampp\htdocs\MS\system\CodeIgniter.php(935): App\Controllers\Deskapp\Ui->sweetAlert()
#5 C:\xampp\htdocs\MS\system\CodeIgniter.php(431): CodeIgniter\CodeIgniter->runController(Object(App\Controllers\Deskapp\Ui))
#6 C:\xampp\htdocs\MS\system\CodeIgniter.php(332): CodeIgniter\CodeIgniter->handleRequest(NULL, Object(Config\Cache), false)
#7 C:\xampp\htdocs\MS\index.php(44): CodeIgniter\CodeIgniter->run()
#8 {main}
<<<<<<< HEAD
CRITICAL - 2023-08-09 07:47:22 --> Undefined array key "states"
=======
CRITICAL - 2023-08-09 07:39:41 --> Undefined array key "states"
#0 C:\xampp\htdocs\MS\app\Views\deskapp\ui\ui-sweet-alert.php(450): CodeIgniter\Debug\Exceptions->errorHandler(2, 'Undefined array...', 'C:\\xampp\\htdocs...', 450)
#1 C:\xampp\htdocs\MS\system\View\View.php(223): include('C:\\xampp\\htdocs...')
#2 C:\xampp\htdocs\MS\system\Common.php(1213): CodeIgniter\View\View->render('deskapp/ui/ui-s...', Array, true)
#3 C:\xampp\htdocs\MS\app\Controllers\Deskapp\Ui.php(303): view('deskapp/ui/ui-s...', Array)
#4 C:\xampp\htdocs\MS\system\CodeIgniter.php(935): App\Controllers\Deskapp\Ui->sweetAlert()
#5 C:\xampp\htdocs\MS\system\CodeIgniter.php(431): CodeIgniter\CodeIgniter->runController(Object(App\Controllers\Deskapp\Ui))
#6 C:\xampp\htdocs\MS\system\CodeIgniter.php(332): CodeIgniter\CodeIgniter->handleRequest(NULL, Object(Config\Cache), false)
#7 C:\xampp\htdocs\MS\index.php(44): CodeIgniter\CodeIgniter->run()
#8 {main}
CRITICAL - 2023-08-09 07:45:20 --> Undefined array key "states"
>>>>>>> 1d01c25e0a6824d43f12af6f6e25d9f8a58396da
#0 C:\xampp\htdocs\MS\app\Views\deskapp\ui\ui-sweet-alert.php(450): CodeIgniter\Debug\Exceptions->errorHandler(2, 'Undefined array...', 'C:\\xampp\\htdocs...', 450)
#1 C:\xampp\htdocs\MS\system\View\View.php(223): include('C:\\xampp\\htdocs...')
#2 C:\xampp\htdocs\MS\system\Common.php(1213): CodeIgniter\View\View->render('deskapp/ui/ui-s...', Array, true)
#3 C:\xampp\htdocs\MS\app\Controllers\Deskapp\Ui.php(303): view('deskapp/ui/ui-s...', Array)
#4 C:\xampp\htdocs\MS\system\CodeIgniter.php(935): App\Controllers\Deskapp\Ui->sweetAlert()
#5 C:\xampp\htdocs\MS\system\CodeIgniter.php(431): CodeIgniter\CodeIgniter->runController(Object(App\Controllers\Deskapp\Ui))
#6 C:\xampp\htdocs\MS\system\CodeIgniter.php(332): CodeIgniter\CodeIgniter->handleRequest(NULL, Object(Config\Cache), false)
#7 C:\xampp\htdocs\MS\index.php(44): CodeIgniter\CodeIgniter->run()
#8 {main}
