CRITICAL - 2023-08-12 00:16:06 --> syntax error, unexpected single-quoted string "details", expecting "]"
#0 C:\xampp\htdocs\MS\system\Router\Router.php(170): CodeIgniter\Router\Router->autoRoute('deskapp/forms/w...')
#1 C:\xampp\htdocs\MS\system\CodeIgniter.php(815): CodeIgniter\Router\Router->handle('deskapp/forms/w...')
#2 C:\xampp\htdocs\MS\system\CodeIgniter.php(384): CodeIgniter\CodeIgniter->tryToRouteIt(Object(CodeIgniter\Router\RouteCollection))
#3 C:\xampp\htdocs\MS\system\CodeIgniter.php(332): CodeIgniter\CodeIgniter->handleRequest(NULL, Object(Config\Cache), false)
#4 C:\xampp\htdocs\MS\index.php(44): CodeIgniter\CodeIgniter->run()
#5 {main}
CRITICAL - 2023-08-12 00:16:28 --> syntax error, unexpected single-quoted string "details", expecting "]"
#0 C:\xampp\htdocs\MS\system\Router\Router.php(170): CodeIgniter\Router\Router->autoRoute('deskapp/forms/w...')
#1 C:\xampp\htdocs\MS\system\CodeIgniter.php(815): CodeIgniter\Router\Router->handle('deskapp/forms/w...')
#2 C:\xampp\htdocs\MS\system\CodeIgniter.php(384): CodeIgniter\CodeIgniter->tryToRouteIt(Object(CodeIgniter\Router\RouteCollection))
#3 C:\xampp\htdocs\MS\system\CodeIgniter.php(332): CodeIgniter\CodeIgniter->handleRequest(NULL, Object(Config\Cache), false)
#4 C:\xampp\htdocs\MS\index.php(44): CodeIgniter\CodeIgniter->run()
#5 {main}
CRITICAL - 2023-08-12 00:18:03 --> syntax error, unexpected single-quoted string "details", expecting "]"
#0 C:\xampp\htdocs\MS\system\Router\Router.php(170): CodeIgniter\Router\Router->autoRoute('deskapp/forms/w...')
#1 C:\xampp\htdocs\MS\system\CodeIgniter.php(815): CodeIgniter\Router\Router->handle('deskapp/forms/w...')
#2 C:\xampp\htdocs\MS\system\CodeIgniter.php(384): CodeIgniter\CodeIgniter->tryToRouteIt(Object(CodeIgniter\Router\RouteCollection))
#3 C:\xampp\htdocs\MS\system\CodeIgniter.php(332): CodeIgniter\CodeIgniter->handleRequest(NULL, Object(Config\Cache), false)
#4 C:\xampp\htdocs\MS\index.php(44): CodeIgniter\CodeIgniter->run()
#5 {main}
CRITICAL - 2023-08-12 00:19:08 --> syntax error, unexpected single-quoted string "details", expecting "]"
#0 C:\xampp\htdocs\MS\system\Router\Router.php(170): CodeIgniter\Router\Router->autoRoute('deskapp/forms/w...')
#1 C:\xampp\htdocs\MS\system\CodeIgniter.php(815): CodeIgniter\Router\Router->handle('deskapp/forms/w...')
#2 C:\xampp\htdocs\MS\system\CodeIgniter.php(384): CodeIgniter\CodeIgniter->tryToRouteIt(Object(CodeIgniter\Router\RouteCollection))
#3 C:\xampp\htdocs\MS\system\CodeIgniter.php(332): CodeIgniter\CodeIgniter->handleRequest(NULL, Object(Config\Cache), false)
#4 C:\xampp\htdocs\MS\index.php(44): CodeIgniter\CodeIgniter->run()
#5 {main}
CRITICAL - 2023-08-12 00:19:21 --> syntax error, unexpected single-quoted string "details", expecting "]"
#0 C:\xampp\htdocs\MS\system\Router\Router.php(170): CodeIgniter\Router\Router->autoRoute('deskapp/forms/w...')
#1 C:\xampp\htdocs\MS\system\CodeIgniter.php(815): CodeIgniter\Router\Router->handle('deskapp/forms/w...')
#2 C:\xampp\htdocs\MS\system\CodeIgniter.php(384): CodeIgniter\CodeIgniter->tryToRouteIt(Object(CodeIgniter\Router\RouteCollection))
#3 C:\xampp\htdocs\MS\system\CodeIgniter.php(332): CodeIgniter\CodeIgniter->handleRequest(NULL, Object(Config\Cache), false)
#4 C:\xampp\htdocs\MS\index.php(44): CodeIgniter\CodeIgniter->run()
#5 {main}
CRITICAL - 2023-08-12 00:19:47 --> syntax error, unexpected single-quoted string "details", expecting "]"
#0 C:\xampp\htdocs\MS\system\Router\Router.php(170): CodeIgniter\Router\Router->autoRoute('deskapp/forms/w...')
#1 C:\xampp\htdocs\MS\system\CodeIgniter.php(815): CodeIgniter\Router\Router->handle('deskapp/forms/w...')
#2 C:\xampp\htdocs\MS\system\CodeIgniter.php(384): CodeIgniter\CodeIgniter->tryToRouteIt(Object(CodeIgniter\Router\RouteCollection))
#3 C:\xampp\htdocs\MS\system\CodeIgniter.php(332): CodeIgniter\CodeIgniter->handleRequest(NULL, Object(Config\Cache), false)
#4 C:\xampp\htdocs\MS\index.php(44): CodeIgniter\CodeIgniter->run()
#5 {main}
CRITICAL - 2023-08-12 00:19:53 --> syntax error, unexpected single-quoted string "details", expecting "]"
#0 C:\xampp\htdocs\MS\system\Router\Router.php(170): CodeIgniter\Router\Router->autoRoute('deskapp/forms/w...')
#1 C:\xampp\htdocs\MS\system\CodeIgniter.php(815): CodeIgniter\Router\Router->handle('deskapp/forms/w...')
#2 C:\xampp\htdocs\MS\system\CodeIgniter.php(384): CodeIgniter\CodeIgniter->tryToRouteIt(Object(CodeIgniter\Router\RouteCollection))
#3 C:\xampp\htdocs\MS\system\CodeIgniter.php(332): CodeIgniter\CodeIgniter->handleRequest(NULL, Object(Config\Cache), false)
#4 C:\xampp\htdocs\MS\index.php(44): CodeIgniter\CodeIgniter->run()
#5 {main}
CRITICAL - 2023-08-12 00:23:14 --> syntax error, unexpected single-quoted string "details", expecting "]"
#0 C:\xampp\htdocs\MS\system\Router\Router.php(170): CodeIgniter\Router\Router->autoRoute('deskapp/forms/w...')
#1 C:\xampp\htdocs\MS\system\CodeIgniter.php(815): CodeIgniter\Router\Router->handle('deskapp/forms/w...')
#2 C:\xampp\htdocs\MS\system\CodeIgniter.php(384): CodeIgniter\CodeIgniter->tryToRouteIt(Object(CodeIgniter\Router\RouteCollection))
#3 C:\xampp\htdocs\MS\system\CodeIgniter.php(332): CodeIgniter\CodeIgniter->handleRequest(NULL, Object(Config\Cache), false)
#4 C:\xampp\htdocs\MS\index.php(44): CodeIgniter\CodeIgniter->run()
#5 {main}
CRITICAL - 2023-08-12 00:24:39 --> syntax error, unexpected single-quoted string "details", expecting "]"
#0 C:\xampp\htdocs\MS\system\Router\Router.php(170): CodeIgniter\Router\Router->autoRoute('deskapp/forms/w...')
#1 C:\xampp\htdocs\MS\system\CodeIgniter.php(815): CodeIgniter\Router\Router->handle('deskapp/forms/w...')
#2 C:\xampp\htdocs\MS\system\CodeIgniter.php(384): CodeIgniter\CodeIgniter->tryToRouteIt(Object(CodeIgniter\Router\RouteCollection))
#3 C:\xampp\htdocs\MS\system\CodeIgniter.php(332): CodeIgniter\CodeIgniter->handleRequest(NULL, Object(Config\Cache), false)
#4 C:\xampp\htdocs\MS\index.php(44): CodeIgniter\CodeIgniter->run()
#5 {main}
ERROR - 2023-08-12 11:54:32 --> mysqli_sql_exception: Unknown column 'user_id' in 'where clause' in C:\xampp\htdocs\MS\system\Database\MySQLi\Connection.php:314
Stack trace:
#0 C:\xampp\htdocs\MS\system\Database\MySQLi\Connection.php(314): mysqli->query('SELECT `name`\nF...')
#1 C:\xampp\htdocs\MS\system\Database\BaseConnection.php(715): CodeIgniter\Database\MySQLi\Connection->execute('SELECT `name`\nF...')
#2 C:\xampp\htdocs\MS\system\Database\BaseConnection.php(643): CodeIgniter\Database\BaseConnection->simpleQuery('SELECT `name`\nF...')
#3 C:\xampp\htdocs\MS\system\Database\BaseBuilder.php(1866): CodeIgniter\Database\BaseConnection->query('SELECT `name`\nF...', Array, false)
#4 C:\xampp\htdocs\MS\app\Models\UserModel.php(45): CodeIgniter\Database\BaseBuilder->get()
#5 C:\xampp\htdocs\MS\app\Controllers\Deskapp\Ui.php(177): App\Models\UserModel->getSelectedNamesForUser(NULL)
#6 C:\xampp\htdocs\MS\system\CodeIgniter.php(935): App\Controllers\Deskapp\Ui->cards()
#7 C:\xampp\htdocs\MS\system\CodeIgniter.php(431): CodeIgniter\CodeIgniter->runController(Object(App\Controllers\Deskapp\Ui))
#8 C:\xampp\htdocs\MS\system\CodeIgniter.php(332): CodeIgniter\CodeIgniter->handleRequest(NULL, Object(Config\Cache), false)
#9 C:\xampp\htdocs\MS\index.php(44): CodeIgniter\CodeIgniter->run()
#10 {main}
CRITICAL - 2023-08-12 13:02:28 --> Undefined array key "level#"
#0 C:\xampp\htdocs\MS\app\Views\deskapp\dashboard\index3.php(207): CodeIgniter\Debug\Exceptions->errorHandler(2, 'Undefined array...', 'C:\\xampp\\htdocs...', 207)
#1 C:\xampp\htdocs\MS\system\View\View.php(223): include('C:\\xampp\\htdocs...')
#2 C:\xampp\htdocs\MS\system\Common.php(1213): CodeIgniter\View\View->render('deskapp/dashboa...', Array, true)
#3 C:\xampp\htdocs\MS\app\Controllers\Deskapp\Dashboard.php(83): view('deskapp/dashboa...', Array)
#4 C:\xampp\htdocs\MS\system\CodeIgniter.php(935): App\Controllers\Deskapp\Dashboard->three()
#5 C:\xampp\htdocs\MS\system\CodeIgniter.php(431): CodeIgniter\CodeIgniter->runController(Object(App\Controllers\Deskapp\Dashboard))
#6 C:\xampp\htdocs\MS\system\CodeIgniter.php(332): CodeIgniter\CodeIgniter->handleRequest(NULL, Object(Config\Cache), false)
#7 C:\xampp\htdocs\MS\index.php(44): CodeIgniter\CodeIgniter->run()
#8 {main}
CRITICAL - 2023-08-12 13:04:11 --> syntax error, unexpected single-quoted string "level#", expecting ")"
#0 C:\xampp\htdocs\MS\system\Autoloader\Autoloader.php(274): CodeIgniter\Autoloader\Autoloader->includeFile('C:\\xampp\\htdocs...')
#1 C:\xampp\htdocs\MS\system\Autoloader\Autoloader.php(228): CodeIgniter\Autoloader\Autoloader->loadInNamespace('App\\Models\\Proj...')
#2 C:\xampp\htdocs\MS\app\Controllers\Deskapp\Dashboard.php(70): CodeIgniter\Autoloader\Autoloader->loadClass('App\\Models\\Proj...')
#3 C:\xampp\htdocs\MS\system\CodeIgniter.php(935): App\Controllers\Deskapp\Dashboard->three()
#4 C:\xampp\htdocs\MS\system\CodeIgniter.php(431): CodeIgniter\CodeIgniter->runController(Object(App\Controllers\Deskapp\Dashboard))
#5 C:\xampp\htdocs\MS\system\CodeIgniter.php(332): CodeIgniter\CodeIgniter->handleRequest(NULL, Object(Config\Cache), false)
#6 C:\xampp\htdocs\MS\index.php(44): CodeIgniter\CodeIgniter->run()
#7 {main}
CRITICAL - 2023-08-12 13:04:25 --> Undefined array key 0
#0 C:\xampp\htdocs\MS\app\Views\deskapp\dashboard\index3.php(207): CodeIgniter\Debug\Exceptions->errorHandler(2, 'Undefined array...', 'C:\\xampp\\htdocs...', 207)
#1 C:\xampp\htdocs\MS\system\View\View.php(223): include('C:\\xampp\\htdocs...')
#2 C:\xampp\htdocs\MS\system\Common.php(1213): CodeIgniter\View\View->render('deskapp/dashboa...', Array, true)
#3 C:\xampp\htdocs\MS\app\Controllers\Deskapp\Dashboard.php(80): view('deskapp/dashboa...', Array)
#4 C:\xampp\htdocs\MS\system\CodeIgniter.php(935): App\Controllers\Deskapp\Dashboard->three()
#5 C:\xampp\htdocs\MS\system\CodeIgniter.php(431): CodeIgniter\CodeIgniter->runController(Object(App\Controllers\Deskapp\Dashboard))
#6 C:\xampp\htdocs\MS\system\CodeIgniter.php(332): CodeIgniter\CodeIgniter->handleRequest(NULL, Object(Config\Cache), false)
#7 C:\xampp\htdocs\MS\index.php(44): CodeIgniter\CodeIgniter->run()
#8 {main}
CRITICAL - 2023-08-12 13:06:17 --> syntax error, unexpected token "endforeach", expecting "elseif" or "else" or "endif"
#0 C:\xampp\htdocs\MS\system\Common.php(1213): CodeIgniter\View\View->render('deskapp/dashboa...', Array, true)
#1 C:\xampp\htdocs\MS\app\Controllers\Deskapp\Dashboard.php(80): view('deskapp/dashboa...', Array)
#2 C:\xampp\htdocs\MS\system\CodeIgniter.php(935): App\Controllers\Deskapp\Dashboard->three()
#3 C:\xampp\htdocs\MS\system\CodeIgniter.php(431): CodeIgniter\CodeIgniter->runController(Object(App\Controllers\Deskapp\Dashboard))
#4 C:\xampp\htdocs\MS\system\CodeIgniter.php(332): CodeIgniter\CodeIgniter->handleRequest(NULL, Object(Config\Cache), false)
#5 C:\xampp\htdocs\MS\index.php(44): CodeIgniter\CodeIgniter->run()
#6 {main}
ERROR - 2023-08-12 13:51:16 --> mysqli_sql_exception: Unknown column 'user_id' in 'where clause' in C:\xampp\htdocs\MS\system\Database\MySQLi\Connection.php:314
Stack trace:
#0 C:\xampp\htdocs\MS\system\Database\MySQLi\Connection.php(314): mysqli->query('SELECT `name`\nF...')
#1 C:\xampp\htdocs\MS\system\Database\BaseConnection.php(715): CodeIgniter\Database\MySQLi\Connection->execute('SELECT `name`\nF...')
#2 C:\xampp\htdocs\MS\system\Database\BaseConnection.php(643): CodeIgniter\Database\BaseConnection->simpleQuery('SELECT `name`\nF...')
#3 C:\xampp\htdocs\MS\system\Database\BaseBuilder.php(1866): CodeIgniter\Database\BaseConnection->query('SELECT `name`\nF...', Array, false)
#4 C:\xampp\htdocs\MS\app\Models\UserModel.php(45): CodeIgniter\Database\BaseBuilder->get()
#5 C:\xampp\htdocs\MS\app\Controllers\Deskapp\Ui.php(177): App\Models\UserModel->getSelectedNamesForUser(NULL)
#6 C:\xampp\htdocs\MS\system\CodeIgniter.php(935): App\Controllers\Deskapp\Ui->cards()
#7 C:\xampp\htdocs\MS\system\CodeIgniter.php(431): CodeIgniter\CodeIgniter->runController(Object(App\Controllers\Deskapp\Ui))
#8 C:\xampp\htdocs\MS\system\CodeIgniter.php(332): CodeIgniter\CodeIgniter->handleRequest(NULL, Object(Config\Cache), false)
#9 C:\xampp\htdocs\MS\index.php(44): CodeIgniter\CodeIgniter->run()
#10 {main}
CRITICAL - 2023-08-12 14:00:59 --> Undefined variable $project_names
#0 C:\xampp\htdocs\MS\app\Views\deskapp\forms\form-pickers.php(78): CodeIgniter\Debug\Exceptions->errorHandler(2, 'Undefined varia...', 'C:\\xampp\\htdocs...', 78)
#1 C:\xampp\htdocs\MS\system\View\View.php(223): include('C:\\xampp\\htdocs...')
#2 C:\xampp\htdocs\MS\system\Common.php(1213): CodeIgniter\View\View->render('deskapp/forms/f...', Array, true)
#3 C:\xampp\htdocs\MS\app\Controllers\Deskapp\Forms.php(37): view('deskapp/forms/f...', Array)
#4 C:\xampp\htdocs\MS\system\CodeIgniter.php(935): App\Controllers\Deskapp\Forms->pickers()
#5 C:\xampp\htdocs\MS\system\CodeIgniter.php(431): CodeIgniter\CodeIgniter->runController(Object(App\Controllers\Deskapp\Forms))
#6 C:\xampp\htdocs\MS\system\CodeIgniter.php(332): CodeIgniter\CodeIgniter->handleRequest(NULL, Object(Config\Cache), false)
#7 C:\xampp\htdocs\MS\index.php(44): CodeIgniter\CodeIgniter->run()
#8 {main}
ERROR - 2023-08-12 16:04:28 --> mysqli_sql_exception: Unknown column 'user_id' in 'where clause' in C:\xampp\htdocs\MS\system\Database\MySQLi\Connection.php:314
Stack trace:
#0 C:\xampp\htdocs\MS\system\Database\MySQLi\Connection.php(314): mysqli->query('SELECT `name`\nF...')
#1 C:\xampp\htdocs\MS\system\Database\BaseConnection.php(715): CodeIgniter\Database\MySQLi\Connection->execute('SELECT `name`\nF...')
#2 C:\xampp\htdocs\MS\system\Database\BaseConnection.php(643): CodeIgniter\Database\BaseConnection->simpleQuery('SELECT `name`\nF...')
#3 C:\xampp\htdocs\MS\system\Database\BaseBuilder.php(1866): CodeIgniter\Database\BaseConnection->query('SELECT `name`\nF...', Array, false)
#4 C:\xampp\htdocs\MS\app\Models\UserModel.php(45): CodeIgniter\Database\BaseBuilder->get()
#5 C:\xampp\htdocs\MS\app\Controllers\Deskapp\Ui.php(177): App\Models\UserModel->getSelectedNamesForUser(NULL)
#6 C:\xampp\htdocs\MS\system\CodeIgniter.php(935): App\Controllers\Deskapp\Ui->cards()
#7 C:\xampp\htdocs\MS\system\CodeIgniter.php(431): CodeIgniter\CodeIgniter->runController(Object(App\Controllers\Deskapp\Ui))
#8 C:\xampp\htdocs\MS\system\CodeIgniter.php(332): CodeIgniter\CodeIgniter->handleRequest(NULL, Object(Config\Cache), false)
#9 C:\xampp\htdocs\MS\index.php(44): CodeIgniter\CodeIgniter->run()
#10 {main}
ERROR - 2023-08-12 16:06:33 --> mysqli_sql_exception: Unknown column 'user_id' in 'where clause' in C:\xampp\htdocs\MS\system\Database\MySQLi\Connection.php:314
Stack trace:
#0 C:\xampp\htdocs\MS\system\Database\MySQLi\Connection.php(314): mysqli->query('SELECT `name`\nF...')
#1 C:\xampp\htdocs\MS\system\Database\BaseConnection.php(715): CodeIgniter\Database\MySQLi\Connection->execute('SELECT `name`\nF...')
#2 C:\xampp\htdocs\MS\system\Database\BaseConnection.php(643): CodeIgniter\Database\BaseConnection->simpleQuery('SELECT `name`\nF...')
#3 C:\xampp\htdocs\MS\system\Database\BaseBuilder.php(1866): CodeIgniter\Database\BaseConnection->query('SELECT `name`\nF...', Array, false)
#4 C:\xampp\htdocs\MS\app\Models\UserModel.php(45): CodeIgniter\Database\BaseBuilder->get()
#5 C:\xampp\htdocs\MS\app\Controllers\Deskapp\Ui.php(177): App\Models\UserModel->getSelectedNamesForUser(NULL)
#6 C:\xampp\htdocs\MS\system\CodeIgniter.php(935): App\Controllers\Deskapp\Ui->New_Projects()
#7 C:\xampp\htdocs\MS\system\CodeIgniter.php(431): CodeIgniter\CodeIgniter->runController(Object(App\Controllers\Deskapp\Ui))
#8 C:\xampp\htdocs\MS\system\CodeIgniter.php(332): CodeIgniter\CodeIgniter->handleRequest(NULL, Object(Config\Cache), false)
#9 C:\xampp\htdocs\MS\index.php(44): CodeIgniter\CodeIgniter->run()
#10 {main}
ERROR - 2023-08-12 16:10:09 --> mysqli_sql_exception: Unknown column 'user_id' in 'where clause' in C:\xampp\htdocs\MS\system\Database\MySQLi\Connection.php:314
Stack trace:
#0 C:\xampp\htdocs\MS\system\Database\MySQLi\Connection.php(314): mysqli->query('SELECT `name`\nF...')
#1 C:\xampp\htdocs\MS\system\Database\BaseConnection.php(715): CodeIgniter\Database\MySQLi\Connection->execute('SELECT `name`\nF...')
#2 C:\xampp\htdocs\MS\system\Database\BaseConnection.php(643): CodeIgniter\Database\BaseConnection->simpleQuery('SELECT `name`\nF...')
#3 C:\xampp\htdocs\MS\system\Database\BaseBuilder.php(1866): CodeIgniter\Database\BaseConnection->query('SELECT `name`\nF...', Array, false)
#4 C:\xampp\htdocs\MS\app\Models\UserModel.php(45): CodeIgniter\Database\BaseBuilder->get()
#5 C:\xampp\htdocs\MS\app\Controllers\Deskapp\Ui.php(177): App\Models\UserModel->getSelectedNamesForUser(NULL)
#6 C:\xampp\htdocs\MS\system\CodeIgniter.php(935): App\Controllers\Deskapp\Ui->New_Projects()
#7 C:\xampp\htdocs\MS\system\CodeIgniter.php(431): CodeIgniter\CodeIgniter->runController(Object(App\Controllers\Deskapp\Ui))
#8 C:\xampp\htdocs\MS\system\CodeIgniter.php(332): CodeIgniter\CodeIgniter->handleRequest(NULL, Object(Config\Cache), false)
#9 C:\xampp\htdocs\MS\index.php(44): CodeIgniter\CodeIgniter->run()
#10 {main}
ERROR - 2023-08-12 17:43:34 --> mysqli_sql_exception: Unknown column 'user_id' in 'where clause' in C:\xampp\htdocs\MS\system\Database\MySQLi\Connection.php:314
Stack trace:
#0 C:\xampp\htdocs\MS\system\Database\MySQLi\Connection.php(314): mysqli->query('SELECT `name`\nF...')
#1 C:\xampp\htdocs\MS\system\Database\BaseConnection.php(715): CodeIgniter\Database\MySQLi\Connection->execute('SELECT `name`\nF...')
#2 C:\xampp\htdocs\MS\system\Database\BaseConnection.php(643): CodeIgniter\Database\BaseConnection->simpleQuery('SELECT `name`\nF...')
#3 C:\xampp\htdocs\MS\system\Database\BaseBuilder.php(1866): CodeIgniter\Database\BaseConnection->query('SELECT `name`\nF...', Array, false)
#4 C:\xampp\htdocs\MS\app\Models\UserModel.php(45): CodeIgniter\Database\BaseBuilder->get()
#5 C:\xampp\htdocs\MS\app\Controllers\Deskapp\Ui.php(184): App\Models\UserModel->getSelectedNamesForUser(NULL)
#6 C:\xampp\htdocs\MS\system\CodeIgniter.php(935): App\Controllers\Deskapp\Ui->cards()
#7 C:\xampp\htdocs\MS\system\CodeIgniter.php(431): CodeIgniter\CodeIgniter->runController(Object(App\Controllers\Deskapp\Ui))
#8 C:\xampp\htdocs\MS\system\CodeIgniter.php(332): CodeIgniter\CodeIgniter->handleRequest(NULL, Object(Config\Cache), false)
#9 C:\xampp\htdocs\MS\index.php(44): CodeIgniter\CodeIgniter->run()
#10 {main}
CRITICAL - 2023-08-12 18:56:22 --> Attempt to read property "errno" on bool
#0 C:\xampp\htdocs\MS\system\Database\MySQLi\Connection.php(651): CodeIgniter\Debug\Exceptions->errorHandler(2, 'Attempt to read...', 'C:\\xampp\\htdocs...', 651)
#1 C:\xampp\htdocs\MS\system\Model.php(476): CodeIgniter\Database\MySQLi\Connection->error()
#2 C:\xampp\htdocs\MS\system\BaseModel.php(1094): CodeIgniter\Model->doErrors()
#3 C:\xampp\htdocs\MS\app\Controllers\Deskapp\Forms.php(103): CodeIgniter\BaseModel->errors()
#4 C:\xampp\htdocs\MS\system\CodeIgniter.php(935): App\Controllers\Deskapp\Forms->save()
#5 C:\xampp\htdocs\MS\system\CodeIgniter.php(431): CodeIgniter\CodeIgniter->runController(Object(App\Controllers\Deskapp\Forms))
#6 C:\xampp\htdocs\MS\system\CodeIgniter.php(332): CodeIgniter\CodeIgniter->handleRequest(NULL, Object(Config\Cache), false)
#7 C:\xampp\htdocs\MS\index.php(44): CodeIgniter\CodeIgniter->run()
#8 {main}
CRITICAL - 2023-08-12 18:59:51 --> Attempt to read property "errno" on bool
#0 C:\xampp\htdocs\MS\system\Database\MySQLi\Connection.php(651): CodeIgniter\Debug\Exceptions->errorHandler(2, 'Attempt to read...', 'C:\\xampp\\htdocs...', 651)
#1 C:\xampp\htdocs\MS\system\Model.php(476): CodeIgniter\Database\MySQLi\Connection->error()
#2 C:\xampp\htdocs\MS\system\BaseModel.php(1094): CodeIgniter\Model->doErrors()
#3 C:\xampp\htdocs\MS\app\Controllers\Deskapp\Forms.php(103): CodeIgniter\BaseModel->errors()
#4 C:\xampp\htdocs\MS\system\CodeIgniter.php(935): App\Controllers\Deskapp\Forms->save()
#5 C:\xampp\htdocs\MS\system\CodeIgniter.php(431): CodeIgniter\CodeIgniter->runController(Object(App\Controllers\Deskapp\Forms))
#6 C:\xampp\htdocs\MS\system\CodeIgniter.php(332): CodeIgniter\CodeIgniter->handleRequest(NULL, Object(Config\Cache), false)
#7 C:\xampp\htdocs\MS\index.php(44): CodeIgniter\CodeIgniter->run()
#8 {main}
CRITICAL - 2023-08-12 19:01:32 --> Attempt to read property "errno" on bool
#0 C:\xampp\htdocs\MS\system\Database\MySQLi\Connection.php(651): CodeIgniter\Debug\Exceptions->errorHandler(2, 'Attempt to read...', 'C:\\xampp\\htdocs...', 651)
#1 C:\xampp\htdocs\MS\system\Model.php(476): CodeIgniter\Database\MySQLi\Connection->error()
#2 C:\xampp\htdocs\MS\system\BaseModel.php(1094): CodeIgniter\Model->doErrors()
#3 C:\xampp\htdocs\MS\app\Controllers\Deskapp\Forms.php(103): CodeIgniter\BaseModel->errors()
#4 C:\xampp\htdocs\MS\system\CodeIgniter.php(935): App\Controllers\Deskapp\Forms->save()
#5 C:\xampp\htdocs\MS\system\CodeIgniter.php(431): CodeIgniter\CodeIgniter->runController(Object(App\Controllers\Deskapp\Forms))
#6 C:\xampp\htdocs\MS\system\CodeIgniter.php(332): CodeIgniter\CodeIgniter->handleRequest(NULL, Object(Config\Cache), false)
#7 C:\xampp\htdocs\MS\index.php(44): CodeIgniter\CodeIgniter->run()
#8 {main}
CRITICAL - 2023-08-12 19:02:22 --> Attempt to read property "errno" on bool
#0 C:\xampp\htdocs\MS\system\Database\MySQLi\Connection.php(651): CodeIgniter\Debug\Exceptions->errorHandler(2, 'Attempt to read...', 'C:\\xampp\\htdocs...', 651)
#1 C:\xampp\htdocs\MS\system\Model.php(476): CodeIgniter\Database\MySQLi\Connection->error()
#2 C:\xampp\htdocs\MS\system\BaseModel.php(1094): CodeIgniter\Model->doErrors()
#3 C:\xampp\htdocs\MS\app\Controllers\Deskapp\Forms.php(103): CodeIgniter\BaseModel->errors()
#4 C:\xampp\htdocs\MS\system\CodeIgniter.php(935): App\Controllers\Deskapp\Forms->save()
#5 C:\xampp\htdocs\MS\system\CodeIgniter.php(431): CodeIgniter\CodeIgniter->runController(Object(App\Controllers\Deskapp\Forms))
#6 C:\xampp\htdocs\MS\system\CodeIgniter.php(332): CodeIgniter\CodeIgniter->handleRequest(NULL, Object(Config\Cache), false)
#7 C:\xampp\htdocs\MS\index.php(44): CodeIgniter\CodeIgniter->run()
#8 {main}
CRITICAL - 2023-08-12 19:05:29 --> Attempt to read property "errno" on bool
#0 C:\xampp\htdocs\MS\system\Database\MySQLi\Connection.php(651): CodeIgniter\Debug\Exceptions->errorHandler(2, 'Attempt to read...', 'C:\\xampp\\htdocs...', 651)
#1 C:\xampp\htdocs\MS\system\Model.php(476): CodeIgniter\Database\MySQLi\Connection->error()
#2 C:\xampp\htdocs\MS\system\BaseModel.php(1094): CodeIgniter\Model->doErrors()
#3 C:\xampp\htdocs\MS\app\Controllers\Deskapp\Forms.php(102): CodeIgniter\BaseModel->errors()
#4 C:\xampp\htdocs\MS\system\CodeIgniter.php(935): App\Controllers\Deskapp\Forms->save()
#5 C:\xampp\htdocs\MS\system\CodeIgniter.php(431): CodeIgniter\CodeIgniter->runController(Object(App\Controllers\Deskapp\Forms))
#6 C:\xampp\htdocs\MS\system\CodeIgniter.php(332): CodeIgniter\CodeIgniter->handleRequest(NULL, Object(Config\Cache), false)
#7 C:\xampp\htdocs\MS\index.php(44): CodeIgniter\CodeIgniter->run()
#8 {main}
CRITICAL - 2023-08-12 19:05:38 --> Attempt to read property "errno" on bool
#0 C:\xampp\htdocs\MS\system\Database\MySQLi\Connection.php(651): CodeIgniter\Debug\Exceptions->errorHandler(2, 'Attempt to read...', 'C:\\xampp\\htdocs...', 651)
#1 C:\xampp\htdocs\MS\system\Model.php(476): CodeIgniter\Database\MySQLi\Connection->error()
#2 C:\xampp\htdocs\MS\system\BaseModel.php(1094): CodeIgniter\Model->doErrors()
#3 C:\xampp\htdocs\MS\app\Controllers\Deskapp\Forms.php(102): CodeIgniter\BaseModel->errors()
#4 C:\xampp\htdocs\MS\system\CodeIgniter.php(935): App\Controllers\Deskapp\Forms->save()
#5 C:\xampp\htdocs\MS\system\CodeIgniter.php(431): CodeIgniter\CodeIgniter->runController(Object(App\Controllers\Deskapp\Forms))
#6 C:\xampp\htdocs\MS\system\CodeIgniter.php(332): CodeIgniter\CodeIgniter->handleRequest(NULL, Object(Config\Cache), false)
#7 C:\xampp\htdocs\MS\index.php(44): CodeIgniter\CodeIgniter->run()
#8 {main}
CRITICAL - 2023-08-12 19:09:50 --> Attempt to read property "errno" on bool
#0 C:\xampp\htdocs\MS\system\Database\MySQLi\Connection.php(651): CodeIgniter\Debug\Exceptions->errorHandler(2, 'Attempt to read...', 'C:\\xampp\\htdocs...', 651)
#1 C:\xampp\htdocs\MS\system\Model.php(476): CodeIgniter\Database\MySQLi\Connection->error()
#2 C:\xampp\htdocs\MS\system\BaseModel.php(1094): CodeIgniter\Model->doErrors()
#3 C:\xampp\htdocs\MS\app\Controllers\Deskapp\Forms.php(102): CodeIgniter\BaseModel->errors()
#4 C:\xampp\htdocs\MS\system\CodeIgniter.php(935): App\Controllers\Deskapp\Forms->save()
#5 C:\xampp\htdocs\MS\system\CodeIgniter.php(431): CodeIgniter\CodeIgniter->runController(Object(App\Controllers\Deskapp\Forms))
#6 C:\xampp\htdocs\MS\system\CodeIgniter.php(332): CodeIgniter\CodeIgniter->handleRequest(NULL, Object(Config\Cache), false)
#7 C:\xampp\htdocs\MS\index.php(44): CodeIgniter\CodeIgniter->run()
#8 {main}
CRITICAL - 2023-08-12 19:10:21 --> Attempt to read property "errno" on bool
#0 C:\xampp\htdocs\MS\system\Database\MySQLi\Connection.php(651): CodeIgniter\Debug\Exceptions->errorHandler(2, 'Attempt to read...', 'C:\\xampp\\htdocs...', 651)
#1 C:\xampp\htdocs\MS\system\Model.php(476): CodeIgniter\Database\MySQLi\Connection->error()
#2 C:\xampp\htdocs\MS\system\BaseModel.php(1094): CodeIgniter\Model->doErrors()
#3 C:\xampp\htdocs\MS\app\Controllers\Deskapp\Forms.php(102): CodeIgniter\BaseModel->errors()
#4 C:\xampp\htdocs\MS\system\CodeIgniter.php(935): App\Controllers\Deskapp\Forms->save()
#5 C:\xampp\htdocs\MS\system\CodeIgniter.php(431): CodeIgniter\CodeIgniter->runController(Object(App\Controllers\Deskapp\Forms))
#6 C:\xampp\htdocs\MS\system\CodeIgniter.php(332): CodeIgniter\CodeIgniter->handleRequest(NULL, Object(Config\Cache), false)
#7 C:\xampp\htdocs\MS\index.php(44): CodeIgniter\CodeIgniter->run()
#8 {main}
CRITICAL - 2023-08-12 19:12:11 --> Attempt to read property "errno" on bool
#0 C:\xampp\htdocs\MS\system\Database\MySQLi\Connection.php(651): CodeIgniter\Debug\Exceptions->errorHandler(2, 'Attempt to read...', 'C:\\xampp\\htdocs...', 651)
#1 C:\xampp\htdocs\MS\system\Model.php(476): CodeIgniter\Database\MySQLi\Connection->error()
#2 C:\xampp\htdocs\MS\system\BaseModel.php(1094): CodeIgniter\Model->doErrors()
#3 C:\xampp\htdocs\MS\app\Controllers\Deskapp\Forms.php(102): CodeIgniter\BaseModel->errors()
#4 C:\xampp\htdocs\MS\system\CodeIgniter.php(935): App\Controllers\Deskapp\Forms->save()
#5 C:\xampp\htdocs\MS\system\CodeIgniter.php(431): CodeIgniter\CodeIgniter->runController(Object(App\Controllers\Deskapp\Forms))
#6 C:\xampp\htdocs\MS\system\CodeIgniter.php(332): CodeIgniter\CodeIgniter->handleRequest(NULL, Object(Config\Cache), false)
#7 C:\xampp\htdocs\MS\index.php(44): CodeIgniter\CodeIgniter->run()
#8 {main}
ERROR - 2023-08-12 19:13:36 --> mysqli_sql_exception: Unknown column 'user_id' in 'where clause' in C:\xampp\htdocs\MS\system\Database\MySQLi\Connection.php:314
Stack trace:
#0 C:\xampp\htdocs\MS\system\Database\MySQLi\Connection.php(314): mysqli->query('SELECT `name`\nF...')
#1 C:\xampp\htdocs\MS\system\Database\BaseConnection.php(715): CodeIgniter\Database\MySQLi\Connection->execute('SELECT `name`\nF...')
#2 C:\xampp\htdocs\MS\system\Database\BaseConnection.php(643): CodeIgniter\Database\BaseConnection->simpleQuery('SELECT `name`\nF...')
#3 C:\xampp\htdocs\MS\system\Database\BaseBuilder.php(1866): CodeIgniter\Database\BaseConnection->query('SELECT `name`\nF...', Array, false)
#4 C:\xampp\htdocs\MS\app\Models\UserModel.php(45): CodeIgniter\Database\BaseBuilder->get()
#5 C:\xampp\htdocs\MS\app\Controllers\Deskapp\Ui.php(184): App\Models\UserModel->getSelectedNamesForUser(NULL)
#6 C:\xampp\htdocs\MS\system\CodeIgniter.php(935): App\Controllers\Deskapp\Ui->cards()
#7 C:\xampp\htdocs\MS\system\CodeIgniter.php(431): CodeIgniter\CodeIgniter->runController(Object(App\Controllers\Deskapp\Ui))
#8 C:\xampp\htdocs\MS\system\CodeIgniter.php(332): CodeIgniter\CodeIgniter->handleRequest(NULL, Object(Config\Cache), false)
#9 C:\xampp\htdocs\MS\index.php(44): CodeIgniter\CodeIgniter->run()
#10 {main}
CRITICAL - 2023-08-12 19:15:50 --> Attempt to read property "errno" on bool
#0 C:\xampp\htdocs\MS\system\Database\MySQLi\Connection.php(651): CodeIgniter\Debug\Exceptions->errorHandler(2, 'Attempt to read...', 'C:\\xampp\\htdocs...', 651)
#1 C:\xampp\htdocs\MS\system\Model.php(476): CodeIgniter\Database\MySQLi\Connection->error()
#2 C:\xampp\htdocs\MS\system\BaseModel.php(1094): CodeIgniter\Model->doErrors()
#3 C:\xampp\htdocs\MS\app\Controllers\Deskapp\Forms.php(102): CodeIgniter\BaseModel->errors()
#4 C:\xampp\htdocs\MS\system\CodeIgniter.php(935): App\Controllers\Deskapp\Forms->save()
#5 C:\xampp\htdocs\MS\system\CodeIgniter.php(431): CodeIgniter\CodeIgniter->runController(Object(App\Controllers\Deskapp\Forms))
#6 C:\xampp\htdocs\MS\system\CodeIgniter.php(332): CodeIgniter\CodeIgniter->handleRequest(NULL, Object(Config\Cache), false)
#7 C:\xampp\htdocs\MS\index.php(44): CodeIgniter\CodeIgniter->run()
#8 {main}
CRITICAL - 2023-08-12 19:16:32 --> Attempt to read property "errno" on bool
#0 C:\xampp\htdocs\MS\system\Database\MySQLi\Connection.php(651): CodeIgniter\Debug\Exceptions->errorHandler(2, 'Attempt to read...', 'C:\\xampp\\htdocs...', 651)
#1 C:\xampp\htdocs\MS\system\Model.php(476): CodeIgniter\Database\MySQLi\Connection->error()
#2 C:\xampp\htdocs\MS\system\BaseModel.php(1094): CodeIgniter\Model->doErrors()
#3 C:\xampp\htdocs\MS\app\Controllers\Deskapp\Forms.php(102): CodeIgniter\BaseModel->errors()
#4 C:\xampp\htdocs\MS\system\CodeIgniter.php(935): App\Controllers\Deskapp\Forms->save()
#5 C:\xampp\htdocs\MS\system\CodeIgniter.php(431): CodeIgniter\CodeIgniter->runController(Object(App\Controllers\Deskapp\Forms))
#6 C:\xampp\htdocs\MS\system\CodeIgniter.php(332): CodeIgniter\CodeIgniter->handleRequest(NULL, Object(Config\Cache), false)
#7 C:\xampp\htdocs\MS\index.php(44): CodeIgniter\CodeIgniter->run()
#8 {main}
CRITICAL - 2023-08-12 19:25:31 --> syntax error, unexpected token "return", expecting "," or ";"
#0 C:\xampp\htdocs\MS\system\Router\Router.php(170): CodeIgniter\Router\Router->autoRoute('deskapp/forms/w...')
#1 C:\xampp\htdocs\MS\system\CodeIgniter.php(815): CodeIgniter\Router\Router->handle('deskapp/forms/w...')
#2 C:\xampp\htdocs\MS\system\CodeIgniter.php(384): CodeIgniter\CodeIgniter->tryToRouteIt(Object(CodeIgniter\Router\RouteCollection))
#3 C:\xampp\htdocs\MS\system\CodeIgniter.php(332): CodeIgniter\CodeIgniter->handleRequest(NULL, Object(Config\Cache), false)
#4 C:\xampp\htdocs\MS\index.php(44): CodeIgniter\CodeIgniter->run()
#5 {main}
CRITICAL - 2023-08-12 19:26:20 --> Undefined variable $session
#0 C:\xampp\htdocs\MS\app\Views\deskapp\includes\_header.php(91): CodeIgniter\Debug\Exceptions->errorHandler(2, 'Undefined varia...', 'C:\\xampp\\htdocs...', 91)
#1 C:\xampp\htdocs\MS\system\View\View.php(223): include('C:\\xampp\\htdocs...')
#2 C:\xampp\htdocs\MS\system\Common.php(1213): CodeIgniter\View\View->render('deskapp/include...', Array, true)
#3 C:\xampp\htdocs\MS\app\Views\deskapp\forms\form-wizard.php(48): view('deskapp/include...')
#4 C:\xampp\htdocs\MS\system\View\View.php(223): include('C:\\xampp\\htdocs...')
#5 C:\xampp\htdocs\MS\system\Common.php(1213): CodeIgniter\View\View->render('deskapp/forms/f...', Array, true)
#6 C:\xampp\htdocs\MS\app\Controllers\Deskapp\Forms.php(139): view('deskapp/forms/f...', Array)
#7 C:\xampp\htdocs\MS\system\CodeIgniter.php(935): App\Controllers\Deskapp\Forms->save()
#8 C:\xampp\htdocs\MS\system\CodeIgniter.php(431): CodeIgniter\CodeIgniter->runController(Object(App\Controllers\Deskapp\Forms))
#9 C:\xampp\htdocs\MS\system\CodeIgniter.php(332): CodeIgniter\CodeIgniter->handleRequest(NULL, Object(Config\Cache), false)
#10 C:\xampp\htdocs\MS\index.php(44): CodeIgniter\CodeIgniter->run()
#11 {main}
CRITICAL - 2023-08-12 19:28:12 --> Undefined variable $session
#0 C:\xampp\htdocs\MS\app\Views\deskapp\includes\_header.php(91): CodeIgniter\Debug\Exceptions->errorHandler(2, 'Undefined varia...', 'C:\\xampp\\htdocs...', 91)
#1 C:\xampp\htdocs\MS\system\View\View.php(223): include('C:\\xampp\\htdocs...')
#2 C:\xampp\htdocs\MS\system\Common.php(1213): CodeIgniter\View\View->render('deskapp/include...', Array, true)
#3 C:\xampp\htdocs\MS\app\Views\deskapp\forms\form-wizard.php(48): view('deskapp/include...')
#4 C:\xampp\htdocs\MS\system\View\View.php(223): include('C:\\xampp\\htdocs...')
#5 C:\xampp\htdocs\MS\system\Common.php(1213): CodeIgniter\View\View->render('deskapp/forms/f...', Array, true)
#6 C:\xampp\htdocs\MS\app\Controllers\Deskapp\Forms.php(141): view('deskapp/forms/f...', Array)
#7 C:\xampp\htdocs\MS\system\CodeIgniter.php(935): App\Controllers\Deskapp\Forms->save()
#8 C:\xampp\htdocs\MS\system\CodeIgniter.php(431): CodeIgniter\CodeIgniter->runController(Object(App\Controllers\Deskapp\Forms))
#9 C:\xampp\htdocs\MS\system\CodeIgniter.php(332): CodeIgniter\CodeIgniter->handleRequest(NULL, Object(Config\Cache), false)
#10 C:\xampp\htdocs\MS\index.php(44): CodeIgniter\CodeIgniter->run()
#11 {main}
CRITICAL - 2023-08-12 19:29:37 --> Undefined variable $session
#0 C:\xampp\htdocs\MS\app\Views\deskapp\includes\_header.php(91): CodeIgniter\Debug\Exceptions->errorHandler(2, 'Undefined varia...', 'C:\\xampp\\htdocs...', 91)
#1 C:\xampp\htdocs\MS\system\View\View.php(223): include('C:\\xampp\\htdocs...')
#2 C:\xampp\htdocs\MS\system\Common.php(1213): CodeIgniter\View\View->render('deskapp/include...', Array, true)
#3 C:\xampp\htdocs\MS\app\Views\deskapp\forms\form-wizard.php(48): view('deskapp/include...')
#4 C:\xampp\htdocs\MS\system\View\View.php(223): include('C:\\xampp\\htdocs...')
#5 C:\xampp\htdocs\MS\system\Common.php(1213): CodeIgniter\View\View->render('deskapp/forms/f...', Array, true)
#6 C:\xampp\htdocs\MS\app\Controllers\Deskapp\Forms.php(141): view('deskapp/forms/f...', Array)
#7 C:\xampp\htdocs\MS\system\CodeIgniter.php(935): App\Controllers\Deskapp\Forms->save()
#8 C:\xampp\htdocs\MS\system\CodeIgniter.php(431): CodeIgniter\CodeIgniter->runController(Object(App\Controllers\Deskapp\Forms))
#9 C:\xampp\htdocs\MS\system\CodeIgniter.php(332): CodeIgniter\CodeIgniter->handleRequest(NULL, Object(Config\Cache), false)
#10 C:\xampp\htdocs\MS\index.php(44): CodeIgniter\CodeIgniter->run()
#11 {main}
CRITICAL - 2023-08-12 19:30:53 --> Undefined variable $session
#0 C:\xampp\htdocs\MS\app\Views\deskapp\includes\_header.php(91): CodeIgniter\Debug\Exceptions->errorHandler(2, 'Undefined varia...', 'C:\\xampp\\htdocs...', 91)
#1 C:\xampp\htdocs\MS\system\View\View.php(223): include('C:\\xampp\\htdocs...')
#2 C:\xampp\htdocs\MS\system\Common.php(1213): CodeIgniter\View\View->render('deskapp/include...', Array, true)
#3 C:\xampp\htdocs\MS\app\Views\deskapp\forms\form-wizard.php(48): view('deskapp/include...')
#4 C:\xampp\htdocs\MS\system\View\View.php(223): include('C:\\xampp\\htdocs...')
#5 C:\xampp\htdocs\MS\system\Common.php(1213): CodeIgniter\View\View->render('deskapp/forms/f...', Array, true)
#6 C:\xampp\htdocs\MS\app\Controllers\Deskapp\Forms.php(140): view('deskapp/forms/f...', Array)
#7 C:\xampp\htdocs\MS\system\CodeIgniter.php(935): App\Controllers\Deskapp\Forms->save()
#8 C:\xampp\htdocs\MS\system\CodeIgniter.php(431): CodeIgniter\CodeIgniter->runController(Object(App\Controllers\Deskapp\Forms))
#9 C:\xampp\htdocs\MS\system\CodeIgniter.php(332): CodeIgniter\CodeIgniter->handleRequest(NULL, Object(Config\Cache), false)
#10 C:\xampp\htdocs\MS\index.php(44): CodeIgniter\CodeIgniter->run()
#11 {main}
