CRITICAL - 2023-08-15 01:18:32 --> Too few arguments to function App\Controllers\Deskapp\Dashboard::three(), 0 passed in C:\xampp\htdocs\MS\system\CodeIgniter.php on line 935 and exactly 1 expected
#0 C:\xampp\htdocs\MS\system\CodeIgniter.php(935): App\Controllers\Deskapp\Dashboard->three()
#1 C:\xampp\htdocs\MS\system\CodeIgniter.php(431): CodeIgniter\CodeIgniter->runController(Object(App\Controllers\Deskapp\Dashboard))
#2 C:\xampp\htdocs\MS\system\CodeIgniter.php(332): CodeIgniter\CodeIgniter->handleRequest(NULL, Object(Config\Cache), false)
#3 C:\xampp\htdocs\MS\index.php(44): CodeIgniter\CodeIgniter->run()
#4 {main}
CRITICAL - 2023-08-15 01:18:35 --> Too few arguments to function App\Controllers\Deskapp\Dashboard::three(), 0 passed in C:\xampp\htdocs\MS\system\CodeIgniter.php on line 935 and exactly 1 expected
#0 C:\xampp\htdocs\MS\system\CodeIgniter.php(935): App\Controllers\Deskapp\Dashboard->three()
#1 C:\xampp\htdocs\MS\system\CodeIgniter.php(431): CodeIgniter\CodeIgniter->runController(Object(App\Controllers\Deskapp\Dashboard))
#2 C:\xampp\htdocs\MS\system\CodeIgniter.php(332): CodeIgniter\CodeIgniter->handleRequest(NULL, Object(Config\Cache), false)
#3 C:\xampp\htdocs\MS\index.php(44): CodeIgniter\CodeIgniter->run()
#4 {main}
CRITICAL - 2023-08-15 01:22:31 --> Too few arguments to function App\Controllers\Deskapp\Dashboard::three(), 0 passed in C:\xampp\htdocs\MS\system\CodeIgniter.php on line 935 and exactly 1 expected
#0 C:\xampp\htdocs\MS\system\CodeIgniter.php(935): App\Controllers\Deskapp\Dashboard->three()
#1 C:\xampp\htdocs\MS\system\CodeIgniter.php(431): CodeIgniter\CodeIgniter->runController(Object(App\Controllers\Deskapp\Dashboard))
#2 C:\xampp\htdocs\MS\system\CodeIgniter.php(332): CodeIgniter\CodeIgniter->handleRequest(NULL, Object(Config\Cache), false)
#3 C:\xampp\htdocs\MS\index.php(44): CodeIgniter\CodeIgniter->run()
#4 {main}
CRITICAL - 2023-08-15 01:33:14 --> Class "App\Controllers\Deskapp\ProjectAssign" not found
#0 C:\xampp\htdocs\MS\system\CodeIgniter.php(935): App\Controllers\Deskapp\Dashboard->three()
#1 C:\xampp\htdocs\MS\system\CodeIgniter.php(431): CodeIgniter\CodeIgniter->runController(Object(App\Controllers\Deskapp\Dashboard))
#2 C:\xampp\htdocs\MS\system\CodeIgniter.php(332): CodeIgniter\CodeIgniter->handleRequest(NULL, Object(Config\Cache), false)
#3 C:\xampp\htdocs\MS\index.php(44): CodeIgniter\CodeIgniter->run()
#4 {main}
CRITICAL - 2023-08-15 01:35:41 --> Class "App\Controllers\Deskapp\ProjectAssign" not found
#0 C:\xampp\htdocs\MS\system\CodeIgniter.php(935): App\Controllers\Deskapp\Dashboard->three()
#1 C:\xampp\htdocs\MS\system\CodeIgniter.php(431): CodeIgniter\CodeIgniter->runController(Object(App\Controllers\Deskapp\Dashboard))
#2 C:\xampp\htdocs\MS\system\CodeIgniter.php(332): CodeIgniter\CodeIgniter->handleRequest(NULL, Object(Config\Cache), false)
#3 C:\xampp\htdocs\MS\index.php(44): CodeIgniter\CodeIgniter->run()
#4 {main}
CRITICAL - 2023-08-15 01:50:41 --> Class "App\Controllers\Deskapp\ProjectAssignModel" not found
#0 C:\xampp\htdocs\MS\system\CodeIgniter.php(935): App\Controllers\Deskapp\Dashboard->three()
#1 C:\xampp\htdocs\MS\system\CodeIgniter.php(431): CodeIgniter\CodeIgniter->runController(Object(App\Controllers\Deskapp\Dashboard))
#2 C:\xampp\htdocs\MS\system\CodeIgniter.php(332): CodeIgniter\CodeIgniter->handleRequest(NULL, Object(Config\Cache), false)
#3 C:\xampp\htdocs\MS\index.php(44): CodeIgniter\CodeIgniter->run()
#4 {main}
CRITICAL - 2023-08-15 01:50:43 --> Class "App\Controllers\Deskapp\ProjectAssignModel" not found
#0 C:\xampp\htdocs\MS\system\CodeIgniter.php(935): App\Controllers\Deskapp\Dashboard->three()
#1 C:\xampp\htdocs\MS\system\CodeIgniter.php(431): CodeIgniter\CodeIgniter->runController(Object(App\Controllers\Deskapp\Dashboard))
#2 C:\xampp\htdocs\MS\system\CodeIgniter.php(332): CodeIgniter\CodeIgniter->handleRequest(NULL, Object(Config\Cache), false)
#3 C:\xampp\htdocs\MS\index.php(44): CodeIgniter\CodeIgniter->run()
#4 {main}
CRITICAL - 2023-08-15 01:50:43 --> Class "App\Controllers\Deskapp\ProjectAssignModel" not found
#0 C:\xampp\htdocs\MS\system\CodeIgniter.php(935): App\Controllers\Deskapp\Dashboard->three()
#1 C:\xampp\htdocs\MS\system\CodeIgniter.php(431): CodeIgniter\CodeIgniter->runController(Object(App\Controllers\Deskapp\Dashboard))
#2 C:\xampp\htdocs\MS\system\CodeIgniter.php(332): CodeIgniter\CodeIgniter->handleRequest(NULL, Object(Config\Cache), false)
#3 C:\xampp\htdocs\MS\index.php(44): CodeIgniter\CodeIgniter->run()
#4 {main}
CRITICAL - 2023-08-15 01:50:44 --> Class "App\Controllers\Deskapp\ProjectAssignModel" not found
#0 C:\xampp\htdocs\MS\system\CodeIgniter.php(935): App\Controllers\Deskapp\Dashboard->three()
#1 C:\xampp\htdocs\MS\system\CodeIgniter.php(431): CodeIgniter\CodeIgniter->runController(Object(App\Controllers\Deskapp\Dashboard))
#2 C:\xampp\htdocs\MS\system\CodeIgniter.php(332): CodeIgniter\CodeIgniter->handleRequest(NULL, Object(Config\Cache), false)
#3 C:\xampp\htdocs\MS\index.php(44): CodeIgniter\CodeIgniter->run()
#4 {main}
CRITICAL - 2023-08-15 01:50:44 --> Class "App\Controllers\Deskapp\ProjectAssignModel" not found
#0 C:\xampp\htdocs\MS\system\CodeIgniter.php(935): App\Controllers\Deskapp\Dashboard->three()
#1 C:\xampp\htdocs\MS\system\CodeIgniter.php(431): CodeIgniter\CodeIgniter->runController(Object(App\Controllers\Deskapp\Dashboard))
#2 C:\xampp\htdocs\MS\system\CodeIgniter.php(332): CodeIgniter\CodeIgniter->handleRequest(NULL, Object(Config\Cache), false)
#3 C:\xampp\htdocs\MS\index.php(44): CodeIgniter\CodeIgniter->run()
#4 {main}
CRITICAL - 2023-08-15 01:50:44 --> Class "App\Controllers\Deskapp\ProjectAssignModel" not found
#0 C:\xampp\htdocs\MS\system\CodeIgniter.php(935): App\Controllers\Deskapp\Dashboard->three()
#1 C:\xampp\htdocs\MS\system\CodeIgniter.php(431): CodeIgniter\CodeIgniter->runController(Object(App\Controllers\Deskapp\Dashboard))
#2 C:\xampp\htdocs\MS\system\CodeIgniter.php(332): CodeIgniter\CodeIgniter->handleRequest(NULL, Object(Config\Cache), false)
#3 C:\xampp\htdocs\MS\index.php(44): CodeIgniter\CodeIgniter->run()
#4 {main}
CRITICAL - 2023-08-15 01:50:44 --> Class "App\Controllers\Deskapp\ProjectAssignModel" not found
#0 C:\xampp\htdocs\MS\system\CodeIgniter.php(935): App\Controllers\Deskapp\Dashboard->three()
#1 C:\xampp\htdocs\MS\system\CodeIgniter.php(431): CodeIgniter\CodeIgniter->runController(Object(App\Controllers\Deskapp\Dashboard))
#2 C:\xampp\htdocs\MS\system\CodeIgniter.php(332): CodeIgniter\CodeIgniter->handleRequest(NULL, Object(Config\Cache), false)
#3 C:\xampp\htdocs\MS\index.php(44): CodeIgniter\CodeIgniter->run()
#4 {main}
CRITICAL - 2023-08-15 01:50:44 --> Class "App\Controllers\Deskapp\ProjectAssignModel" not found
#0 C:\xampp\htdocs\MS\system\CodeIgniter.php(935): App\Controllers\Deskapp\Dashboard->three()
#1 C:\xampp\htdocs\MS\system\CodeIgniter.php(431): CodeIgniter\CodeIgniter->runController(Object(App\Controllers\Deskapp\Dashboard))
#2 C:\xampp\htdocs\MS\system\CodeIgniter.php(332): CodeIgniter\CodeIgniter->handleRequest(NULL, Object(Config\Cache), false)
#3 C:\xampp\htdocs\MS\index.php(44): CodeIgniter\CodeIgniter->run()
#4 {main}
CRITICAL - 2023-08-15 01:50:45 --> Class "App\Controllers\Deskapp\ProjectAssignModel" not found
#0 C:\xampp\htdocs\MS\system\CodeIgniter.php(935): App\Controllers\Deskapp\Dashboard->three()
#1 C:\xampp\htdocs\MS\system\CodeIgniter.php(431): CodeIgniter\CodeIgniter->runController(Object(App\Controllers\Deskapp\Dashboard))
#2 C:\xampp\htdocs\MS\system\CodeIgniter.php(332): CodeIgniter\CodeIgniter->handleRequest(NULL, Object(Config\Cache), false)
#3 C:\xampp\htdocs\MS\index.php(44): CodeIgniter\CodeIgniter->run()
#4 {main}
<<<<<<< HEAD
CRITICAL - 2023-08-15 02:01:43 --> Undefined array key "id_project"
#0 C:\xampp\htdocs\MS\app\Views\deskapp\forms\form-wizard.php(161): CodeIgniter\Debug\Exceptions->errorHandler(2, 'Undefined array...', 'C:\\xampp\\htdocs...', 161)
#1 C:\xampp\htdocs\MS\system\View\View.php(223): include('C:\\xampp\\htdocs...')
#2 C:\xampp\htdocs\MS\system\Common.php(1213): CodeIgniter\View\View->render('deskapp/forms/f...', Array, true)
#3 C:\xampp\htdocs\MS\app\Controllers\Deskapp\Forms.php(131): view('deskapp/forms/f...', Array)
#4 C:\xampp\htdocs\MS\system\CodeIgniter.php(935): App\Controllers\Deskapp\Forms->wizard('2')
#5 C:\xampp\htdocs\MS\system\CodeIgniter.php(431): CodeIgniter\CodeIgniter->runController(Object(App\Controllers\Deskapp\Forms))
#6 C:\xampp\htdocs\MS\system\CodeIgniter.php(332): CodeIgniter\CodeIgniter->handleRequest(NULL, Object(Config\Cache), false)
#7 C:\xampp\htdocs\MS\index.php(44): CodeIgniter\CodeIgniter->run()
#8 {main}
=======
CRITICAL - 2023-08-15 02:03:00 --> syntax error, unexpected token "<<"
#0 C:\xampp\htdocs\MS\system\Autoloader\Autoloader.php(274): CodeIgniter\Autoloader\Autoloader->includeFile('C:\\xampp\\htdocs...')
#1 C:\xampp\htdocs\MS\system\Autoloader\Autoloader.php(228): CodeIgniter\Autoloader\Autoloader->loadInNamespace('App\\Controllers...')
#2 [internal function]: CodeIgniter\Autoloader\Autoloader->loadClass('App\\Controllers...')
#3 C:\xampp\htdocs\MS\system\CodeIgniter.php(892): class_exists('\\App\\Controller...', true)
#4 C:\xampp\htdocs\MS\system\CodeIgniter.php(416): CodeIgniter\CodeIgniter->startController()
#5 C:\xampp\htdocs\MS\system\CodeIgniter.php(332): CodeIgniter\CodeIgniter->handleRequest(NULL, Object(Config\Cache), false)
#6 C:\xampp\htdocs\MS\index.php(44): CodeIgniter\CodeIgniter->run()
#7 {main}
<<<<<<< HEAD
CRITICAL - 2023-08-15 02:46:09 --> Class "App\Controllers\Deskapp\UserModel" not found
#0 C:\xampp\htdocs\MS\system\CodeIgniter.php(935): App\Controllers\Deskapp\Icons->fontawesome('1')
#1 C:\xampp\htdocs\MS\system\CodeIgniter.php(431): CodeIgniter\CodeIgniter->runController(Object(App\Controllers\Deskapp\Icons))
#2 C:\xampp\htdocs\MS\system\CodeIgniter.php(332): CodeIgniter\CodeIgniter->handleRequest(NULL, Object(Config\Cache), false)
#3 C:\xampp\htdocs\MS\index.php(44): CodeIgniter\CodeIgniter->run()
#4 {main}
CRITICAL - 2023-08-15 02:46:43 --> Class "App\Controllers\Deskapp\UserModel" not found
#0 C:\xampp\htdocs\MS\system\CodeIgniter.php(935): App\Controllers\Deskapp\Icons->fontawesome('1')
#1 C:\xampp\htdocs\MS\system\CodeIgniter.php(431): CodeIgniter\CodeIgniter->runController(Object(App\Controllers\Deskapp\Icons))
#2 C:\xampp\htdocs\MS\system\CodeIgniter.php(332): CodeIgniter\CodeIgniter->handleRequest(NULL, Object(Config\Cache), false)
#3 C:\xampp\htdocs\MS\index.php(44): CodeIgniter\CodeIgniter->run()
#4 {main}
CRITICAL - 2023-08-15 02:46:51 --> Class "App\Controllers\Deskapp\UserModel" not found
#0 C:\xampp\htdocs\MS\system\CodeIgniter.php(935): App\Controllers\Deskapp\Icons->fontawesome('2')
#1 C:\xampp\htdocs\MS\system\CodeIgniter.php(431): CodeIgniter\CodeIgniter->runController(Object(App\Controllers\Deskapp\Icons))
#2 C:\xampp\htdocs\MS\system\CodeIgniter.php(332): CodeIgniter\CodeIgniter->handleRequest(NULL, Object(Config\Cache), false)
#3 C:\xampp\htdocs\MS\index.php(44): CodeIgniter\CodeIgniter->run()
#4 {main}
CRITICAL - 2023-08-15 02:48:00 --> Class "App\Controllers\Deskapp\UserModel" not found
#0 C:\xampp\htdocs\MS\system\CodeIgniter.php(935): App\Controllers\Deskapp\Icons->fontawesome('1')
#1 C:\xampp\htdocs\MS\system\CodeIgniter.php(431): CodeIgniter\CodeIgniter->runController(Object(App\Controllers\Deskapp\Icons))
#2 C:\xampp\htdocs\MS\system\CodeIgniter.php(332): CodeIgniter\CodeIgniter->handleRequest(NULL, Object(Config\Cache), false)
#3 C:\xampp\htdocs\MS\index.php(44): CodeIgniter\CodeIgniter->run()
#4 {main}
CRITICAL - 2023-08-15 02:49:25 --> Class "App\Controllers\Deskapp\UserModel" not found
#0 C:\xampp\htdocs\MS\system\CodeIgniter.php(935): App\Controllers\Deskapp\Icons->fontawesome('1')
#1 C:\xampp\htdocs\MS\system\CodeIgniter.php(431): CodeIgniter\CodeIgniter->runController(Object(App\Controllers\Deskapp\Icons))
#2 C:\xampp\htdocs\MS\system\CodeIgniter.php(332): CodeIgniter\CodeIgniter->handleRequest(NULL, Object(Config\Cache), false)
#3 C:\xampp\htdocs\MS\index.php(44): CodeIgniter\CodeIgniter->run()
#4 {main}
CRITICAL - 2023-08-15 02:55:32 --> Undefined array key "id_project"
#0 C:\xampp\htdocs\MS\app\Views\deskapp\icons\font-awesome.php(235): CodeIgniter\Debug\Exceptions->errorHandler(2, 'Undefined array...', 'C:\\xampp\\htdocs...', 235)
#1 C:\xampp\htdocs\MS\system\View\View.php(223): include('C:\\xampp\\htdocs...')
#2 C:\xampp\htdocs\MS\system\Common.php(1213): CodeIgniter\View\View->render('deskapp/icons/f...', Array, true)
#3 C:\xampp\htdocs\MS\app\Controllers\Deskapp\Icons.php(71): view('deskapp/icons/f...', Array)
#4 C:\xampp\htdocs\MS\system\CodeIgniter.php(935): App\Controllers\Deskapp\Icons->fontawesome('1')
#5 C:\xampp\htdocs\MS\system\CodeIgniter.php(431): CodeIgniter\CodeIgniter->runController(Object(App\Controllers\Deskapp\Icons))
#6 C:\xampp\htdocs\MS\system\CodeIgniter.php(332): CodeIgniter\CodeIgniter->handleRequest(NULL, Object(Config\Cache), false)
#7 C:\xampp\htdocs\MS\index.php(44): CodeIgniter\CodeIgniter->run()
#8 {main}
CRITICAL - 2023-08-15 02:59:34 --> Undefined array key "id_project"
#0 C:\xampp\htdocs\MS\app\Views\deskapp\icons\font-awesome.php(235): CodeIgniter\Debug\Exceptions->errorHandler(2, 'Undefined array...', 'C:\\xampp\\htdocs...', 235)
#1 C:\xampp\htdocs\MS\system\View\View.php(223): include('C:\\xampp\\htdocs...')
#2 C:\xampp\htdocs\MS\system\Common.php(1213): CodeIgniter\View\View->render('deskapp/icons/f...', Array, true)
#3 C:\xampp\htdocs\MS\app\Controllers\Deskapp\Icons.php(71): view('deskapp/icons/f...', Array)
#4 C:\xampp\htdocs\MS\system\CodeIgniter.php(935): App\Controllers\Deskapp\Icons->fontawesome('1')
#5 C:\xampp\htdocs\MS\system\CodeIgniter.php(431): CodeIgniter\CodeIgniter->runController(Object(App\Controllers\Deskapp\Icons))
#6 C:\xampp\htdocs\MS\system\CodeIgniter.php(332): CodeIgniter\CodeIgniter->handleRequest(NULL, Object(Config\Cache), false)
#7 C:\xampp\htdocs\MS\index.php(44): CodeIgniter\CodeIgniter->run()
#8 {main}
CRITICAL - 2023-08-15 03:07:42 --> Undefined array key "id_project"
#0 C:\xampp\htdocs\MS\app\Views\deskapp\icons\font-awesome.php(235): CodeIgniter\Debug\Exceptions->errorHandler(2, 'Undefined array...', 'C:\\xampp\\htdocs...', 235)
#1 C:\xampp\htdocs\MS\system\View\View.php(223): include('C:\\xampp\\htdocs...')
#2 C:\xampp\htdocs\MS\system\Common.php(1213): CodeIgniter\View\View->render('deskapp/icons/f...', Array, true)
#3 C:\xampp\htdocs\MS\app\Controllers\Deskapp\Icons.php(71): view('deskapp/icons/f...', Array)
#4 C:\xampp\htdocs\MS\system\CodeIgniter.php(935): App\Controllers\Deskapp\Icons->fontawesome('1')
#5 C:\xampp\htdocs\MS\system\CodeIgniter.php(431): CodeIgniter\CodeIgniter->runController(Object(App\Controllers\Deskapp\Icons))
#6 C:\xampp\htdocs\MS\system\CodeIgniter.php(332): CodeIgniter\CodeIgniter->handleRequest(NULL, Object(Config\Cache), false)
#7 C:\xampp\htdocs\MS\index.php(44): CodeIgniter\CodeIgniter->run()
#8 {main}
CRITICAL - 2023-08-15 03:10:04 --> Undefined array key "id_project"
#0 C:\xampp\htdocs\MS\app\Views\deskapp\icons\font-awesome.php(235): CodeIgniter\Debug\Exceptions->errorHandler(2, 'Undefined array...', 'C:\\xampp\\htdocs...', 235)
#1 C:\xampp\htdocs\MS\system\View\View.php(223): include('C:\\xampp\\htdocs...')
#2 C:\xampp\htdocs\MS\system\Common.php(1213): CodeIgniter\View\View->render('deskapp/icons/f...', Array, true)
#3 C:\xampp\htdocs\MS\app\Controllers\Deskapp\Icons.php(71): view('deskapp/icons/f...', Array)
#4 C:\xampp\htdocs\MS\system\CodeIgniter.php(935): App\Controllers\Deskapp\Icons->fontawesome('1')
#5 C:\xampp\htdocs\MS\system\CodeIgniter.php(431): CodeIgniter\CodeIgniter->runController(Object(App\Controllers\Deskapp\Icons))
#6 C:\xampp\htdocs\MS\system\CodeIgniter.php(332): CodeIgniter\CodeIgniter->handleRequest(NULL, Object(Config\Cache), false)
#7 C:\xampp\htdocs\MS\index.php(44): CodeIgniter\CodeIgniter->run()
#8 {main}
CRITICAL - 2023-08-15 03:13:38 --> Undefined variable $project
#0 C:\xampp\htdocs\MS\app\Views\deskapp\icons\font-awesome.php(179): CodeIgniter\Debug\Exceptions->errorHandler(2, 'Undefined varia...', 'C:\\xampp\\htdocs...', 179)
#1 C:\xampp\htdocs\MS\system\View\View.php(223): include('C:\\xampp\\htdocs...')
#2 C:\xampp\htdocs\MS\system\Common.php(1213): CodeIgniter\View\View->render('deskapp/icons/f...', Array, true)
#3 C:\xampp\htdocs\MS\app\Controllers\Deskapp\Icons.php(71): view('deskapp/icons/f...', Array)
#4 C:\xampp\htdocs\MS\system\CodeIgniter.php(935): App\Controllers\Deskapp\Icons->fontawesome('1')
#5 C:\xampp\htdocs\MS\system\CodeIgniter.php(431): CodeIgniter\CodeIgniter->runController(Object(App\Controllers\Deskapp\Icons))
#6 C:\xampp\htdocs\MS\system\CodeIgniter.php(332): CodeIgniter\CodeIgniter->handleRequest(NULL, Object(Config\Cache), false)
#7 C:\xampp\htdocs\MS\index.php(44): CodeIgniter\CodeIgniter->run()
#8 {main}
CRITICAL - 2023-08-15 03:13:51 --> Undefined array key "id_project"
#0 C:\xampp\htdocs\MS\app\Views\deskapp\icons\font-awesome.php(236): CodeIgniter\Debug\Exceptions->errorHandler(2, 'Undefined array...', 'C:\\xampp\\htdocs...', 236)
#1 C:\xampp\htdocs\MS\system\View\View.php(223): include('C:\\xampp\\htdocs...')
#2 C:\xampp\htdocs\MS\system\Common.php(1213): CodeIgniter\View\View->render('deskapp/icons/f...', Array, true)
#3 C:\xampp\htdocs\MS\app\Controllers\Deskapp\Icons.php(71): view('deskapp/icons/f...', Array)
#4 C:\xampp\htdocs\MS\system\CodeIgniter.php(935): App\Controllers\Deskapp\Icons->fontawesome('1')
#5 C:\xampp\htdocs\MS\system\CodeIgniter.php(431): CodeIgniter\CodeIgniter->runController(Object(App\Controllers\Deskapp\Icons))
#6 C:\xampp\htdocs\MS\system\CodeIgniter.php(332): CodeIgniter\CodeIgniter->handleRequest(NULL, Object(Config\Cache), false)
#7 C:\xampp\htdocs\MS\index.php(44): CodeIgniter\CodeIgniter->run()
#8 {main}
CRITICAL - 2023-08-15 03:17:29 --> Undefined array key "id_project"
#0 C:\xampp\htdocs\MS\app\Views\deskapp\icons\font-awesome.php(236): CodeIgniter\Debug\Exceptions->errorHandler(2, 'Undefined array...', 'C:\\xampp\\htdocs...', 236)
#1 C:\xampp\htdocs\MS\system\View\View.php(223): include('C:\\xampp\\htdocs...')
#2 C:\xampp\htdocs\MS\system\Common.php(1213): CodeIgniter\View\View->render('deskapp/icons/f...', Array, true)
#3 C:\xampp\htdocs\MS\app\Controllers\Deskapp\Icons.php(71): view('deskapp/icons/f...', Array)
#4 C:\xampp\htdocs\MS\system\CodeIgniter.php(935): App\Controllers\Deskapp\Icons->fontawesome('1')
#5 C:\xampp\htdocs\MS\system\CodeIgniter.php(431): CodeIgniter\CodeIgniter->runController(Object(App\Controllers\Deskapp\Icons))
#6 C:\xampp\htdocs\MS\system\CodeIgniter.php(332): CodeIgniter\CodeIgniter->handleRequest(NULL, Object(Config\Cache), false)
#7 C:\xampp\htdocs\MS\index.php(44): CodeIgniter\CodeIgniter->run()
#8 {main}
CRITICAL - 2023-08-15 03:19:37 --> Undefined array key "id_project"
#0 C:\xampp\htdocs\MS\app\Views\deskapp\icons\font-awesome.php(236): CodeIgniter\Debug\Exceptions->errorHandler(2, 'Undefined array...', 'C:\\xampp\\htdocs...', 236)
#1 C:\xampp\htdocs\MS\system\View\View.php(223): include('C:\\xampp\\htdocs...')
#2 C:\xampp\htdocs\MS\system\Common.php(1213): CodeIgniter\View\View->render('deskapp/icons/f...', Array, true)
#3 C:\xampp\htdocs\MS\app\Controllers\Deskapp\Icons.php(71): view('deskapp/icons/f...', Array)
#4 C:\xampp\htdocs\MS\system\CodeIgniter.php(935): App\Controllers\Deskapp\Icons->fontawesome('1')
#5 C:\xampp\htdocs\MS\system\CodeIgniter.php(431): CodeIgniter\CodeIgniter->runController(Object(App\Controllers\Deskapp\Icons))
#6 C:\xampp\htdocs\MS\system\CodeIgniter.php(332): CodeIgniter\CodeIgniter->handleRequest(NULL, Object(Config\Cache), false)
#7 C:\xampp\htdocs\MS\index.php(44): CodeIgniter\CodeIgniter->run()
#8 {main}
CRITICAL - 2023-08-15 03:26:08 --> Undefined array key "id_project"
#0 C:\xampp\htdocs\MS\app\Views\deskapp\icons\font-awesome.php(236): CodeIgniter\Debug\Exceptions->errorHandler(2, 'Undefined array...', 'C:\\xampp\\htdocs...', 236)
#1 C:\xampp\htdocs\MS\system\View\View.php(223): include('C:\\xampp\\htdocs...')
#2 C:\xampp\htdocs\MS\system\Common.php(1213): CodeIgniter\View\View->render('deskapp/icons/f...', Array, true)
#3 C:\xampp\htdocs\MS\app\Controllers\Deskapp\Icons.php(71): view('deskapp/icons/f...', Array)
#4 C:\xampp\htdocs\MS\system\CodeIgniter.php(935): App\Controllers\Deskapp\Icons->fontawesome('1')
#5 C:\xampp\htdocs\MS\system\CodeIgniter.php(431): CodeIgniter\CodeIgniter->runController(Object(App\Controllers\Deskapp\Icons))
#6 C:\xampp\htdocs\MS\system\CodeIgniter.php(332): CodeIgniter\CodeIgniter->handleRequest(NULL, Object(Config\Cache), false)
#7 C:\xampp\htdocs\MS\index.php(44): CodeIgniter\CodeIgniter->run()
#8 {main}
CRITICAL - 2023-08-15 03:26:17 --> Undefined array key "id_project"
#0 C:\xampp\htdocs\MS\app\Views\deskapp\icons\font-awesome.php(236): CodeIgniter\Debug\Exceptions->errorHandler(2, 'Undefined array...', 'C:\\xampp\\htdocs...', 236)
#1 C:\xampp\htdocs\MS\system\View\View.php(223): include('C:\\xampp\\htdocs...')
#2 C:\xampp\htdocs\MS\system\Common.php(1213): CodeIgniter\View\View->render('deskapp/icons/f...', Array, true)
#3 C:\xampp\htdocs\MS\app\Controllers\Deskapp\Icons.php(71): view('deskapp/icons/f...', Array)
#4 C:\xampp\htdocs\MS\system\CodeIgniter.php(935): App\Controllers\Deskapp\Icons->fontawesome('1')
#5 C:\xampp\htdocs\MS\system\CodeIgniter.php(431): CodeIgniter\CodeIgniter->runController(Object(App\Controllers\Deskapp\Icons))
#6 C:\xampp\htdocs\MS\system\CodeIgniter.php(332): CodeIgniter\CodeIgniter->handleRequest(NULL, Object(Config\Cache), false)
#7 C:\xampp\htdocs\MS\index.php(44): CodeIgniter\CodeIgniter->run()
#8 {main}
CRITICAL - 2023-08-15 03:35:58 --> Undefined array key "id_project"
#0 C:\xampp\htdocs\MS\app\Views\deskapp\icons\font-awesome.php(351): CodeIgniter\Debug\Exceptions->errorHandler(2, 'Undefined array...', 'C:\\xampp\\htdocs...', 351)
#1 C:\xampp\htdocs\MS\system\View\View.php(223): include('C:\\xampp\\htdocs...')
#2 C:\xampp\htdocs\MS\system\Common.php(1213): CodeIgniter\View\View->render('deskapp/icons/f...', Array, true)
#3 C:\xampp\htdocs\MS\app\Controllers\Deskapp\Icons.php(71): view('deskapp/icons/f...', Array)
#4 C:\xampp\htdocs\MS\system\CodeIgniter.php(935): App\Controllers\Deskapp\Icons->fontawesome('1')
#5 C:\xampp\htdocs\MS\system\CodeIgniter.php(431): CodeIgniter\CodeIgniter->runController(Object(App\Controllers\Deskapp\Icons))
#6 C:\xampp\htdocs\MS\system\CodeIgniter.php(332): CodeIgniter\CodeIgniter->handleRequest(NULL, Object(Config\Cache), false)
#7 C:\xampp\htdocs\MS\index.php(44): CodeIgniter\CodeIgniter->run()
#8 {main}
CRITICAL - 2023-08-15 04:47:10 --> Too few arguments to function App\Controllers\Deskapp\Icons::foundation(), 0 passed in C:\xampp\htdocs\MS\system\CodeIgniter.php on line 935 and exactly 1 expected
#0 C:\xampp\htdocs\MS\system\CodeIgniter.php(935): App\Controllers\Deskapp\Icons->foundation()
#1 C:\xampp\htdocs\MS\system\CodeIgniter.php(431): CodeIgniter\CodeIgniter->runController(Object(App\Controllers\Deskapp\Icons))
#2 C:\xampp\htdocs\MS\system\CodeIgniter.php(332): CodeIgniter\CodeIgniter->handleRequest(NULL, Object(Config\Cache), false)
#3 C:\xampp\htdocs\MS\index.php(44): CodeIgniter\CodeIgniter->run()
#4 {main}
CRITICAL - 2023-08-15 04:48:34 --> Too few arguments to function App\Controllers\Deskapp\Icons::foundation(), 0 passed in C:\xampp\htdocs\MS\system\CodeIgniter.php on line 935 and exactly 1 expected
#0 C:\xampp\htdocs\MS\system\CodeIgniter.php(935): App\Controllers\Deskapp\Icons->foundation()
#1 C:\xampp\htdocs\MS\system\CodeIgniter.php(431): CodeIgniter\CodeIgniter->runController(Object(App\Controllers\Deskapp\Icons))
#2 C:\xampp\htdocs\MS\system\CodeIgniter.php(332): CodeIgniter\CodeIgniter->handleRequest(NULL, Object(Config\Cache), false)
#3 C:\xampp\htdocs\MS\index.php(44): CodeIgniter\CodeIgniter->run()
#4 {main}
CRITICAL - 2023-08-15 04:50:45 --> Too few arguments to function App\Controllers\Deskapp\Icons::foundation(), 0 passed in C:\xampp\htdocs\MS\system\CodeIgniter.php on line 935 and exactly 1 expected
#0 C:\xampp\htdocs\MS\system\CodeIgniter.php(935): App\Controllers\Deskapp\Icons->foundation()
#1 C:\xampp\htdocs\MS\system\CodeIgniter.php(431): CodeIgniter\CodeIgniter->runController(Object(App\Controllers\Deskapp\Icons))
#2 C:\xampp\htdocs\MS\system\CodeIgniter.php(332): CodeIgniter\CodeIgniter->handleRequest(NULL, Object(Config\Cache), false)
#3 C:\xampp\htdocs\MS\index.php(44): CodeIgniter\CodeIgniter->run()
#4 {main}
CRITICAL - 2023-08-15 04:53:29 --> Too few arguments to function App\Controllers\Deskapp\Icons::foundation(), 0 passed in C:\xampp\htdocs\MS\system\CodeIgniter.php on line 935 and exactly 1 expected
#0 C:\xampp\htdocs\MS\system\CodeIgniter.php(935): App\Controllers\Deskapp\Icons->foundation()
#1 C:\xampp\htdocs\MS\system\CodeIgniter.php(431): CodeIgniter\CodeIgniter->runController(Object(App\Controllers\Deskapp\Icons))
#2 C:\xampp\htdocs\MS\system\CodeIgniter.php(332): CodeIgniter\CodeIgniter->handleRequest(NULL, Object(Config\Cache), false)
#3 C:\xampp\htdocs\MS\index.php(44): CodeIgniter\CodeIgniter->run()
#4 {main}
CRITICAL - 2023-08-15 04:56:39 --> Too few arguments to function App\Controllers\Deskapp\Icons::foundation(), 0 passed in C:\xampp\htdocs\MS\system\CodeIgniter.php on line 935 and exactly 1 expected
#0 C:\xampp\htdocs\MS\system\CodeIgniter.php(935): App\Controllers\Deskapp\Icons->foundation()
#1 C:\xampp\htdocs\MS\system\CodeIgniter.php(431): CodeIgniter\CodeIgniter->runController(Object(App\Controllers\Deskapp\Icons))
#2 C:\xampp\htdocs\MS\system\CodeIgniter.php(332): CodeIgniter\CodeIgniter->handleRequest(NULL, Object(Config\Cache), false)
#3 C:\xampp\htdocs\MS\index.php(44): CodeIgniter\CodeIgniter->run()
#4 {main}
CRITICAL - 2023-08-15 04:57:06 --> Too few arguments to function App\Controllers\Deskapp\Icons::foundation(), 0 passed in C:\xampp\htdocs\MS\system\CodeIgniter.php on line 935 and exactly 1 expected
#0 C:\xampp\htdocs\MS\system\CodeIgniter.php(935): App\Controllers\Deskapp\Icons->foundation()
#1 C:\xampp\htdocs\MS\system\CodeIgniter.php(431): CodeIgniter\CodeIgniter->runController(Object(App\Controllers\Deskapp\Icons))
#2 C:\xampp\htdocs\MS\system\CodeIgniter.php(332): CodeIgniter\CodeIgniter->handleRequest(NULL, Object(Config\Cache), false)
#3 C:\xampp\htdocs\MS\index.php(44): CodeIgniter\CodeIgniter->run()
#4 {main}
CRITICAL - 2023-08-15 04:58:25 --> Too few arguments to function App\Controllers\Deskapp\Icons::foundation(), 0 passed in C:\xampp\htdocs\MS\system\CodeIgniter.php on line 935 and exactly 1 expected
#0 C:\xampp\htdocs\MS\system\CodeIgniter.php(935): App\Controllers\Deskapp\Icons->foundation()
#1 C:\xampp\htdocs\MS\system\CodeIgniter.php(431): CodeIgniter\CodeIgniter->runController(Object(App\Controllers\Deskapp\Icons))
#2 C:\xampp\htdocs\MS\system\CodeIgniter.php(332): CodeIgniter\CodeIgniter->handleRequest(NULL, Object(Config\Cache), false)
#3 C:\xampp\htdocs\MS\index.php(44): CodeIgniter\CodeIgniter->run()
#4 {main}
CRITICAL - 2023-08-15 04:58:43 --> Too few arguments to function App\Controllers\Deskapp\Icons::foundation(), 0 passed in C:\xampp\htdocs\MS\system\CodeIgniter.php on line 935 and exactly 1 expected
#0 C:\xampp\htdocs\MS\system\CodeIgniter.php(935): App\Controllers\Deskapp\Icons->foundation()
#1 C:\xampp\htdocs\MS\system\CodeIgniter.php(431): CodeIgniter\CodeIgniter->runController(Object(App\Controllers\Deskapp\Icons))
#2 C:\xampp\htdocs\MS\system\CodeIgniter.php(332): CodeIgniter\CodeIgniter->handleRequest(NULL, Object(Config\Cache), false)
#3 C:\xampp\htdocs\MS\index.php(44): CodeIgniter\CodeIgniter->run()
#4 {main}
CRITICAL - 2023-08-15 05:00:06 --> Too few arguments to function App\Controllers\Deskapp\Icons::foundation(), 0 passed in C:\xampp\htdocs\MS\system\CodeIgniter.php on line 935 and exactly 1 expected
#0 C:\xampp\htdocs\MS\system\CodeIgniter.php(935): App\Controllers\Deskapp\Icons->foundation()
#1 C:\xampp\htdocs\MS\system\CodeIgniter.php(431): CodeIgniter\CodeIgniter->runController(Object(App\Controllers\Deskapp\Icons))
#2 C:\xampp\htdocs\MS\system\CodeIgniter.php(332): CodeIgniter\CodeIgniter->handleRequest(NULL, Object(Config\Cache), false)
#3 C:\xampp\htdocs\MS\index.php(44): CodeIgniter\CodeIgniter->run()
#4 {main}
CRITICAL - 2023-08-15 05:00:33 --> Too few arguments to function App\Controllers\Deskapp\Icons::foundation(), 0 passed in C:\xampp\htdocs\MS\system\CodeIgniter.php on line 935 and exactly 1 expected
#0 C:\xampp\htdocs\MS\system\CodeIgniter.php(935): App\Controllers\Deskapp\Icons->foundation()
#1 C:\xampp\htdocs\MS\system\CodeIgniter.php(431): CodeIgniter\CodeIgniter->runController(Object(App\Controllers\Deskapp\Icons))
#2 C:\xampp\htdocs\MS\system\CodeIgniter.php(332): CodeIgniter\CodeIgniter->handleRequest(NULL, Object(Config\Cache), false)
#3 C:\xampp\htdocs\MS\index.php(44): CodeIgniter\CodeIgniter->run()
#4 {main}
CRITICAL - 2023-08-15 05:00:34 --> Too few arguments to function App\Controllers\Deskapp\Icons::foundation(), 0 passed in C:\xampp\htdocs\MS\system\CodeIgniter.php on line 935 and exactly 1 expected
#0 C:\xampp\htdocs\MS\system\CodeIgniter.php(935): App\Controllers\Deskapp\Icons->foundation()
#1 C:\xampp\htdocs\MS\system\CodeIgniter.php(431): CodeIgniter\CodeIgniter->runController(Object(App\Controllers\Deskapp\Icons))
#2 C:\xampp\htdocs\MS\system\CodeIgniter.php(332): CodeIgniter\CodeIgniter->handleRequest(NULL, Object(Config\Cache), false)
#3 C:\xampp\htdocs\MS\index.php(44): CodeIgniter\CodeIgniter->run()
#4 {main}
CRITICAL - 2023-08-15 05:01:15 --> Too few arguments to function App\Controllers\Deskapp\Icons::foundation(), 0 passed in C:\xampp\htdocs\MS\system\CodeIgniter.php on line 935 and exactly 1 expected
#0 C:\xampp\htdocs\MS\system\CodeIgniter.php(935): App\Controllers\Deskapp\Icons->foundation()
#1 C:\xampp\htdocs\MS\system\CodeIgniter.php(431): CodeIgniter\CodeIgniter->runController(Object(App\Controllers\Deskapp\Icons))
#2 C:\xampp\htdocs\MS\system\CodeIgniter.php(332): CodeIgniter\CodeIgniter->handleRequest(NULL, Object(Config\Cache), false)
#3 C:\xampp\htdocs\MS\index.php(44): CodeIgniter\CodeIgniter->run()
#4 {main}
CRITICAL - 2023-08-15 05:01:40 --> Too few arguments to function App\Controllers\Deskapp\Icons::foundation(), 0 passed in C:\xampp\htdocs\MS\system\CodeIgniter.php on line 935 and exactly 1 expected
#0 C:\xampp\htdocs\MS\system\CodeIgniter.php(935): App\Controllers\Deskapp\Icons->foundation()
#1 C:\xampp\htdocs\MS\system\CodeIgniter.php(431): CodeIgniter\CodeIgniter->runController(Object(App\Controllers\Deskapp\Icons))
#2 C:\xampp\htdocs\MS\system\CodeIgniter.php(332): CodeIgniter\CodeIgniter->handleRequest(NULL, Object(Config\Cache), false)
#3 C:\xampp\htdocs\MS\index.php(44): CodeIgniter\CodeIgniter->run()
#4 {main}
CRITICAL - 2023-08-15 05:01:41 --> Too few arguments to function App\Controllers\Deskapp\Icons::foundation(), 0 passed in C:\xampp\htdocs\MS\system\CodeIgniter.php on line 935 and exactly 1 expected
#0 C:\xampp\htdocs\MS\system\CodeIgniter.php(935): App\Controllers\Deskapp\Icons->foundation()
#1 C:\xampp\htdocs\MS\system\CodeIgniter.php(431): CodeIgniter\CodeIgniter->runController(Object(App\Controllers\Deskapp\Icons))
#2 C:\xampp\htdocs\MS\system\CodeIgniter.php(332): CodeIgniter\CodeIgniter->handleRequest(NULL, Object(Config\Cache), false)
#3 C:\xampp\htdocs\MS\index.php(44): CodeIgniter\CodeIgniter->run()
#4 {main}
CRITICAL - 2023-08-15 05:01:54 --> Too few arguments to function App\Controllers\Deskapp\Icons::foundation(), 0 passed in C:\xampp\htdocs\MS\system\CodeIgniter.php on line 935 and exactly 1 expected
#0 C:\xampp\htdocs\MS\system\CodeIgniter.php(935): App\Controllers\Deskapp\Icons->foundation()
#1 C:\xampp\htdocs\MS\system\CodeIgniter.php(431): CodeIgniter\CodeIgniter->runController(Object(App\Controllers\Deskapp\Icons))
#2 C:\xampp\htdocs\MS\system\CodeIgniter.php(332): CodeIgniter\CodeIgniter->handleRequest(NULL, Object(Config\Cache), false)
#3 C:\xampp\htdocs\MS\index.php(44): CodeIgniter\CodeIgniter->run()
#4 {main}
CRITICAL - 2023-08-15 05:02:30 --> Too few arguments to function App\Controllers\Deskapp\Icons::foundation(), 0 passed in C:\xampp\htdocs\MS\system\CodeIgniter.php on line 935 and exactly 1 expected
#0 C:\xampp\htdocs\MS\system\CodeIgniter.php(935): App\Controllers\Deskapp\Icons->foundation()
#1 C:\xampp\htdocs\MS\system\CodeIgniter.php(431): CodeIgniter\CodeIgniter->runController(Object(App\Controllers\Deskapp\Icons))
#2 C:\xampp\htdocs\MS\system\CodeIgniter.php(332): CodeIgniter\CodeIgniter->handleRequest(NULL, Object(Config\Cache), false)
#3 C:\xampp\htdocs\MS\index.php(44): CodeIgniter\CodeIgniter->run()
#4 {main}
CRITICAL - 2023-08-15 05:03:04 --> Too few arguments to function App\Controllers\Deskapp\Icons::foundation(), 0 passed in C:\xampp\htdocs\MS\system\CodeIgniter.php on line 935 and exactly 1 expected
#0 C:\xampp\htdocs\MS\system\CodeIgniter.php(935): App\Controllers\Deskapp\Icons->foundation()
#1 C:\xampp\htdocs\MS\system\CodeIgniter.php(431): CodeIgniter\CodeIgniter->runController(Object(App\Controllers\Deskapp\Icons))
#2 C:\xampp\htdocs\MS\system\CodeIgniter.php(332): CodeIgniter\CodeIgniter->handleRequest(NULL, Object(Config\Cache), false)
#3 C:\xampp\htdocs\MS\index.php(44): CodeIgniter\CodeIgniter->run()
#4 {main}
CRITICAL - 2023-08-15 05:03:05 --> Too few arguments to function App\Controllers\Deskapp\Icons::foundation(), 0 passed in C:\xampp\htdocs\MS\system\CodeIgniter.php on line 935 and exactly 1 expected
#0 C:\xampp\htdocs\MS\system\CodeIgniter.php(935): App\Controllers\Deskapp\Icons->foundation()
#1 C:\xampp\htdocs\MS\system\CodeIgniter.php(431): CodeIgniter\CodeIgniter->runController(Object(App\Controllers\Deskapp\Icons))
#2 C:\xampp\htdocs\MS\system\CodeIgniter.php(332): CodeIgniter\CodeIgniter->handleRequest(NULL, Object(Config\Cache), false)
#3 C:\xampp\htdocs\MS\index.php(44): CodeIgniter\CodeIgniter->run()
#4 {main}
CRITICAL - 2023-08-15 05:03:11 --> Too few arguments to function App\Controllers\Deskapp\Icons::foundation(), 0 passed in C:\xampp\htdocs\MS\system\CodeIgniter.php on line 935 and exactly 1 expected
#0 C:\xampp\htdocs\MS\system\CodeIgniter.php(935): App\Controllers\Deskapp\Icons->foundation()
#1 C:\xampp\htdocs\MS\system\CodeIgniter.php(431): CodeIgniter\CodeIgniter->runController(Object(App\Controllers\Deskapp\Icons))
#2 C:\xampp\htdocs\MS\system\CodeIgniter.php(332): CodeIgniter\CodeIgniter->handleRequest(NULL, Object(Config\Cache), false)
#3 C:\xampp\htdocs\MS\index.php(44): CodeIgniter\CodeIgniter->run()
#4 {main}
CRITICAL - 2023-08-15 05:03:12 --> Too few arguments to function App\Controllers\Deskapp\Icons::foundation(), 0 passed in C:\xampp\htdocs\MS\system\CodeIgniter.php on line 935 and exactly 1 expected
#0 C:\xampp\htdocs\MS\system\CodeIgniter.php(935): App\Controllers\Deskapp\Icons->foundation()
#1 C:\xampp\htdocs\MS\system\CodeIgniter.php(431): CodeIgniter\CodeIgniter->runController(Object(App\Controllers\Deskapp\Icons))
#2 C:\xampp\htdocs\MS\system\CodeIgniter.php(332): CodeIgniter\CodeIgniter->handleRequest(NULL, Object(Config\Cache), false)
#3 C:\xampp\htdocs\MS\index.php(44): CodeIgniter\CodeIgniter->run()
#4 {main}
CRITICAL - 2023-08-15 05:03:14 --> Too few arguments to function App\Controllers\Deskapp\Icons::foundation(), 0 passed in C:\xampp\htdocs\MS\system\CodeIgniter.php on line 935 and exactly 1 expected
#0 C:\xampp\htdocs\MS\system\CodeIgniter.php(935): App\Controllers\Deskapp\Icons->foundation()
#1 C:\xampp\htdocs\MS\system\CodeIgniter.php(431): CodeIgniter\CodeIgniter->runController(Object(App\Controllers\Deskapp\Icons))
#2 C:\xampp\htdocs\MS\system\CodeIgniter.php(332): CodeIgniter\CodeIgniter->handleRequest(NULL, Object(Config\Cache), false)
#3 C:\xampp\htdocs\MS\index.php(44): CodeIgniter\CodeIgniter->run()
#4 {main}
CRITICAL - 2023-08-15 05:03:19 --> Too few arguments to function App\Controllers\Deskapp\Icons::foundation(), 0 passed in C:\xampp\htdocs\MS\system\CodeIgniter.php on line 935 and exactly 1 expected
#0 C:\xampp\htdocs\MS\system\CodeIgniter.php(935): App\Controllers\Deskapp\Icons->foundation()
#1 C:\xampp\htdocs\MS\system\CodeIgniter.php(431): CodeIgniter\CodeIgniter->runController(Object(App\Controllers\Deskapp\Icons))
#2 C:\xampp\htdocs\MS\system\CodeIgniter.php(332): CodeIgniter\CodeIgniter->handleRequest(NULL, Object(Config\Cache), false)
#3 C:\xampp\htdocs\MS\index.php(44): CodeIgniter\CodeIgniter->run()
#4 {main}
CRITICAL - 2023-08-15 05:04:11 --> Too few arguments to function App\Controllers\Deskapp\Icons::foundation(), 0 passed in C:\xampp\htdocs\MS\system\CodeIgniter.php on line 935 and exactly 1 expected
#0 C:\xampp\htdocs\MS\system\CodeIgniter.php(935): App\Controllers\Deskapp\Icons->foundation()
#1 C:\xampp\htdocs\MS\system\CodeIgniter.php(431): CodeIgniter\CodeIgniter->runController(Object(App\Controllers\Deskapp\Icons))
#2 C:\xampp\htdocs\MS\system\CodeIgniter.php(332): CodeIgniter\CodeIgniter->handleRequest(NULL, Object(Config\Cache), false)
#3 C:\xampp\htdocs\MS\index.php(44): CodeIgniter\CodeIgniter->run()
#4 {main}
CRITICAL - 2023-08-15 05:05:16 --> Too few arguments to function App\Controllers\Deskapp\Icons::foundation(), 0 passed in C:\xampp\htdocs\MS\system\CodeIgniter.php on line 935 and exactly 1 expected
#0 C:\xampp\htdocs\MS\system\CodeIgniter.php(935): App\Controllers\Deskapp\Icons->foundation()
#1 C:\xampp\htdocs\MS\system\CodeIgniter.php(431): CodeIgniter\CodeIgniter->runController(Object(App\Controllers\Deskapp\Icons))
#2 C:\xampp\htdocs\MS\system\CodeIgniter.php(332): CodeIgniter\CodeIgniter->handleRequest(NULL, Object(Config\Cache), false)
#3 C:\xampp\htdocs\MS\index.php(44): CodeIgniter\CodeIgniter->run()
#4 {main}
CRITICAL - 2023-08-15 05:07:21 --> Too few arguments to function App\Controllers\Deskapp\Icons::foundation(), 0 passed in C:\xampp\htdocs\MS\system\CodeIgniter.php on line 935 and exactly 1 expected
#0 C:\xampp\htdocs\MS\system\CodeIgniter.php(935): App\Controllers\Deskapp\Icons->foundation()
#1 C:\xampp\htdocs\MS\system\CodeIgniter.php(431): CodeIgniter\CodeIgniter->runController(Object(App\Controllers\Deskapp\Icons))
#2 C:\xampp\htdocs\MS\system\CodeIgniter.php(332): CodeIgniter\CodeIgniter->handleRequest(NULL, Object(Config\Cache), false)
#3 C:\xampp\htdocs\MS\index.php(44): CodeIgniter\CodeIgniter->run()
#4 {main}
CRITICAL - 2023-08-15 05:09:42 --> Too few arguments to function App\Controllers\Deskapp\Icons::foundation(), 0 passed in C:\xampp\htdocs\MS\system\CodeIgniter.php on line 935 and exactly 1 expected
#0 C:\xampp\htdocs\MS\system\CodeIgniter.php(935): App\Controllers\Deskapp\Icons->foundation()
#1 C:\xampp\htdocs\MS\system\CodeIgniter.php(431): CodeIgniter\CodeIgniter->runController(Object(App\Controllers\Deskapp\Icons))
#2 C:\xampp\htdocs\MS\system\CodeIgniter.php(332): CodeIgniter\CodeIgniter->handleRequest(NULL, Object(Config\Cache), false)
#3 C:\xampp\htdocs\MS\index.php(44): CodeIgniter\CodeIgniter->run()
#4 {main}
CRITICAL - 2023-08-15 05:10:16 --> Too few arguments to function App\Controllers\Deskapp\Icons::foundation(), 0 passed in C:\xampp\htdocs\MS\system\CodeIgniter.php on line 935 and exactly 1 expected
#0 C:\xampp\htdocs\MS\system\CodeIgniter.php(935): App\Controllers\Deskapp\Icons->foundation()
#1 C:\xampp\htdocs\MS\system\CodeIgniter.php(431): CodeIgniter\CodeIgniter->runController(Object(App\Controllers\Deskapp\Icons))
#2 C:\xampp\htdocs\MS\system\CodeIgniter.php(332): CodeIgniter\CodeIgniter->handleRequest(NULL, Object(Config\Cache), false)
#3 C:\xampp\htdocs\MS\index.php(44): CodeIgniter\CodeIgniter->run()
#4 {main}
CRITICAL - 2023-08-15 05:21:10 --> Too few arguments to function App\Controllers\Deskapp\Icons::custom(), 0 passed in C:\xampp\htdocs\MS\system\CodeIgniter.php on line 935 and exactly 1 expected
#0 C:\xampp\htdocs\MS\system\CodeIgniter.php(935): App\Controllers\Deskapp\Icons->custom()
#1 C:\xampp\htdocs\MS\system\CodeIgniter.php(431): CodeIgniter\CodeIgniter->runController(Object(App\Controllers\Deskapp\Icons))
#2 C:\xampp\htdocs\MS\system\CodeIgniter.php(332): CodeIgniter\CodeIgniter->handleRequest(NULL, Object(Config\Cache), false)
#3 C:\xampp\htdocs\MS\index.php(44): CodeIgniter\CodeIgniter->run()
#4 {main}
CRITICAL - 2023-08-15 05:21:23 --> Too few arguments to function App\Controllers\Deskapp\Icons::custom(), 0 passed in C:\xampp\htdocs\MS\system\CodeIgniter.php on line 935 and exactly 1 expected
#0 C:\xampp\htdocs\MS\system\CodeIgniter.php(935): App\Controllers\Deskapp\Icons->custom()
#1 C:\xampp\htdocs\MS\system\CodeIgniter.php(431): CodeIgniter\CodeIgniter->runController(Object(App\Controllers\Deskapp\Icons))
#2 C:\xampp\htdocs\MS\system\CodeIgniter.php(332): CodeIgniter\CodeIgniter->handleRequest(NULL, Object(Config\Cache), false)
#3 C:\xampp\htdocs\MS\index.php(44): CodeIgniter\CodeIgniter->run()
#4 {main}
CRITICAL - 2023-08-15 05:21:25 --> Too few arguments to function App\Controllers\Deskapp\Icons::custom(), 0 passed in C:\xampp\htdocs\MS\system\CodeIgniter.php on line 935 and exactly 1 expected
#0 C:\xampp\htdocs\MS\system\CodeIgniter.php(935): App\Controllers\Deskapp\Icons->custom()
#1 C:\xampp\htdocs\MS\system\CodeIgniter.php(431): CodeIgniter\CodeIgniter->runController(Object(App\Controllers\Deskapp\Icons))
#2 C:\xampp\htdocs\MS\system\CodeIgniter.php(332): CodeIgniter\CodeIgniter->handleRequest(NULL, Object(Config\Cache), false)
#3 C:\xampp\htdocs\MS\index.php(44): CodeIgniter\CodeIgniter->run()
#4 {main}
CRITICAL - 2023-08-15 05:21:48 --> Too few arguments to function App\Controllers\Deskapp\Icons::custom(), 0 passed in C:\xampp\htdocs\MS\system\CodeIgniter.php on line 935 and exactly 1 expected
#0 C:\xampp\htdocs\MS\system\CodeIgniter.php(935): App\Controllers\Deskapp\Icons->custom()
#1 C:\xampp\htdocs\MS\system\CodeIgniter.php(431): CodeIgniter\CodeIgniter->runController(Object(App\Controllers\Deskapp\Icons))
#2 C:\xampp\htdocs\MS\system\CodeIgniter.php(332): CodeIgniter\CodeIgniter->handleRequest(NULL, Object(Config\Cache), false)
#3 C:\xampp\htdocs\MS\index.php(44): CodeIgniter\CodeIgniter->run()
#4 {main}
CRITICAL - 2023-08-15 05:22:31 --> Too few arguments to function App\Controllers\Deskapp\Icons::custom(), 0 passed in C:\xampp\htdocs\MS\system\CodeIgniter.php on line 935 and exactly 1 expected
#0 C:\xampp\htdocs\MS\system\CodeIgniter.php(935): App\Controllers\Deskapp\Icons->custom()
#1 C:\xampp\htdocs\MS\system\CodeIgniter.php(431): CodeIgniter\CodeIgniter->runController(Object(App\Controllers\Deskapp\Icons))
#2 C:\xampp\htdocs\MS\system\CodeIgniter.php(332): CodeIgniter\CodeIgniter->handleRequest(NULL, Object(Config\Cache), false)
#3 C:\xampp\htdocs\MS\index.php(44): CodeIgniter\CodeIgniter->run()
#4 {main}
CRITICAL - 2023-08-15 05:22:35 --> Too few arguments to function App\Controllers\Deskapp\Icons::custom(), 0 passed in C:\xampp\htdocs\MS\system\CodeIgniter.php on line 935 and exactly 1 expected
#0 C:\xampp\htdocs\MS\system\CodeIgniter.php(935): App\Controllers\Deskapp\Icons->custom()
#1 C:\xampp\htdocs\MS\system\CodeIgniter.php(431): CodeIgniter\CodeIgniter->runController(Object(App\Controllers\Deskapp\Icons))
#2 C:\xampp\htdocs\MS\system\CodeIgniter.php(332): CodeIgniter\CodeIgniter->handleRequest(NULL, Object(Config\Cache), false)
#3 C:\xampp\htdocs\MS\index.php(44): CodeIgniter\CodeIgniter->run()
#4 {main}
CRITICAL - 2023-08-15 05:25:42 --> Undefined array key "id_project"
#0 C:\xampp\htdocs\MS\app\Views\deskapp\icons\font-awesome.php(286): CodeIgniter\Debug\Exceptions->errorHandler(2, 'Undefined array...', 'C:\\xampp\\htdocs...', 286)
#1 C:\xampp\htdocs\MS\system\View\View.php(223): include('C:\\xampp\\htdocs...')
#2 C:\xampp\htdocs\MS\system\Common.php(1213): CodeIgniter\View\View->render('deskapp/icons/f...', Array, true)
#3 C:\xampp\htdocs\MS\app\Controllers\Deskapp\Icons.php(102): view('deskapp/icons/f...', Array)
#4 C:\xampp\htdocs\MS\system\CodeIgniter.php(935): App\Controllers\Deskapp\Icons->fontawesome('1')
#5 C:\xampp\htdocs\MS\system\CodeIgniter.php(431): CodeIgniter\CodeIgniter->runController(Object(App\Controllers\Deskapp\Icons))
#6 C:\xampp\htdocs\MS\system\CodeIgniter.php(332): CodeIgniter\CodeIgniter->handleRequest(NULL, Object(Config\Cache), false)
#7 C:\xampp\htdocs\MS\index.php(44): CodeIgniter\CodeIgniter->run()
#8 {main}
CRITICAL - 2023-08-15 05:26:19 --> Undefined array key "id_project"
#0 C:\xampp\htdocs\MS\app\Views\deskapp\icons\font-awesome.php(286): CodeIgniter\Debug\Exceptions->errorHandler(2, 'Undefined array...', 'C:\\xampp\\htdocs...', 286)
#1 C:\xampp\htdocs\MS\system\View\View.php(223): include('C:\\xampp\\htdocs...')
#2 C:\xampp\htdocs\MS\system\Common.php(1213): CodeIgniter\View\View->render('deskapp/icons/f...', Array, true)
#3 C:\xampp\htdocs\MS\app\Controllers\Deskapp\Icons.php(102): view('deskapp/icons/f...', Array)
#4 C:\xampp\htdocs\MS\system\CodeIgniter.php(935): App\Controllers\Deskapp\Icons->fontawesome('1')
#5 C:\xampp\htdocs\MS\system\CodeIgniter.php(431): CodeIgniter\CodeIgniter->runController(Object(App\Controllers\Deskapp\Icons))
#6 C:\xampp\htdocs\MS\system\CodeIgniter.php(332): CodeIgniter\CodeIgniter->handleRequest(NULL, Object(Config\Cache), false)
#7 C:\xampp\htdocs\MS\index.php(44): CodeIgniter\CodeIgniter->run()
#8 {main}
CRITICAL - 2023-08-15 05:26:52 --> Undefined array key "id_project"
#0 C:\xampp\htdocs\MS\app\Views\deskapp\icons\font-awesome.php(286): CodeIgniter\Debug\Exceptions->errorHandler(2, 'Undefined array...', 'C:\\xampp\\htdocs...', 286)
#1 C:\xampp\htdocs\MS\system\View\View.php(223): include('C:\\xampp\\htdocs...')
#2 C:\xampp\htdocs\MS\system\Common.php(1213): CodeIgniter\View\View->render('deskapp/icons/f...', Array, true)
#3 C:\xampp\htdocs\MS\app\Controllers\Deskapp\Icons.php(101): view('deskapp/icons/f...', Array)
#4 C:\xampp\htdocs\MS\system\CodeIgniter.php(935): App\Controllers\Deskapp\Icons->fontawesome('1')
#5 C:\xampp\htdocs\MS\system\CodeIgniter.php(431): CodeIgniter\CodeIgniter->runController(Object(App\Controllers\Deskapp\Icons))
#6 C:\xampp\htdocs\MS\system\CodeIgniter.php(332): CodeIgniter\CodeIgniter->handleRequest(NULL, Object(Config\Cache), false)
#7 C:\xampp\htdocs\MS\index.php(44): CodeIgniter\CodeIgniter->run()
#8 {main}
CRITICAL - 2023-08-15 05:29:29 --> Too few arguments to function App\Controllers\Deskapp\Icons::custom(), 0 passed in C:\xampp\htdocs\MS\system\CodeIgniter.php on line 935 and exactly 1 expected
#0 C:\xampp\htdocs\MS\system\CodeIgniter.php(935): App\Controllers\Deskapp\Icons->custom()
#1 C:\xampp\htdocs\MS\system\CodeIgniter.php(431): CodeIgniter\CodeIgniter->runController(Object(App\Controllers\Deskapp\Icons))
#2 C:\xampp\htdocs\MS\system\CodeIgniter.php(332): CodeIgniter\CodeIgniter->handleRequest(NULL, Object(Config\Cache), false)
#3 C:\xampp\htdocs\MS\index.php(44): CodeIgniter\CodeIgniter->run()
#4 {main}
CRITICAL - 2023-08-15 05:30:43 --> Too few arguments to function App\Controllers\Deskapp\Icons::custom(), 0 passed in C:\xampp\htdocs\MS\system\CodeIgniter.php on line 935 and exactly 1 expected
#0 C:\xampp\htdocs\MS\system\CodeIgniter.php(935): App\Controllers\Deskapp\Icons->custom()
#1 C:\xampp\htdocs\MS\system\CodeIgniter.php(431): CodeIgniter\CodeIgniter->runController(Object(App\Controllers\Deskapp\Icons))
#2 C:\xampp\htdocs\MS\system\CodeIgniter.php(332): CodeIgniter\CodeIgniter->handleRequest(NULL, Object(Config\Cache), false)
#3 C:\xampp\htdocs\MS\index.php(44): CodeIgniter\CodeIgniter->run()
#4 {main}
CRITICAL - 2023-08-15 05:36:30 --> Too few arguments to function App\Controllers\Deskapp\Icons::custom(), 0 passed in C:\xampp\htdocs\MS\system\CodeIgniter.php on line 935 and exactly 1 expected
#0 C:\xampp\htdocs\MS\system\CodeIgniter.php(935): App\Controllers\Deskapp\Icons->custom()
#1 C:\xampp\htdocs\MS\system\CodeIgniter.php(431): CodeIgniter\CodeIgniter->runController(Object(App\Controllers\Deskapp\Icons))
#2 C:\xampp\htdocs\MS\system\CodeIgniter.php(332): CodeIgniter\CodeIgniter->handleRequest(NULL, Object(Config\Cache), false)
#3 C:\xampp\htdocs\MS\index.php(44): CodeIgniter\CodeIgniter->run()
#4 {main}
CRITICAL - 2023-08-15 05:36:50 --> Too few arguments to function App\Controllers\Deskapp\Icons::custom(), 0 passed in C:\xampp\htdocs\MS\system\CodeIgniter.php on line 935 and exactly 1 expected
#0 C:\xampp\htdocs\MS\system\CodeIgniter.php(935): App\Controllers\Deskapp\Icons->custom()
#1 C:\xampp\htdocs\MS\system\CodeIgniter.php(431): CodeIgniter\CodeIgniter->runController(Object(App\Controllers\Deskapp\Icons))
#2 C:\xampp\htdocs\MS\system\CodeIgniter.php(332): CodeIgniter\CodeIgniter->handleRequest(NULL, Object(Config\Cache), false)
#3 C:\xampp\htdocs\MS\index.php(44): CodeIgniter\CodeIgniter->run()
#4 {main}
CRITICAL - 2023-08-15 05:36:51 --> Too few arguments to function App\Controllers\Deskapp\Icons::custom(), 0 passed in C:\xampp\htdocs\MS\system\CodeIgniter.php on line 935 and exactly 1 expected
#0 C:\xampp\htdocs\MS\system\CodeIgniter.php(935): App\Controllers\Deskapp\Icons->custom()
#1 C:\xampp\htdocs\MS\system\CodeIgniter.php(431): CodeIgniter\CodeIgniter->runController(Object(App\Controllers\Deskapp\Icons))
#2 C:\xampp\htdocs\MS\system\CodeIgniter.php(332): CodeIgniter\CodeIgniter->handleRequest(NULL, Object(Config\Cache), false)
#3 C:\xampp\htdocs\MS\index.php(44): CodeIgniter\CodeIgniter->run()
#4 {main}
CRITICAL - 2023-08-15 05:36:51 --> Too few arguments to function App\Controllers\Deskapp\Icons::custom(), 0 passed in C:\xampp\htdocs\MS\system\CodeIgniter.php on line 935 and exactly 1 expected
#0 C:\xampp\htdocs\MS\system\CodeIgniter.php(935): App\Controllers\Deskapp\Icons->custom()
#1 C:\xampp\htdocs\MS\system\CodeIgniter.php(431): CodeIgniter\CodeIgniter->runController(Object(App\Controllers\Deskapp\Icons))
#2 C:\xampp\htdocs\MS\system\CodeIgniter.php(332): CodeIgniter\CodeIgniter->handleRequest(NULL, Object(Config\Cache), false)
#3 C:\xampp\htdocs\MS\index.php(44): CodeIgniter\CodeIgniter->run()
#4 {main}
CRITICAL - 2023-08-15 05:36:51 --> Too few arguments to function App\Controllers\Deskapp\Icons::custom(), 0 passed in C:\xampp\htdocs\MS\system\CodeIgniter.php on line 935 and exactly 1 expected
#0 C:\xampp\htdocs\MS\system\CodeIgniter.php(935): App\Controllers\Deskapp\Icons->custom()
#1 C:\xampp\htdocs\MS\system\CodeIgniter.php(431): CodeIgniter\CodeIgniter->runController(Object(App\Controllers\Deskapp\Icons))
#2 C:\xampp\htdocs\MS\system\CodeIgniter.php(332): CodeIgniter\CodeIgniter->handleRequest(NULL, Object(Config\Cache), false)
#3 C:\xampp\htdocs\MS\index.php(44): CodeIgniter\CodeIgniter->run()
#4 {main}
CRITICAL - 2023-08-15 05:36:52 --> Too few arguments to function App\Controllers\Deskapp\Icons::custom(), 0 passed in C:\xampp\htdocs\MS\system\CodeIgniter.php on line 935 and exactly 1 expected
#0 C:\xampp\htdocs\MS\system\CodeIgniter.php(935): App\Controllers\Deskapp\Icons->custom()
#1 C:\xampp\htdocs\MS\system\CodeIgniter.php(431): CodeIgniter\CodeIgniter->runController(Object(App\Controllers\Deskapp\Icons))
#2 C:\xampp\htdocs\MS\system\CodeIgniter.php(332): CodeIgniter\CodeIgniter->handleRequest(NULL, Object(Config\Cache), false)
#3 C:\xampp\htdocs\MS\index.php(44): CodeIgniter\CodeIgniter->run()
#4 {main}
CRITICAL - 2023-08-15 05:36:52 --> Too few arguments to function App\Controllers\Deskapp\Icons::custom(), 0 passed in C:\xampp\htdocs\MS\system\CodeIgniter.php on line 935 and exactly 1 expected
#0 C:\xampp\htdocs\MS\system\CodeIgniter.php(935): App\Controllers\Deskapp\Icons->custom()
#1 C:\xampp\htdocs\MS\system\CodeIgniter.php(431): CodeIgniter\CodeIgniter->runController(Object(App\Controllers\Deskapp\Icons))
#2 C:\xampp\htdocs\MS\system\CodeIgniter.php(332): CodeIgniter\CodeIgniter->handleRequest(NULL, Object(Config\Cache), false)
#3 C:\xampp\htdocs\MS\index.php(44): CodeIgniter\CodeIgniter->run()
#4 {main}
CRITICAL - 2023-08-15 05:36:52 --> Too few arguments to function App\Controllers\Deskapp\Icons::custom(), 0 passed in C:\xampp\htdocs\MS\system\CodeIgniter.php on line 935 and exactly 1 expected
#0 C:\xampp\htdocs\MS\system\CodeIgniter.php(935): App\Controllers\Deskapp\Icons->custom()
#1 C:\xampp\htdocs\MS\system\CodeIgniter.php(431): CodeIgniter\CodeIgniter->runController(Object(App\Controllers\Deskapp\Icons))
#2 C:\xampp\htdocs\MS\system\CodeIgniter.php(332): CodeIgniter\CodeIgniter->handleRequest(NULL, Object(Config\Cache), false)
#3 C:\xampp\htdocs\MS\index.php(44): CodeIgniter\CodeIgniter->run()
#4 {main}
CRITICAL - 2023-08-15 05:37:50 --> Too few arguments to function App\Controllers\Deskapp\Icons::custom(), 0 passed in C:\xampp\htdocs\MS\system\CodeIgniter.php on line 935 and exactly 1 expected
#0 C:\xampp\htdocs\MS\system\CodeIgniter.php(935): App\Controllers\Deskapp\Icons->custom()
#1 C:\xampp\htdocs\MS\system\CodeIgniter.php(431): CodeIgniter\CodeIgniter->runController(Object(App\Controllers\Deskapp\Icons))
#2 C:\xampp\htdocs\MS\system\CodeIgniter.php(332): CodeIgniter\CodeIgniter->handleRequest(NULL, Object(Config\Cache), false)
#3 C:\xampp\htdocs\MS\index.php(44): CodeIgniter\CodeIgniter->run()
#4 {main}
CRITICAL - 2023-08-15 05:37:51 --> Too few arguments to function App\Controllers\Deskapp\Icons::custom(), 0 passed in C:\xampp\htdocs\MS\system\CodeIgniter.php on line 935 and exactly 1 expected
#0 C:\xampp\htdocs\MS\system\CodeIgniter.php(935): App\Controllers\Deskapp\Icons->custom()
#1 C:\xampp\htdocs\MS\system\CodeIgniter.php(431): CodeIgniter\CodeIgniter->runController(Object(App\Controllers\Deskapp\Icons))
#2 C:\xampp\htdocs\MS\system\CodeIgniter.php(332): CodeIgniter\CodeIgniter->handleRequest(NULL, Object(Config\Cache), false)
#3 C:\xampp\htdocs\MS\index.php(44): CodeIgniter\CodeIgniter->run()
#4 {main}
CRITICAL - 2023-08-15 05:37:51 --> Too few arguments to function App\Controllers\Deskapp\Icons::custom(), 0 passed in C:\xampp\htdocs\MS\system\CodeIgniter.php on line 935 and exactly 1 expected
#0 C:\xampp\htdocs\MS\system\CodeIgniter.php(935): App\Controllers\Deskapp\Icons->custom()
#1 C:\xampp\htdocs\MS\system\CodeIgniter.php(431): CodeIgniter\CodeIgniter->runController(Object(App\Controllers\Deskapp\Icons))
#2 C:\xampp\htdocs\MS\system\CodeIgniter.php(332): CodeIgniter\CodeIgniter->handleRequest(NULL, Object(Config\Cache), false)
#3 C:\xampp\htdocs\MS\index.php(44): CodeIgniter\CodeIgniter->run()
#4 {main}
CRITICAL - 2023-08-15 05:37:51 --> Too few arguments to function App\Controllers\Deskapp\Icons::custom(), 0 passed in C:\xampp\htdocs\MS\system\CodeIgniter.php on line 935 and exactly 1 expected
#0 C:\xampp\htdocs\MS\system\CodeIgniter.php(935): App\Controllers\Deskapp\Icons->custom()
#1 C:\xampp\htdocs\MS\system\CodeIgniter.php(431): CodeIgniter\CodeIgniter->runController(Object(App\Controllers\Deskapp\Icons))
#2 C:\xampp\htdocs\MS\system\CodeIgniter.php(332): CodeIgniter\CodeIgniter->handleRequest(NULL, Object(Config\Cache), false)
#3 C:\xampp\htdocs\MS\index.php(44): CodeIgniter\CodeIgniter->run()
#4 {main}
CRITICAL - 2023-08-15 05:39:42 --> Too few arguments to function App\Controllers\Deskapp\Icons::custom(), 0 passed in C:\xampp\htdocs\MS\system\CodeIgniter.php on line 935 and exactly 1 expected
#0 C:\xampp\htdocs\MS\system\CodeIgniter.php(935): App\Controllers\Deskapp\Icons->custom()
#1 C:\xampp\htdocs\MS\system\CodeIgniter.php(431): CodeIgniter\CodeIgniter->runController(Object(App\Controllers\Deskapp\Icons))
#2 C:\xampp\htdocs\MS\system\CodeIgniter.php(332): CodeIgniter\CodeIgniter->handleRequest(NULL, Object(Config\Cache), false)
#3 C:\xampp\htdocs\MS\index.php(44): CodeIgniter\CodeIgniter->run()
#4 {main}
CRITICAL - 2023-08-15 05:41:19 --> Undefined variable $id_project
#0 C:\xampp\htdocs\MS\app\Controllers\Deskapp\Icons.php(43): CodeIgniter\Debug\Exceptions->errorHandler(2, 'Undefined varia...', 'C:\\xampp\\htdocs...', 43)
#1 C:\xampp\htdocs\MS\system\CodeIgniter.php(935): App\Controllers\Deskapp\Icons->custom()
#2 C:\xampp\htdocs\MS\system\CodeIgniter.php(431): CodeIgniter\CodeIgniter->runController(Object(App\Controllers\Deskapp\Icons))
#3 C:\xampp\htdocs\MS\system\CodeIgniter.php(332): CodeIgniter\CodeIgniter->handleRequest(NULL, Object(Config\Cache), false)
#4 C:\xampp\htdocs\MS\index.php(44): CodeIgniter\CodeIgniter->run()
#5 {main}
CRITICAL - 2023-08-15 05:41:20 --> Undefined variable $id_project
#0 C:\xampp\htdocs\MS\app\Controllers\Deskapp\Icons.php(43): CodeIgniter\Debug\Exceptions->errorHandler(2, 'Undefined varia...', 'C:\\xampp\\htdocs...', 43)
#1 C:\xampp\htdocs\MS\system\CodeIgniter.php(935): App\Controllers\Deskapp\Icons->custom()
#2 C:\xampp\htdocs\MS\system\CodeIgniter.php(431): CodeIgniter\CodeIgniter->runController(Object(App\Controllers\Deskapp\Icons))
#3 C:\xampp\htdocs\MS\system\CodeIgniter.php(332): CodeIgniter\CodeIgniter->handleRequest(NULL, Object(Config\Cache), false)
#4 C:\xampp\htdocs\MS\index.php(44): CodeIgniter\CodeIgniter->run()
#5 {main}
CRITICAL - 2023-08-15 05:41:31 --> Undefined variable $id_project
#0 C:\xampp\htdocs\MS\app\Controllers\Deskapp\Icons.php(46): CodeIgniter\Debug\Exceptions->errorHandler(2, 'Undefined varia...', 'C:\\xampp\\htdocs...', 46)
#1 C:\xampp\htdocs\MS\system\CodeIgniter.php(935): App\Controllers\Deskapp\Icons->custom()
#2 C:\xampp\htdocs\MS\system\CodeIgniter.php(431): CodeIgniter\CodeIgniter->runController(Object(App\Controllers\Deskapp\Icons))
#3 C:\xampp\htdocs\MS\system\CodeIgniter.php(332): CodeIgniter\CodeIgniter->handleRequest(NULL, Object(Config\Cache), false)
#4 C:\xampp\htdocs\MS\index.php(44): CodeIgniter\CodeIgniter->run()
#5 {main}
CRITICAL - 2023-08-15 05:41:45 --> Undefined variable $Projects
#0 C:\xampp\htdocs\MS\app\Controllers\Deskapp\Icons.php(49): CodeIgniter\Debug\Exceptions->errorHandler(2, 'Undefined varia...', 'C:\\xampp\\htdocs...', 49)
#1 C:\xampp\htdocs\MS\system\CodeIgniter.php(935): App\Controllers\Deskapp\Icons->custom()
#2 C:\xampp\htdocs\MS\system\CodeIgniter.php(431): CodeIgniter\CodeIgniter->runController(Object(App\Controllers\Deskapp\Icons))
#3 C:\xampp\htdocs\MS\system\CodeIgniter.php(332): CodeIgniter\CodeIgniter->handleRequest(NULL, Object(Config\Cache), false)
#4 C:\xampp\htdocs\MS\index.php(44): CodeIgniter\CodeIgniter->run()
#5 {main}
CRITICAL - 2023-08-15 05:42:01 --> Undefined variable $id_project
#0 C:\xampp\htdocs\MS\app\Controllers\Deskapp\Icons.php(56): CodeIgniter\Debug\Exceptions->errorHandler(2, 'Undefined varia...', 'C:\\xampp\\htdocs...', 56)
#1 C:\xampp\htdocs\MS\system\CodeIgniter.php(935): App\Controllers\Deskapp\Icons->custom()
#2 C:\xampp\htdocs\MS\system\CodeIgniter.php(431): CodeIgniter\CodeIgniter->runController(Object(App\Controllers\Deskapp\Icons))
#3 C:\xampp\htdocs\MS\system\CodeIgniter.php(332): CodeIgniter\CodeIgniter->handleRequest(NULL, Object(Config\Cache), false)
#4 C:\xampp\htdocs\MS\index.php(44): CodeIgniter\CodeIgniter->run()
#5 {main}
CRITICAL - 2023-08-15 05:42:12 --> Undefined array key "id_project"
#0 C:\xampp\htdocs\MS\app\Views\deskapp\icons\custom-icon.php(282): CodeIgniter\Debug\Exceptions->errorHandler(2, 'Undefined array...', 'C:\\xampp\\htdocs...', 282)
#1 C:\xampp\htdocs\MS\system\View\View.php(223): include('C:\\xampp\\htdocs...')
#2 C:\xampp\htdocs\MS\system\Common.php(1213): CodeIgniter\View\View->render('deskapp/icons/c...', Array, true)
#3 C:\xampp\htdocs\MS\app\Controllers\Deskapp\Icons.php(61): view('deskapp/icons/c...', Array)
#4 C:\xampp\htdocs\MS\system\CodeIgniter.php(935): App\Controllers\Deskapp\Icons->custom()
#5 C:\xampp\htdocs\MS\system\CodeIgniter.php(431): CodeIgniter\CodeIgniter->runController(Object(App\Controllers\Deskapp\Icons))
#6 C:\xampp\htdocs\MS\system\CodeIgniter.php(332): CodeIgniter\CodeIgniter->handleRequest(NULL, Object(Config\Cache), false)
#7 C:\xampp\htdocs\MS\index.php(44): CodeIgniter\CodeIgniter->run()
#8 {main}
CRITICAL - 2023-08-15 05:43:08 --> Too few arguments to function App\Controllers\Deskapp\Icons::custom(), 0 passed in C:\xampp\htdocs\MS\system\CodeIgniter.php on line 935 and exactly 1 expected
#0 C:\xampp\htdocs\MS\system\CodeIgniter.php(935): App\Controllers\Deskapp\Icons->custom()
#1 C:\xampp\htdocs\MS\system\CodeIgniter.php(431): CodeIgniter\CodeIgniter->runController(Object(App\Controllers\Deskapp\Icons))
#2 C:\xampp\htdocs\MS\system\CodeIgniter.php(332): CodeIgniter\CodeIgniter->handleRequest(NULL, Object(Config\Cache), false)
#3 C:\xampp\htdocs\MS\index.php(44): CodeIgniter\CodeIgniter->run()
#4 {main}
CRITICAL - 2023-08-15 05:43:21 --> Too few arguments to function App\Controllers\Deskapp\Icons::custom(), 0 passed in C:\xampp\htdocs\MS\system\CodeIgniter.php on line 935 and exactly 1 expected
#0 C:\xampp\htdocs\MS\system\CodeIgniter.php(935): App\Controllers\Deskapp\Icons->custom()
#1 C:\xampp\htdocs\MS\system\CodeIgniter.php(431): CodeIgniter\CodeIgniter->runController(Object(App\Controllers\Deskapp\Icons))
#2 C:\xampp\htdocs\MS\system\CodeIgniter.php(332): CodeIgniter\CodeIgniter->handleRequest(NULL, Object(Config\Cache), false)
#3 C:\xampp\htdocs\MS\index.php(44): CodeIgniter\CodeIgniter->run()
#4 {main}
CRITICAL - 2023-08-15 05:43:22 --> Too few arguments to function App\Controllers\Deskapp\Icons::custom(), 0 passed in C:\xampp\htdocs\MS\system\CodeIgniter.php on line 935 and exactly 1 expected
#0 C:\xampp\htdocs\MS\system\CodeIgniter.php(935): App\Controllers\Deskapp\Icons->custom()
#1 C:\xampp\htdocs\MS\system\CodeIgniter.php(431): CodeIgniter\CodeIgniter->runController(Object(App\Controllers\Deskapp\Icons))
#2 C:\xampp\htdocs\MS\system\CodeIgniter.php(332): CodeIgniter\CodeIgniter->handleRequest(NULL, Object(Config\Cache), false)
#3 C:\xampp\htdocs\MS\index.php(44): CodeIgniter\CodeIgniter->run()
#4 {main}
CRITICAL - 2023-08-15 05:43:57 --> Too few arguments to function App\Controllers\Deskapp\Icons::custom(), 0 passed in C:\xampp\htdocs\MS\system\CodeIgniter.php on line 935 and exactly 1 expected
#0 C:\xampp\htdocs\MS\system\CodeIgniter.php(935): App\Controllers\Deskapp\Icons->custom()
#1 C:\xampp\htdocs\MS\system\CodeIgniter.php(431): CodeIgniter\CodeIgniter->runController(Object(App\Controllers\Deskapp\Icons))
#2 C:\xampp\htdocs\MS\system\CodeIgniter.php(332): CodeIgniter\CodeIgniter->handleRequest(NULL, Object(Config\Cache), false)
#3 C:\xampp\htdocs\MS\index.php(44): CodeIgniter\CodeIgniter->run()
#4 {main}
CRITICAL - 2023-08-15 05:43:58 --> Too few arguments to function App\Controllers\Deskapp\Icons::custom(), 0 passed in C:\xampp\htdocs\MS\system\CodeIgniter.php on line 935 and exactly 1 expected
#0 C:\xampp\htdocs\MS\system\CodeIgniter.php(935): App\Controllers\Deskapp\Icons->custom()
#1 C:\xampp\htdocs\MS\system\CodeIgniter.php(431): CodeIgniter\CodeIgniter->runController(Object(App\Controllers\Deskapp\Icons))
#2 C:\xampp\htdocs\MS\system\CodeIgniter.php(332): CodeIgniter\CodeIgniter->handleRequest(NULL, Object(Config\Cache), false)
#3 C:\xampp\htdocs\MS\index.php(44): CodeIgniter\CodeIgniter->run()
#4 {main}
CRITICAL - 2023-08-15 05:43:58 --> Too few arguments to function App\Controllers\Deskapp\Icons::custom(), 0 passed in C:\xampp\htdocs\MS\system\CodeIgniter.php on line 935 and exactly 1 expected
#0 C:\xampp\htdocs\MS\system\CodeIgniter.php(935): App\Controllers\Deskapp\Icons->custom()
#1 C:\xampp\htdocs\MS\system\CodeIgniter.php(431): CodeIgniter\CodeIgniter->runController(Object(App\Controllers\Deskapp\Icons))
#2 C:\xampp\htdocs\MS\system\CodeIgniter.php(332): CodeIgniter\CodeIgniter->handleRequest(NULL, Object(Config\Cache), false)
#3 C:\xampp\htdocs\MS\index.php(44): CodeIgniter\CodeIgniter->run()
#4 {main}
CRITICAL - 2023-08-15 05:43:58 --> Too few arguments to function App\Controllers\Deskapp\Icons::custom(), 0 passed in C:\xampp\htdocs\MS\system\CodeIgniter.php on line 935 and exactly 1 expected
#0 C:\xampp\htdocs\MS\system\CodeIgniter.php(935): App\Controllers\Deskapp\Icons->custom()
#1 C:\xampp\htdocs\MS\system\CodeIgniter.php(431): CodeIgniter\CodeIgniter->runController(Object(App\Controllers\Deskapp\Icons))
#2 C:\xampp\htdocs\MS\system\CodeIgniter.php(332): CodeIgniter\CodeIgniter->handleRequest(NULL, Object(Config\Cache), false)
#3 C:\xampp\htdocs\MS\index.php(44): CodeIgniter\CodeIgniter->run()
#4 {main}
CRITICAL - 2023-08-15 05:43:58 --> Too few arguments to function App\Controllers\Deskapp\Icons::custom(), 0 passed in C:\xampp\htdocs\MS\system\CodeIgniter.php on line 935 and exactly 1 expected
#0 C:\xampp\htdocs\MS\system\CodeIgniter.php(935): App\Controllers\Deskapp\Icons->custom()
#1 C:\xampp\htdocs\MS\system\CodeIgniter.php(431): CodeIgniter\CodeIgniter->runController(Object(App\Controllers\Deskapp\Icons))
#2 C:\xampp\htdocs\MS\system\CodeIgniter.php(332): CodeIgniter\CodeIgniter->handleRequest(NULL, Object(Config\Cache), false)
#3 C:\xampp\htdocs\MS\index.php(44): CodeIgniter\CodeIgniter->run()
#4 {main}
CRITICAL - 2023-08-15 05:43:59 --> Too few arguments to function App\Controllers\Deskapp\Icons::custom(), 0 passed in C:\xampp\htdocs\MS\system\CodeIgniter.php on line 935 and exactly 1 expected
#0 C:\xampp\htdocs\MS\system\CodeIgniter.php(935): App\Controllers\Deskapp\Icons->custom()
#1 C:\xampp\htdocs\MS\system\CodeIgniter.php(431): CodeIgniter\CodeIgniter->runController(Object(App\Controllers\Deskapp\Icons))
#2 C:\xampp\htdocs\MS\system\CodeIgniter.php(332): CodeIgniter\CodeIgniter->handleRequest(NULL, Object(Config\Cache), false)
#3 C:\xampp\htdocs\MS\index.php(44): CodeIgniter\CodeIgniter->run()
#4 {main}
CRITICAL - 2023-08-15 05:43:59 --> Too few arguments to function App\Controllers\Deskapp\Icons::custom(), 0 passed in C:\xampp\htdocs\MS\system\CodeIgniter.php on line 935 and exactly 1 expected
#0 C:\xampp\htdocs\MS\system\CodeIgniter.php(935): App\Controllers\Deskapp\Icons->custom()
#1 C:\xampp\htdocs\MS\system\CodeIgniter.php(431): CodeIgniter\CodeIgniter->runController(Object(App\Controllers\Deskapp\Icons))
#2 C:\xampp\htdocs\MS\system\CodeIgniter.php(332): CodeIgniter\CodeIgniter->handleRequest(NULL, Object(Config\Cache), false)
#3 C:\xampp\htdocs\MS\index.php(44): CodeIgniter\CodeIgniter->run()
#4 {main}
CRITICAL - 2023-08-15 05:43:59 --> Too few arguments to function App\Controllers\Deskapp\Icons::custom(), 0 passed in C:\xampp\htdocs\MS\system\CodeIgniter.php on line 935 and exactly 1 expected
#0 C:\xampp\htdocs\MS\system\CodeIgniter.php(935): App\Controllers\Deskapp\Icons->custom()
#1 C:\xampp\htdocs\MS\system\CodeIgniter.php(431): CodeIgniter\CodeIgniter->runController(Object(App\Controllers\Deskapp\Icons))
#2 C:\xampp\htdocs\MS\system\CodeIgniter.php(332): CodeIgniter\CodeIgniter->handleRequest(NULL, Object(Config\Cache), false)
#3 C:\xampp\htdocs\MS\index.php(44): CodeIgniter\CodeIgniter->run()
#4 {main}
CRITICAL - 2023-08-15 05:43:59 --> Too few arguments to function App\Controllers\Deskapp\Icons::custom(), 0 passed in C:\xampp\htdocs\MS\system\CodeIgniter.php on line 935 and exactly 1 expected
#0 C:\xampp\htdocs\MS\system\CodeIgniter.php(935): App\Controllers\Deskapp\Icons->custom()
#1 C:\xampp\htdocs\MS\system\CodeIgniter.php(431): CodeIgniter\CodeIgniter->runController(Object(App\Controllers\Deskapp\Icons))
#2 C:\xampp\htdocs\MS\system\CodeIgniter.php(332): CodeIgniter\CodeIgniter->handleRequest(NULL, Object(Config\Cache), false)
#3 C:\xampp\htdocs\MS\index.php(44): CodeIgniter\CodeIgniter->run()
#4 {main}
CRITICAL - 2023-08-15 05:44:00 --> Too few arguments to function App\Controllers\Deskapp\Icons::custom(), 0 passed in C:\xampp\htdocs\MS\system\CodeIgniter.php on line 935 and exactly 1 expected
#0 C:\xampp\htdocs\MS\system\CodeIgniter.php(935): App\Controllers\Deskapp\Icons->custom()
#1 C:\xampp\htdocs\MS\system\CodeIgniter.php(431): CodeIgniter\CodeIgniter->runController(Object(App\Controllers\Deskapp\Icons))
#2 C:\xampp\htdocs\MS\system\CodeIgniter.php(332): CodeIgniter\CodeIgniter->handleRequest(NULL, Object(Config\Cache), false)
#3 C:\xampp\htdocs\MS\index.php(44): CodeIgniter\CodeIgniter->run()
#4 {main}
CRITICAL - 2023-08-15 05:44:00 --> Too few arguments to function App\Controllers\Deskapp\Icons::custom(), 0 passed in C:\xampp\htdocs\MS\system\CodeIgniter.php on line 935 and exactly 1 expected
#0 C:\xampp\htdocs\MS\system\CodeIgniter.php(935): App\Controllers\Deskapp\Icons->custom()
#1 C:\xampp\htdocs\MS\system\CodeIgniter.php(431): CodeIgniter\CodeIgniter->runController(Object(App\Controllers\Deskapp\Icons))
#2 C:\xampp\htdocs\MS\system\CodeIgniter.php(332): CodeIgniter\CodeIgniter->handleRequest(NULL, Object(Config\Cache), false)
#3 C:\xampp\htdocs\MS\index.php(44): CodeIgniter\CodeIgniter->run()
#4 {main}
CRITICAL - 2023-08-15 05:44:00 --> Too few arguments to function App\Controllers\Deskapp\Icons::custom(), 0 passed in C:\xampp\htdocs\MS\system\CodeIgniter.php on line 935 and exactly 1 expected
#0 C:\xampp\htdocs\MS\system\CodeIgniter.php(935): App\Controllers\Deskapp\Icons->custom()
#1 C:\xampp\htdocs\MS\system\CodeIgniter.php(431): CodeIgniter\CodeIgniter->runController(Object(App\Controllers\Deskapp\Icons))
#2 C:\xampp\htdocs\MS\system\CodeIgniter.php(332): CodeIgniter\CodeIgniter->handleRequest(NULL, Object(Config\Cache), false)
#3 C:\xampp\htdocs\MS\index.php(44): CodeIgniter\CodeIgniter->run()
#4 {main}
CRITICAL - 2023-08-15 05:44:00 --> Too few arguments to function App\Controllers\Deskapp\Icons::custom(), 0 passed in C:\xampp\htdocs\MS\system\CodeIgniter.php on line 935 and exactly 1 expected
#0 C:\xampp\htdocs\MS\system\CodeIgniter.php(935): App\Controllers\Deskapp\Icons->custom()
#1 C:\xampp\htdocs\MS\system\CodeIgniter.php(431): CodeIgniter\CodeIgniter->runController(Object(App\Controllers\Deskapp\Icons))
#2 C:\xampp\htdocs\MS\system\CodeIgniter.php(332): CodeIgniter\CodeIgniter->handleRequest(NULL, Object(Config\Cache), false)
#3 C:\xampp\htdocs\MS\index.php(44): CodeIgniter\CodeIgniter->run()
#4 {main}
CRITICAL - 2023-08-15 05:44:01 --> Too few arguments to function App\Controllers\Deskapp\Icons::custom(), 0 passed in C:\xampp\htdocs\MS\system\CodeIgniter.php on line 935 and exactly 1 expected
#0 C:\xampp\htdocs\MS\system\CodeIgniter.php(935): App\Controllers\Deskapp\Icons->custom()
#1 C:\xampp\htdocs\MS\system\CodeIgniter.php(431): CodeIgniter\CodeIgniter->runController(Object(App\Controllers\Deskapp\Icons))
#2 C:\xampp\htdocs\MS\system\CodeIgniter.php(332): CodeIgniter\CodeIgniter->handleRequest(NULL, Object(Config\Cache), false)
#3 C:\xampp\htdocs\MS\index.php(44): CodeIgniter\CodeIgniter->run()
#4 {main}
CRITICAL - 2023-08-15 05:44:01 --> Too few arguments to function App\Controllers\Deskapp\Icons::custom(), 0 passed in C:\xampp\htdocs\MS\system\CodeIgniter.php on line 935 and exactly 1 expected
#0 C:\xampp\htdocs\MS\system\CodeIgniter.php(935): App\Controllers\Deskapp\Icons->custom()
#1 C:\xampp\htdocs\MS\system\CodeIgniter.php(431): CodeIgniter\CodeIgniter->runController(Object(App\Controllers\Deskapp\Icons))
#2 C:\xampp\htdocs\MS\system\CodeIgniter.php(332): CodeIgniter\CodeIgniter->handleRequest(NULL, Object(Config\Cache), false)
#3 C:\xampp\htdocs\MS\index.php(44): CodeIgniter\CodeIgniter->run()
#4 {main}
CRITICAL - 2023-08-15 05:44:01 --> Too few arguments to function App\Controllers\Deskapp\Icons::custom(), 0 passed in C:\xampp\htdocs\MS\system\CodeIgniter.php on line 935 and exactly 1 expected
#0 C:\xampp\htdocs\MS\system\CodeIgniter.php(935): App\Controllers\Deskapp\Icons->custom()
#1 C:\xampp\htdocs\MS\system\CodeIgniter.php(431): CodeIgniter\CodeIgniter->runController(Object(App\Controllers\Deskapp\Icons))
#2 C:\xampp\htdocs\MS\system\CodeIgniter.php(332): CodeIgniter\CodeIgniter->handleRequest(NULL, Object(Config\Cache), false)
#3 C:\xampp\htdocs\MS\index.php(44): CodeIgniter\CodeIgniter->run()
#4 {main}
CRITICAL - 2023-08-15 05:44:01 --> Too few arguments to function App\Controllers\Deskapp\Icons::custom(), 0 passed in C:\xampp\htdocs\MS\system\CodeIgniter.php on line 935 and exactly 1 expected
#0 C:\xampp\htdocs\MS\system\CodeIgniter.php(935): App\Controllers\Deskapp\Icons->custom()
#1 C:\xampp\htdocs\MS\system\CodeIgniter.php(431): CodeIgniter\CodeIgniter->runController(Object(App\Controllers\Deskapp\Icons))
#2 C:\xampp\htdocs\MS\system\CodeIgniter.php(332): CodeIgniter\CodeIgniter->handleRequest(NULL, Object(Config\Cache), false)
#3 C:\xampp\htdocs\MS\index.php(44): CodeIgniter\CodeIgniter->run()
#4 {main}
CRITICAL - 2023-08-15 05:44:02 --> Too few arguments to function App\Controllers\Deskapp\Icons::custom(), 0 passed in C:\xampp\htdocs\MS\system\CodeIgniter.php on line 935 and exactly 1 expected
#0 C:\xampp\htdocs\MS\system\CodeIgniter.php(935): App\Controllers\Deskapp\Icons->custom()
#1 C:\xampp\htdocs\MS\system\CodeIgniter.php(431): CodeIgniter\CodeIgniter->runController(Object(App\Controllers\Deskapp\Icons))
#2 C:\xampp\htdocs\MS\system\CodeIgniter.php(332): CodeIgniter\CodeIgniter->handleRequest(NULL, Object(Config\Cache), false)
#3 C:\xampp\htdocs\MS\index.php(44): CodeIgniter\CodeIgniter->run()
#4 {main}
CRITICAL - 2023-08-15 05:44:02 --> Too few arguments to function App\Controllers\Deskapp\Icons::custom(), 0 passed in C:\xampp\htdocs\MS\system\CodeIgniter.php on line 935 and exactly 1 expected
#0 C:\xampp\htdocs\MS\system\CodeIgniter.php(935): App\Controllers\Deskapp\Icons->custom()
#1 C:\xampp\htdocs\MS\system\CodeIgniter.php(431): CodeIgniter\CodeIgniter->runController(Object(App\Controllers\Deskapp\Icons))
#2 C:\xampp\htdocs\MS\system\CodeIgniter.php(332): CodeIgniter\CodeIgniter->handleRequest(NULL, Object(Config\Cache), false)
#3 C:\xampp\htdocs\MS\index.php(44): CodeIgniter\CodeIgniter->run()
#4 {main}
CRITICAL - 2023-08-15 05:44:03 --> Too few arguments to function App\Controllers\Deskapp\Icons::custom(), 0 passed in C:\xampp\htdocs\MS\system\CodeIgniter.php on line 935 and exactly 1 expected
#0 C:\xampp\htdocs\MS\system\CodeIgniter.php(935): App\Controllers\Deskapp\Icons->custom()
#1 C:\xampp\htdocs\MS\system\CodeIgniter.php(431): CodeIgniter\CodeIgniter->runController(Object(App\Controllers\Deskapp\Icons))
#2 C:\xampp\htdocs\MS\system\CodeIgniter.php(332): CodeIgniter\CodeIgniter->handleRequest(NULL, Object(Config\Cache), false)
#3 C:\xampp\htdocs\MS\index.php(44): CodeIgniter\CodeIgniter->run()
#4 {main}
CRITICAL - 2023-08-15 05:44:07 --> Too few arguments to function App\Controllers\Deskapp\Icons::custom(), 0 passed in C:\xampp\htdocs\MS\system\CodeIgniter.php on line 935 and exactly 1 expected
#0 C:\xampp\htdocs\MS\system\CodeIgniter.php(935): App\Controllers\Deskapp\Icons->custom()
#1 C:\xampp\htdocs\MS\system\CodeIgniter.php(431): CodeIgniter\CodeIgniter->runController(Object(App\Controllers\Deskapp\Icons))
#2 C:\xampp\htdocs\MS\system\CodeIgniter.php(332): CodeIgniter\CodeIgniter->handleRequest(NULL, Object(Config\Cache), false)
#3 C:\xampp\htdocs\MS\index.php(44): CodeIgniter\CodeIgniter->run()
#4 {main}
CRITICAL - 2023-08-15 05:45:56 --> Too few arguments to function App\Controllers\Deskapp\Icons::custom(), 0 passed in C:\xampp\htdocs\MS\system\CodeIgniter.php on line 935 and exactly 1 expected
#0 C:\xampp\htdocs\MS\system\CodeIgniter.php(935): App\Controllers\Deskapp\Icons->custom()
#1 C:\xampp\htdocs\MS\system\CodeIgniter.php(431): CodeIgniter\CodeIgniter->runController(Object(App\Controllers\Deskapp\Icons))
#2 C:\xampp\htdocs\MS\system\CodeIgniter.php(332): CodeIgniter\CodeIgniter->handleRequest(NULL, Object(Config\Cache), false)
#3 C:\xampp\htdocs\MS\index.php(44): CodeIgniter\CodeIgniter->run()
#4 {main}
CRITICAL - 2023-08-15 05:54:06 --> Array to string conversion
#0 C:\xampp\htdocs\MS\app\Controllers\Deskapp\Icons.php(49): CodeIgniter\Debug\Exceptions->errorHandler(2, 'Array to string...', 'C:\\xampp\\htdocs...', 49)
#1 C:\xampp\htdocs\MS\system\CodeIgniter.php(935): App\Controllers\Deskapp\Icons->custom('1')
#2 C:\xampp\htdocs\MS\system\CodeIgniter.php(431): CodeIgniter\CodeIgniter->runController(Object(App\Controllers\Deskapp\Icons))
#3 C:\xampp\htdocs\MS\system\CodeIgniter.php(332): CodeIgniter\CodeIgniter->handleRequest(NULL, Object(Config\Cache), false)
#4 C:\xampp\htdocs\MS\index.php(44): CodeIgniter\CodeIgniter->run()
#5 {main}
CRITICAL - 2023-08-15 05:54:09 --> Array to string conversion
#0 C:\xampp\htdocs\MS\app\Controllers\Deskapp\Icons.php(49): CodeIgniter\Debug\Exceptions->errorHandler(2, 'Array to string...', 'C:\\xampp\\htdocs...', 49)
#1 C:\xampp\htdocs\MS\system\CodeIgniter.php(935): App\Controllers\Deskapp\Icons->custom('1')
#2 C:\xampp\htdocs\MS\system\CodeIgniter.php(431): CodeIgniter\CodeIgniter->runController(Object(App\Controllers\Deskapp\Icons))
#3 C:\xampp\htdocs\MS\system\CodeIgniter.php(332): CodeIgniter\CodeIgniter->handleRequest(NULL, Object(Config\Cache), false)
#4 C:\xampp\htdocs\MS\index.php(44): CodeIgniter\CodeIgniter->run()
#5 {main}
=======
>>>>>>> d76f5280e4dcd7455ccdfbef1338bc5b60383fc8
CRITICAL - 2023-08-15 02:58:30 --> Unclosed '{' on line 10
#0 C:\xampp\htdocs\MS\system\Router\Router.php(170): CodeIgniter\Router\Router->autoRoute('deskapp/login')
#1 C:\xampp\htdocs\MS\system\CodeIgniter.php(815): CodeIgniter\Router\Router->handle('deskapp/login')
#2 C:\xampp\htdocs\MS\system\CodeIgniter.php(384): CodeIgniter\CodeIgniter->tryToRouteIt(Object(CodeIgniter\Router\RouteCollection))
#3 C:\xampp\htdocs\MS\system\CodeIgniter.php(332): CodeIgniter\CodeIgniter->handleRequest(NULL, Object(Config\Cache), false)
#4 C:\xampp\htdocs\MS\index.php(44): CodeIgniter\CodeIgniter->run()
#5 {main}
CRITICAL - 2023-08-15 02:58:34 --> Unclosed '{' on line 10
#0 C:\xampp\htdocs\MS\system\Router\Router.php(170): CodeIgniter\Router\Router->autoRoute('deskapp/login')
#1 C:\xampp\htdocs\MS\system\CodeIgniter.php(815): CodeIgniter\Router\Router->handle('deskapp/login')
#2 C:\xampp\htdocs\MS\system\CodeIgniter.php(384): CodeIgniter\CodeIgniter->tryToRouteIt(Object(CodeIgniter\Router\RouteCollection))
#3 C:\xampp\htdocs\MS\system\CodeIgniter.php(332): CodeIgniter\CodeIgniter->handleRequest(NULL, Object(Config\Cache), false)
#4 C:\xampp\htdocs\MS\index.php(44): CodeIgniter\CodeIgniter->run()
#5 {main}
CRITICAL - 2023-08-15 03:00:00 --> Invalid file: deskapp/includes/_sidebar_manager.php
#0 C:\xampp\htdocs\MS\system\View\View.php(207): CodeIgniter\Exceptions\FrameworkException::forInvalidFile('deskapp/include...')
#1 C:\xampp\htdocs\MS\system\Common.php(1213): CodeIgniter\View\View->render('deskapp/include...', Array, true)
#2 C:\xampp\htdocs\MS\app\Controllers\Deskapp\Login.php(68): view('deskapp/include...')
#3 C:\xampp\htdocs\MS\system\CodeIgniter.php(935): App\Controllers\Deskapp\Login->auth()
#4 C:\xampp\htdocs\MS\system\CodeIgniter.php(431): CodeIgniter\CodeIgniter->runController(Object(App\Controllers\Deskapp\Login))
#5 C:\xampp\htdocs\MS\system\CodeIgniter.php(332): CodeIgniter\CodeIgniter->handleRequest(NULL, Object(Config\Cache), false)
#6 C:\xampp\htdocs\MS\index.php(44): CodeIgniter\CodeIgniter->run()
#7 {main}
CRITICAL - 2023-08-15 03:31:11 --> Undefined variable $userCount
#0 C:\xampp\htdocs\MS\app\Views\deskapp\dashboard\index2.php(389): CodeIgniter\Debug\Exceptions->errorHandler(2, 'Undefined varia...', 'C:\\xampp\\htdocs...', 389)
#1 C:\xampp\htdocs\MS\system\View\View.php(223): include('C:\\xampp\\htdocs...')
#2 C:\xampp\htdocs\MS\system\Common.php(1213): CodeIgniter\View\View->render('deskapp/dashboa...', Array, true)
#3 C:\xampp\htdocs\MS\app\Controllers\Deskapp\Dashboard.php(64): view('deskapp/dashboa...', Array)
#4 C:\xampp\htdocs\MS\system\CodeIgniter.php(935): App\Controllers\Deskapp\Dashboard->two()
#5 C:\xampp\htdocs\MS\system\CodeIgniter.php(431): CodeIgniter\CodeIgniter->runController(Object(App\Controllers\Deskapp\Dashboard))
#6 C:\xampp\htdocs\MS\system\CodeIgniter.php(332): CodeIgniter\CodeIgniter->handleRequest(NULL, Object(Config\Cache), false)
#7 C:\xampp\htdocs\MS\index.php(44): CodeIgniter\CodeIgniter->run()
#8 {main}
CRITICAL - 2023-08-15 03:32:18 --> Undefined variable $userCount
#0 C:\xampp\htdocs\MS\app\Views\deskapp\dashboard\index2.php(390): CodeIgniter\Debug\Exceptions->errorHandler(2, 'Undefined varia...', 'C:\\xampp\\htdocs...', 390)
#1 C:\xampp\htdocs\MS\system\View\View.php(223): include('C:\\xampp\\htdocs...')
#2 C:\xampp\htdocs\MS\system\Common.php(1213): CodeIgniter\View\View->render('deskapp/dashboa...', Array, true)
#3 C:\xampp\htdocs\MS\app\Controllers\Deskapp\Dashboard.php(64): view('deskapp/dashboa...', Array)
#4 C:\xampp\htdocs\MS\system\CodeIgniter.php(935): App\Controllers\Deskapp\Dashboard->two()
#5 C:\xampp\htdocs\MS\system\CodeIgniter.php(431): CodeIgniter\CodeIgniter->runController(Object(App\Controllers\Deskapp\Dashboard))
#6 C:\xampp\htdocs\MS\system\CodeIgniter.php(332): CodeIgniter\CodeIgniter->handleRequest(NULL, Object(Config\Cache), false)
#7 C:\xampp\htdocs\MS\index.php(44): CodeIgniter\CodeIgniter->run()
#8 {main}
CRITICAL - 2023-08-15 03:33:00 --> Undefined variable $userCount
#0 C:\xampp\htdocs\MS\app\Views\deskapp\dashboard\index2.php(390): CodeIgniter\Debug\Exceptions->errorHandler(2, 'Undefined varia...', 'C:\\xampp\\htdocs...', 390)
#1 C:\xampp\htdocs\MS\system\View\View.php(223): include('C:\\xampp\\htdocs...')
#2 C:\xampp\htdocs\MS\system\Common.php(1213): CodeIgniter\View\View->render('deskapp/dashboa...', Array, true)
#3 C:\xampp\htdocs\MS\app\Controllers\Deskapp\Dashboard.php(64): view('deskapp/dashboa...', Array)
#4 C:\xampp\htdocs\MS\system\CodeIgniter.php(935): App\Controllers\Deskapp\Dashboard->two()
#5 C:\xampp\htdocs\MS\system\CodeIgniter.php(431): CodeIgniter\CodeIgniter->runController(Object(App\Controllers\Deskapp\Dashboard))
#6 C:\xampp\htdocs\MS\system\CodeIgniter.php(332): CodeIgniter\CodeIgniter->handleRequest(NULL, Object(Config\Cache), false)
#7 C:\xampp\htdocs\MS\index.php(44): CodeIgniter\CodeIgniter->run()
#8 {main}
CRITICAL - 2023-08-15 03:48:41 --> Class "App\Controllers\Deskapp\LevelsModel" not found
#0 C:\xampp\htdocs\MS\system\CodeIgniter.php(935): App\Controllers\Deskapp\Charts->highchart()
#1 C:\xampp\htdocs\MS\system\CodeIgniter.php(431): CodeIgniter\CodeIgniter->runController(Object(App\Controllers\Deskapp\Charts))
#2 C:\xampp\htdocs\MS\system\CodeIgniter.php(332): CodeIgniter\CodeIgniter->handleRequest(NULL, Object(Config\Cache), false)
#3 C:\xampp\htdocs\MS\index.php(44): CodeIgniter\CodeIgniter->run()
#4 {main}
CRITICAL - 2023-08-15 03:48:46 --> Class "App\Controllers\Deskapp\LevelsModel" not found
#0 C:\xampp\htdocs\MS\system\CodeIgniter.php(935): App\Controllers\Deskapp\Charts->highchart()
#1 C:\xampp\htdocs\MS\system\CodeIgniter.php(431): CodeIgniter\CodeIgniter->runController(Object(App\Controllers\Deskapp\Charts))
#2 C:\xampp\htdocs\MS\system\CodeIgniter.php(332): CodeIgniter\CodeIgniter->handleRequest(NULL, Object(Config\Cache), false)
#3 C:\xampp\htdocs\MS\index.php(44): CodeIgniter\CodeIgniter->run()
#4 {main}
CRITICAL - 2023-08-15 03:49:38 --> Undefined variable $projectNames
#0 C:\xampp\htdocs\MS\app\Views\deskapp\chart\highchart.php(100): CodeIgniter\Debug\Exceptions->errorHandler(2, 'Undefined varia...', 'C:\\xampp\\htdocs...', 100)
#1 C:\xampp\htdocs\MS\system\View\View.php(223): include('C:\\xampp\\htdocs...')
#2 C:\xampp\htdocs\MS\system\Common.php(1213): CodeIgniter\View\View->render('deskapp/chart/h...', Array, true)
#3 C:\xampp\htdocs\MS\app\Controllers\Deskapp\Charts.php(38): view('deskapp/chart/h...', Array)
#4 C:\xampp\htdocs\MS\system\CodeIgniter.php(935): App\Controllers\Deskapp\Charts->highchart()
#5 C:\xampp\htdocs\MS\system\CodeIgniter.php(431): CodeIgniter\CodeIgniter->runController(Object(App\Controllers\Deskapp\Charts))
#6 C:\xampp\htdocs\MS\system\CodeIgniter.php(332): CodeIgniter\CodeIgniter->handleRequest(NULL, Object(Config\Cache), false)
#7 C:\xampp\htdocs\MS\index.php(44): CodeIgniter\CodeIgniter->run()
#8 {main}
CRITICAL - 2023-08-15 03:52:03 --> Undefined variable $projectNames
#0 C:\xampp\htdocs\MS\app\Views\deskapp\chart\apexcharts.php(92): CodeIgniter\Debug\Exceptions->errorHandler(2, 'Undefined varia...', 'C:\\xampp\\htdocs...', 92)
#1 C:\xampp\htdocs\MS\system\View\View.php(223): include('C:\\xampp\\htdocs...')
#2 C:\xampp\htdocs\MS\system\Common.php(1213): CodeIgniter\View\View->render('deskapp/chart/a...', Array, true)
#3 C:\xampp\htdocs\MS\app\Controllers\Deskapp\Charts.php(20): view('deskapp/chart/a...', Array)
#4 C:\xampp\htdocs\MS\system\CodeIgniter.php(935): App\Controllers\Deskapp\Charts->apexcharts()
#5 C:\xampp\htdocs\MS\system\CodeIgniter.php(431): CodeIgniter\CodeIgniter->runController(Object(App\Controllers\Deskapp\Charts))
#6 C:\xampp\htdocs\MS\system\CodeIgniter.php(332): CodeIgniter\CodeIgniter->handleRequest(NULL, Object(Config\Cache), false)
#7 C:\xampp\htdocs\MS\index.php(44): CodeIgniter\CodeIgniter->run()
#8 {main}
CRITICAL - 2023-08-15 03:52:35 --> Undefined variable $projectNames
#0 C:\xampp\htdocs\MS\app\Views\deskapp\chart\apexcharts.php(92): CodeIgniter\Debug\Exceptions->errorHandler(2, 'Undefined varia...', 'C:\\xampp\\htdocs...', 92)
#1 C:\xampp\htdocs\MS\system\View\View.php(223): include('C:\\xampp\\htdocs...')
#2 C:\xampp\htdocs\MS\system\Common.php(1213): CodeIgniter\View\View->render('deskapp/chart/a...', Array, true)
#3 C:\xampp\htdocs\MS\app\Controllers\Deskapp\Charts.php(20): view('deskapp/chart/a...', Array)
#4 C:\xampp\htdocs\MS\system\CodeIgniter.php(935): App\Controllers\Deskapp\Charts->apexcharts()
#5 C:\xampp\htdocs\MS\system\CodeIgniter.php(431): CodeIgniter\CodeIgniter->runController(Object(App\Controllers\Deskapp\Charts))
#6 C:\xampp\htdocs\MS\system\CodeIgniter.php(332): CodeIgniter\CodeIgniter->handleRequest(NULL, Object(Config\Cache), false)
#7 C:\xampp\htdocs\MS\index.php(44): CodeIgniter\CodeIgniter->run()
#8 {main}
CRITICAL - 2023-08-15 03:55:26 --> Undefined variable $projectNames
#0 C:\xampp\htdocs\MS\app\Views\deskapp\chart\highchart.php(100): CodeIgniter\Debug\Exceptions->errorHandler(2, 'Undefined varia...', 'C:\\xampp\\htdocs...', 100)
#1 C:\xampp\htdocs\MS\system\View\View.php(223): include('C:\\xampp\\htdocs...')
#2 C:\xampp\htdocs\MS\system\Common.php(1213): CodeIgniter\View\View->render('deskapp/chart/h...', Array, true)
#3 C:\xampp\htdocs\MS\app\Controllers\Deskapp\Charts.php(57): view('deskapp/chart/h...', Array)
#4 C:\xampp\htdocs\MS\system\CodeIgniter.php(935): App\Controllers\Deskapp\Charts->highchart()
#5 C:\xampp\htdocs\MS\system\CodeIgniter.php(431): CodeIgniter\CodeIgniter->runController(Object(App\Controllers\Deskapp\Charts))
#6 C:\xampp\htdocs\MS\system\CodeIgniter.php(332): CodeIgniter\CodeIgniter->handleRequest(NULL, Object(Config\Cache), false)
#7 C:\xampp\htdocs\MS\index.php(44): CodeIgniter\CodeIgniter->run()
#8 {main}
CRITICAL - 2023-08-15 04:32:02 --> Unclosed '{' on line 10
#0 C:\xampp\htdocs\MS\system\Router\Router.php(170): CodeIgniter\Router\Router->autoRoute('deskapp/login')
#1 C:\xampp\htdocs\MS\system\CodeIgniter.php(815): CodeIgniter\Router\Router->handle('deskapp/login')
#2 C:\xampp\htdocs\MS\system\CodeIgniter.php(384): CodeIgniter\CodeIgniter->tryToRouteIt(Object(CodeIgniter\Router\RouteCollection))
#3 C:\xampp\htdocs\MS\system\CodeIgniter.php(332): CodeIgniter\CodeIgniter->handleRequest(NULL, Object(Config\Cache), false)
#4 C:\xampp\htdocs\MS\index.php(44): CodeIgniter\CodeIgniter->run()
#5 {main}
CRITICAL - 2023-08-15 04:32:42 --> Invalid file: deskapp/includes/_sidebar_manager.php
#0 C:\xampp\htdocs\MS\system\View\View.php(207): CodeIgniter\Exceptions\FrameworkException::forInvalidFile('deskapp/include...')
#1 C:\xampp\htdocs\MS\system\Common.php(1213): CodeIgniter\View\View->render('deskapp/include...', Array, true)
#2 C:\xampp\htdocs\MS\app\Controllers\Deskapp\Login.php(90): view('deskapp/include...')
#3 C:\xampp\htdocs\MS\system\CodeIgniter.php(935): App\Controllers\Deskapp\Login->auth()
#4 C:\xampp\htdocs\MS\system\CodeIgniter.php(431): CodeIgniter\CodeIgniter->runController(Object(App\Controllers\Deskapp\Login))
#5 C:\xampp\htdocs\MS\system\CodeIgniter.php(332): CodeIgniter\CodeIgniter->handleRequest(NULL, Object(Config\Cache), false)
#6 C:\xampp\htdocs\MS\index.php(44): CodeIgniter\CodeIgniter->run()
#7 {main}
CRITICAL - 2023-08-15 04:35:25 --> Invalid file: deskapp/includes/_sidebar_manager.php
#0 C:\xampp\htdocs\MS\system\View\View.php(207): CodeIgniter\Exceptions\FrameworkException::forInvalidFile('deskapp/include...')
#1 C:\xampp\htdocs\MS\system\Common.php(1213): CodeIgniter\View\View->render('deskapp/include...', Array, true)
#2 C:\xampp\htdocs\MS\app\Controllers\Deskapp\Login.php(90): view('deskapp/include...')
#3 C:\xampp\htdocs\MS\system\CodeIgniter.php(935): App\Controllers\Deskapp\Login->auth()
#4 C:\xampp\htdocs\MS\system\CodeIgniter.php(431): CodeIgniter\CodeIgniter->runController(Object(App\Controllers\Deskapp\Login))
#5 C:\xampp\htdocs\MS\system\CodeIgniter.php(332): CodeIgniter\CodeIgniter->handleRequest(NULL, Object(Config\Cache), false)
#6 C:\xampp\htdocs\MS\index.php(44): CodeIgniter\CodeIgniter->run()
#7 {main}
CRITICAL - 2023-08-15 05:43:02 --> Undefined variable $projectNames
#0 C:\xampp\htdocs\MS\app\Views\deskapp\chart\highchart.php(100): CodeIgniter\Debug\Exceptions->errorHandler(2, 'Undefined varia...', 'C:\\xampp\\htdocs...', 100)
#1 C:\xampp\htdocs\MS\system\View\View.php(223): include('C:\\xampp\\htdocs...')
#2 C:\xampp\htdocs\MS\system\Common.php(1213): CodeIgniter\View\View->render('deskapp/chart/h...', Array, true)
#3 C:\xampp\htdocs\MS\app\Controllers\Deskapp\Charts.php(57): view('deskapp/chart/h...', Array)
#4 C:\xampp\htdocs\MS\system\CodeIgniter.php(935): App\Controllers\Deskapp\Charts->highchart()
#5 C:\xampp\htdocs\MS\system\CodeIgniter.php(431): CodeIgniter\CodeIgniter->runController(Object(App\Controllers\Deskapp\Charts))
#6 C:\xampp\htdocs\MS\system\CodeIgniter.php(332): CodeIgniter\CodeIgniter->handleRequest(NULL, Object(Config\Cache), false)
#7 C:\xampp\htdocs\MS\index.php(44): CodeIgniter\CodeIgniter->run()
#8 {main}
CRITICAL - 2023-08-15 05:44:05 --> Undefined variable $projectNames
#0 C:\xampp\htdocs\MS\app\Views\deskapp\chart\highchart.php(100): CodeIgniter\Debug\Exceptions->errorHandler(2, 'Undefined varia...', 'C:\\xampp\\htdocs...', 100)
#1 C:\xampp\htdocs\MS\system\View\View.php(223): include('C:\\xampp\\htdocs...')
#2 C:\xampp\htdocs\MS\system\Common.php(1213): CodeIgniter\View\View->render('deskapp/chart/h...', Array, true)
#3 C:\xampp\htdocs\MS\app\Controllers\Deskapp\Charts.php(57): view('deskapp/chart/h...', Array)
#4 C:\xampp\htdocs\MS\system\CodeIgniter.php(935): App\Controllers\Deskapp\Charts->highchart()
#5 C:\xampp\htdocs\MS\system\CodeIgniter.php(431): CodeIgniter\CodeIgniter->runController(Object(App\Controllers\Deskapp\Charts))
#6 C:\xampp\htdocs\MS\system\CodeIgniter.php(332): CodeIgniter\CodeIgniter->handleRequest(NULL, Object(Config\Cache), false)
#7 C:\xampp\htdocs\MS\index.php(44): CodeIgniter\CodeIgniter->run()
#8 {main}
>>>>>>> e727029c9cf404cb59586ca76d3db4bb09ff672e
